[0.009s] Invoking command in '/home/kyo/ros2_ws/src/build/bluerov2_description': CMAKE_PREFIX_PATH=/opt/ros/humble /usr/bin/cmake /home/kyo/ros2_ws/src/bluerov2/bluerov2_description -DCMAKE_INSTALL_PREFIX=/home/kyo/ros2_ws/src/install/bluerov2_description
[0.042s] -- The C compiler identification is GNU 11.4.0
[0.080s] -- The CXX compiler identification is GNU 11.4.0
[0.087s] -- Detecting C compiler ABI info
[0.132s] -- Detecting C compiler ABI info - done
[0.141s] -- Check for working C compiler: /usr/bin/cc - skipped
[0.142s] -- Detecting C compile features
[0.142s] -- Detecting C compile features - done
[0.144s] -- Detecting CXX compiler ABI info
[0.207s] -- Detecting CXX compiler ABI info - done
[0.215s] -- Check for working CXX compiler: /usr/bin/c++ - skipped
[0.216s] -- Detecting CXX compile features
[0.216s] -- Detecting CXX compile features - done
[0.218s] -- Found ament_cmake: 1.3.8 (/opt/ros/humble/share/ament_cmake/cmake)
[0.343s] -- Found Python3: /usr/bin/python3 (found version "3.10.12") found components: Interpreter 
[0.454s] -- Configuring done
[0.456s] -- Generating done
[0.456s] -- Build files have been written to: /home/kyo/ros2_ws/src/build/bluerov2_description
[0.460s] Invoked command in '/home/kyo/ros2_ws/src/build/bluerov2_description' returned '0': CMAKE_PREFIX_PATH=/opt/ros/humble /usr/bin/cmake /home/kyo/ros2_ws/src/bluerov2/bluerov2_description -DCMAKE_INSTALL_PREFIX=/home/kyo/ros2_ws/src/install/bluerov2_description
[0.461s] Invoking command in '/home/kyo/ros2_ws/src/build/bluerov2_description': CMAKE_PREFIX_PATH=/opt/ros/humble /usr/bin/cmake --build /home/kyo/ros2_ws/src/build/bluerov2_description -- -j20 -l20
[0.483s] Invoked command in '/home/kyo/ros2_ws/src/build/bluerov2_description' returned '0': CMAKE_PREFIX_PATH=/opt/ros/humble /usr/bin/cmake --build /home/kyo/ros2_ws/src/build/bluerov2_description -- -j20 -l20
