[0.008s] Invoking command in '/home/kyo/ros2_ws/build/thruster_manager': CMAKE_PREFIX_PATH=/opt/ros/humble /usr/bin/cmake /home/kyo/ros2_ws/src/thruster_manager -DCMAKE_INSTALL_PREFIX=/home/kyo/ros2_ws/install/thruster_manager
[0.044s] -- The C compiler identification is GNU 11.4.0
[0.078s] -- The CXX compiler identification is GNU 11.4.0
[0.083s] -- Detecting C compiler ABI info
[0.123s] -- Detecting C compiler ABI info - done
[0.128s] -- Check for working C compiler: /usr/bin/cc - skipped
[0.129s] -- Detecting C compile features
[0.129s] -- Detecting C compile features - done
[0.131s] -- Detecting CXX compiler ABI info
[0.182s] -- Detecting CXX compiler ABI info - done
[0.187s] -- Check for working CXX compiler: /usr/bin/c++ - skipped
[0.187s] -- Detecting CXX compile features
[0.188s] -- Detecting CXX compile features - done
[0.189s] -- Found ament_cmake: 1.3.8 (/opt/ros/humble/share/ament_cmake/cmake)
[0.293s] -- Found Python3: /usr/bin/python3 (found version "3.10.12") found components: Interpreter 
[0.358s] -- Found rclcpp: 16.0.8 (/opt/ros/humble/share/rclcpp/cmake)
[0.395s] -- Found rosidl_generator_c: 3.1.5 (/opt/ros/humble/share/rosidl_generator_c/cmake)
[0.399s] -- Found rosidl_adapter: 3.1.5 (/opt/ros/humble/share/rosidl_adapter/cmake)
[0.406s] -- Found rosidl_generator_cpp: 3.1.5 (/opt/ros/humble/share/rosidl_generator_cpp/cmake)
[0.417s] -- Using all available rosidl_typesupport_c: rosidl_typesupport_fastrtps_c;rosidl_typesupport_introspection_c
[0.432s] -- Using all available rosidl_typesupport_cpp: rosidl_typesupport_fastrtps_cpp;rosidl_typesupport_introspection_cpp
[0.487s] -- Found rmw_implementation_cmake: 6.1.1 (/opt/ros/humble/share/rmw_implementation_cmake/cmake)
[0.489s] -- Found rmw_fastrtps_cpp: 6.2.6 (/opt/ros/humble/share/rmw_fastrtps_cpp/cmake)
[0.555s] -- Found OpenSSL: /usr/lib/x86_64-linux-gnu/libcrypto.so (found version "3.0.2")  
[0.578s] -- Found FastRTPS: /opt/ros/humble/include  
[0.612s] -- Using RMW implementation 'rmw_fastrtps_cpp' as default
[0.617s] -- Looking for pthread.h
[0.668s] -- Looking for pthread.h - found
[0.668s] -- Performing Test CMAKE_HAVE_LIBC_PTHREAD
[0.722s] -- Performing Test CMAKE_HAVE_LIBC_PTHREAD - Success
[0.723s] -- Found Threads: TRUE  
[0.839s] -- Found geometry_msgs: 4.2.3 (/opt/ros/humble/share/geometry_msgs/cmake)
[0.871s] -- Found sensor_msgs: 4.2.3 (/opt/ros/humble/share/sensor_msgs/cmake)
[0.928s] -- Found tf2_ros: 0.25.6 (/opt/ros/humble/share/tf2_ros/cmake)
[1.165s] -- Found urdf: 2.6.0 (/opt/ros/humble/share/urdf/cmake)
[1.181s] -- Found kdl_parser: 2.6.4 (/opt/ros/humble/share/kdl_parser/cmake)
[1.188s] -- Found eigen3_cmake_module: 0.1.1 (/opt/ros/humble/share/eigen3_cmake_module/cmake)
[1.189s] -- Found Eigen3: TRUE (found version "3.4.0") 
[1.189s] -- Ensuring Eigen3 include directory is part of orocos-kdl CMake target
[1.191s] -- Found rclcpp_lifecycle: 16.0.8 (/opt/ros/humble/share/rclcpp_lifecycle/cmake)
[1.268s] -- Configuring done
[1.281s] -- Generating done
[1.282s] -- Build files have been written to: /home/kyo/ros2_ws/build/thruster_manager
[1.289s] Invoked command in '/home/kyo/ros2_ws/build/thruster_manager' returned '0': CMAKE_PREFIX_PATH=/opt/ros/humble /usr/bin/cmake /home/kyo/ros2_ws/src/thruster_manager -DCMAKE_INSTALL_PREFIX=/home/kyo/ros2_ws/install/thruster_manager
[1.290s] Invoking command in '/home/kyo/ros2_ws/build/thruster_manager': CMAKE_PREFIX_PATH=/opt/ros/humble /usr/bin/cmake --build /home/kyo/ros2_ws/build/thruster_manager -- -j20 -l20
[1.318s] [ 42%] [32mBuilding CXX object CMakeFiles/thruster_manager.dir/src/thruster_manager_node.cpp.o[0m
[1.318s] [ 42%] [32mBuilding CXX object CMakeFiles/thruster_manager.dir/src/thruster_manager.cpp.o[0m
[1.318s] [ 42%] [32mBuilding CXX object CMakeFiles/thruster_manager_node.dir/rclcpp_components/node_main_thruster_manager_node.cpp.o[0m
[3.623s] [ 57%] [32m[1mLinking CXX executable thruster_manager_node[0m
[3.712s] [ 57%] Built target thruster_manager_node
[12.065s] [ 71%] [32m[1mLinking CXX shared library libthruster_manager.so[0m
[12.738s] [ 71%] Built target thruster_manager
[12.750s] [ 85%] [32mBuilding CXX object CMakeFiles/publish_wrenches.dir/src/publish_wrenches.cpp.o[0m
[19.576s] [100%] [32m[1mLinking CXX executable publish_wrenches[0m
[20.053s] [100%] Built target publish_wrenches
[20.060s] Invoked command in '/home/kyo/ros2_ws/build/thruster_manager' returned '0': CMAKE_PREFIX_PATH=/opt/ros/humble /usr/bin/cmake --build /home/kyo/ros2_ws/build/thruster_manager -- -j20 -l20
[20.073s] Invoking command in '/home/kyo/ros2_ws/build/thruster_manager': CMAKE_PREFIX_PATH=/opt/ros/humble /usr/bin/cmake --install /home/kyo/ros2_ws/build/thruster_manager
[20.076s] -- Install configuration: ""
[20.076s] -- Installing: /home/kyo/ros2_ws/install/thruster_manager/share/thruster_manager/environment/library_path.sh
[20.077s] -- Installing: /home/kyo/ros2_ws/install/thruster_manager/share/thruster_manager/environment/library_path.dsv
[20.077s] -- Installing: /home/kyo/ros2_ws/install/thruster_manager/lib/thruster_manager/thruster_manager_node
[20.077s] -- Set runtime path of "/home/kyo/ros2_ws/install/thruster_manager/lib/thruster_manager/thruster_manager_node" to ""
[20.077s] -- Installing: /home/kyo/ros2_ws/install/thruster_manager/lib/libthruster_manager.so
[20.084s] -- Set runtime path of "/home/kyo/ros2_ws/install/thruster_manager/lib/libthruster_manager.so" to ""
[20.085s] -- Installing: /home/kyo/ros2_ws/install/thruster_manager/lib/thruster_manager/publish_wrenches
[20.087s] -- Set runtime path of "/home/kyo/ros2_ws/install/thruster_manager/lib/thruster_manager/publish_wrenches" to ""
[20.087s] -- Installing: /home/kyo/ros2_ws/install/thruster_manager/include
[20.087s] -- Installing: /home/kyo/ros2_ws/install/thruster_manager/include/thruster_manager
[20.088s] -- Installing: /home/kyo/ros2_ws/install/thruster_manager/include/thruster_manager/thruster_manager.h
[20.088s] -- Installing: /home/kyo/ros2_ws/install/thruster_manager/include/thruster_manager/thruster_link.h
[20.088s] -- Installing: /home/kyo/ros2_ws/install/thruster_manager/include/thruster_manager/thruster_manager_node.h
[20.088s] -- Installing: /home/kyo/ros2_ws/install/thruster_manager/include/thruster_manager/model_parser.h
[20.088s] -- Up-to-date: /home/kyo/ros2_ws/install/thruster_manager/include/thruster_manager
[20.088s] -- Installing: /home/kyo/ros2_ws/install/thruster_manager/include/thruster_manager/thruster_manager
[20.088s] -- Installing: /home/kyo/ros2_ws/install/thruster_manager/include/thruster_manager/thruster_manager/thruster_manager.h
[20.088s] -- Installing: /home/kyo/ros2_ws/install/thruster_manager/include/thruster_manager/thruster_manager/thruster_link.h
[20.088s] -- Installing: /home/kyo/ros2_ws/install/thruster_manager/include/thruster_manager/thruster_manager/thruster_manager_node.h
[20.088s] -- Installing: /home/kyo/ros2_ws/install/thruster_manager/include/thruster_manager/thruster_manager/model_parser.h
[20.088s] -- Up-to-date: /home/kyo/ros2_ws/install/thruster_manager/share/thruster_manager/environment/library_path.sh
[20.088s] -- Up-to-date: /home/kyo/ros2_ws/install/thruster_manager/share/thruster_manager/environment/library_path.dsv
[20.088s] -- Installing: /home/kyo/ros2_ws/install/thruster_manager/share/ament_index/resource_index/package_run_dependencies/thruster_manager
[20.088s] -- Installing: /home/kyo/ros2_ws/install/thruster_manager/share/ament_index/resource_index/parent_prefix_path/thruster_manager
[20.088s] -- Installing: /home/kyo/ros2_ws/install/thruster_manager/share/thruster_manager/environment/ament_prefix_path.sh
[20.088s] -- Installing: /home/kyo/ros2_ws/install/thruster_manager/share/thruster_manager/environment/ament_prefix_path.dsv
[20.088s] -- Installing: /home/kyo/ros2_ws/install/thruster_manager/share/thruster_manager/environment/path.sh
[20.088s] -- Installing: /home/kyo/ros2_ws/install/thruster_manager/share/thruster_manager/environment/path.dsv
[20.088s] -- Installing: /home/kyo/ros2_ws/install/thruster_manager/share/thruster_manager/local_setup.bash
[20.088s] -- Installing: /home/kyo/ros2_ws/install/thruster_manager/share/thruster_manager/local_setup.sh
[20.088s] -- Installing: /home/kyo/ros2_ws/install/thruster_manager/share/thruster_manager/local_setup.zsh
[20.088s] -- Installing: /home/kyo/ros2_ws/install/thruster_manager/share/thruster_manager/local_setup.dsv
[20.088s] -- Installing: /home/kyo/ros2_ws/install/thruster_manager/share/thruster_manager/package.dsv
[20.088s] -- Installing: /home/kyo/ros2_ws/install/thruster_manager/share/ament_index/resource_index/packages/thruster_manager
[20.088s] -- Installing: /home/kyo/ros2_ws/install/thruster_manager/share/ament_index/resource_index/rclcpp_components/thruster_manager
[20.088s] -- Installing: /home/kyo/ros2_ws/install/thruster_manager/share/thruster_manager/cmake/ament_cmake_export_libraries-extras.cmake
[20.088s] -- Installing: /home/kyo/ros2_ws/install/thruster_manager/share/thruster_manager/cmake/ament_cmake_export_include_directories-extras.cmake
[20.088s] -- Installing: /home/kyo/ros2_ws/install/thruster_manager/share/thruster_manager/cmake/ament_cmake_export_dependencies-extras.cmake
[20.088s] -- Installing: /home/kyo/ros2_ws/install/thruster_manager/share/thruster_manager/cmake/thruster_managerConfig.cmake
[20.088s] -- Installing: /home/kyo/ros2_ws/install/thruster_manager/share/thruster_manager/cmake/thruster_managerConfig-version.cmake
[20.088s] -- Installing: /home/kyo/ros2_ws/install/thruster_manager/share/thruster_manager/package.xml
[20.090s] Invoked command in '/home/kyo/ros2_ws/build/thruster_manager' returned '0': CMAKE_PREFIX_PATH=/opt/ros/humble /usr/bin/cmake --install /home/kyo/ros2_ws/build/thruster_manager
