-- Found ament_cmake: 1.3.8 (/opt/ros/humble/share/ament_cmake/cmake)
-- Found rclcpp: 16.0.8 (/opt/ros/humble/share/rclcpp/cmake)
-- Found rosidl_generator_c: 3.1.5 (/opt/ros/humble/share/rosidl_generator_c/cmake)
-- Found rosidl_adapter: 3.1.5 (/opt/ros/humble/share/rosidl_adapter/cmake)
-- Found rosidl_generator_cpp: 3.1.5 (/opt/ros/humble/share/rosidl_generator_cpp/cmake)
-- Using all available rosidl_typesupport_c: rosidl_typesupport_fastrtps_c;rosidl_typesupport_introspection_c
-- Using all available rosidl_typesupport_cpp: rosidl_typesupport_fastrtps_cpp;rosidl_typesupport_introspection_cpp
-- Found rmw_implementation_cmake: 6.1.1 (/opt/ros/humble/share/rmw_implementation_cmake/cmake)
-- Found rmw_fastrtps_cpp: 6.2.6 (/opt/ros/humble/share/rmw_fastrtps_cpp/cmake)
-- Using RMW implementation 'rmw_fastrtps_cpp' as default
-- Found geometry_msgs: 4.2.3 (/opt/ros/humble/share/geometry_msgs/cmake)
-- Found sensor_msgs: 4.2.3 (/opt/ros/humble/share/sensor_msgs/cmake)
-- Found nav_msgs: 4.2.3 (/opt/ros/humble/share/nav_msgs/cmake)
-- Found tf2_ros: 0.25.6 (/opt/ros/humble/share/tf2_ros/cmake)
-- Found urdf: 2.6.0 (/opt/ros/humble/share/urdf/cmake)
-- Found thruster_manager: 0.1.0 (/home/kyo/ros2_ws/src/install/thruster_manager/share/thruster_manager/cmake)
-- Found rosidl_default_generators: 1.2.0 (/opt/ros/humble/share/rosidl_default_generators/cmake)
-- Found ament_cmake_ros: 0.10.0 (/opt/ros/humble/share/ament_cmake_ros/cmake)
-- Using all available rosidl_typesupport_c: rosidl_typesupport_fastrtps_c;rosidl_typesupport_introspection_c
-- Using all available rosidl_typesupport_cpp: rosidl_typesupport_fastrtps_cpp;rosidl_typesupport_introspection_cpp
-- Found PythonInterp: /usr/bin/python3 (found suitable version "3.10.12", minimum required is "3.6") 
-- Found python_cmake_module: 0.10.0 (/opt/ros/humble/share/python_cmake_module/cmake)
-- Found PythonLibs: /usr/lib/x86_64-linux-gnu/libpython3.10.so (found suitable version "3.10.12", minimum required is "3.5") 
-- Using PYTHON_EXECUTABLE: /usr/bin/python3
-- Using PYTHON_INCLUDE_DIRS: /usr/include/python3.10
-- Using PYTHON_LIBRARIES: /usr/lib/x86_64-linux-gnu/libpython3.10.so
-- Found PythonExtra: .so  
-- Configuring done
-- Generating done
-- Build files have been written to: /home/kyo/ros2_ws/src/build/auv_control
[  2%] [34m[1mGenerating C code for ROS interfaces[0m
[  5%] [34m[1mGenerating C++ code for ROS interfaces[0m
[  5%] Built target ament_cmake_python_copy_auv_control
running egg_info
creating auv_control.egg-info
writing auv_control.egg-info/PKG-INFO
writing dependency_links to auv_control.egg-info/dependency_links.txt
writing top-level names to auv_control.egg-info/top_level.txt
writing manifest file 'auv_control.egg-info/SOURCES.txt'
reading manifest file 'auv_control.egg-info/SOURCES.txt'
writing manifest file 'auv_control.egg-info/SOURCES.txt'
[  5%] Built target auv_control__cpp
[  7%] [32mBuilding C object CMakeFiles/auv_control__rosidl_generator_c.dir/rosidl_generator_c/auv_control/srv/detail/control__functions.c.o[0m
[ 10%] [34m[1mGenerating C++ type support dispatch for ROS interfaces[0m
[ 12%] [34m[1mGenerating C++ type support for eProsima Fast-RTPS[0m
[ 15%] [34m[1mGenerating C++ introspection for ROS interfaces[0m
[ 15%] Built target ament_cmake_python_build_auv_control_egg
[ 17%] [32m[1mLinking C shared library libauv_control__rosidl_generator_c.so[0m
[ 17%] Built target auv_control__rosidl_generator_c
[ 20%] [34m[1mGenerating C type support for eProsima Fast-RTPS[0m
[ 25%] [34m[1mGenerating C type support dispatch for ROS interfaces[0m
[ 25%] [34m[1mGenerating C introspection for ROS interfaces[0m
[ 28%] [32mBuilding CXX object CMakeFiles/auv_control__rosidl_typesupport_cpp.dir/rosidl_typesupport_cpp/auv_control/srv/control__type_support.cpp.o[0m
[ 30%] [32mBuilding CXX object CMakeFiles/auv_control__rosidl_typesupport_introspection_cpp.dir/rosidl_typesupport_introspection_cpp/auv_control/srv/detail/control__type_support.cpp.o[0m
[ 33%] [32mBuilding CXX object CMakeFiles/auv_control__rosidl_typesupport_fastrtps_cpp.dir/rosidl_typesupport_fastrtps_cpp/auv_control/srv/detail/dds_fastrtps/control__type_support.cpp.o[0m
[ 35%] [32mBuilding CXX object CMakeFiles/auv_control__rosidl_typesupport_c.dir/rosidl_typesupport_c/auv_control/srv/control__type_support.cpp.o[0m
[ 38%] [32m[1mLinking CXX shared library libauv_control__rosidl_typesupport_c.so[0m
[ 41%] [32mBuilding CXX object CMakeFiles/auv_control__rosidl_typesupport_fastrtps_c.dir/rosidl_typesupport_fastrtps_c/auv_control/srv/detail/control__type_support_c.cpp.o[0m
[ 43%] [32mBuilding C object CMakeFiles/auv_control__rosidl_typesupport_introspection_c.dir/rosidl_typesupport_introspection_c/auv_control/srv/detail/control__type_support.c.o[0m
[ 43%] Built target auv_control__rosidl_typesupport_c
[ 46%] [32m[1mLinking C shared library libauv_control__rosidl_typesupport_introspection_c.so[0m
[ 46%] Built target auv_control__rosidl_typesupport_introspection_c
[ 48%] [32m[1mLinking CXX shared library libauv_control__rosidl_typesupport_cpp.so[0m
[ 48%] Built target auv_control__rosidl_typesupport_cpp
[ 51%] [32mBuilding CXX object CMakeFiles/control_common.dir/src/controller_io.cpp.o[0m
[ 53%] [32mBuilding CXX object CMakeFiles/control_common.dir/src/hydrodynamics.cpp.o[0m
[ 56%] [32m[1mLinking CXX shared library libauv_control__rosidl_typesupport_introspection_cpp.so[0m
[ 56%] Built target auv_control__rosidl_typesupport_introspection_cpp
[ 58%] [32m[1mLinking CXX shared library libauv_control__rosidl_typesupport_fastrtps_cpp.so[0m
[ 61%] [32m[1mLinking CXX shared library libauv_control__rosidl_typesupport_fastrtps_c.so[0m
[ 61%] Built target auv_control__rosidl_typesupport_fastrtps_cpp
[ 61%] Built target auv_control__rosidl_typesupport_fastrtps_c
[ 61%] Built target auv_control
[ 64%] [34m[1mGenerating Python code for ROS interfaces[0m
[ 64%] Built target auv_control__py
[ 66%] [32mBuilding C object CMakeFiles/auv_control__rosidl_generator_py.dir/rosidl_generator_py/auv_control/srv/_control_s.c.o[0m
[ 69%] [32m[1mLinking C shared library rosidl_generator_py/auv_control/libauv_control__rosidl_generator_py.so[0m
[ 69%] Built target auv_control__rosidl_generator_py
[ 76%] [32mBuilding C object CMakeFiles/auv_control__rosidl_typesupport_c__pyext.dir/rosidl_generator_py/auv_control/_auv_control_s.ep.rosidl_typesupport_c.c.o[0m
[ 76%] [32mBuilding C object CMakeFiles/auv_control__rosidl_typesupport_introspection_c__pyext.dir/rosidl_generator_py/auv_control/_auv_control_s.ep.rosidl_typesupport_introspection_c.c.o[0m
[ 76%] [32mBuilding C object CMakeFiles/auv_control__rosidl_typesupport_fastrtps_c__pyext.dir/rosidl_generator_py/auv_control/_auv_control_s.ep.rosidl_typesupport_fastrtps_c.c.o[0m
[ 79%] [32m[1mLinking C shared library rosidl_generator_py/auv_control/auv_control_s__rosidl_typesupport_c.cpython-310-x86_64-linux-gnu.so[0m
[ 82%] [32m[1mLinking C shared library rosidl_generator_py/auv_control/auv_control_s__rosidl_typesupport_introspection_c.cpython-310-x86_64-linux-gnu.so[0m
[ 84%] [32m[1mLinking C shared library rosidl_generator_py/auv_control/auv_control_s__rosidl_typesupport_fastrtps_c.cpython-310-x86_64-linux-gnu.so[0m
[ 84%] Built target auv_control__rosidl_typesupport_introspection_c__pyext
[ 84%] Built target auv_control__rosidl_typesupport_c__pyext
[ 84%] Built target auv_control__rosidl_typesupport_fastrtps_c__pyext
[ 87%] [32m[1mLinking CXX shared library libcontrol_common.so[0m
[ 87%] Built target control_common
[ 92%] [32mBuilding CXX object CMakeFiles/cascaded_pid.dir/src/cascaded_pid.cpp.o[0m
[ 92%] [32mBuilding CXX object CMakeFiles/sliding_mode.dir/src/sliding_mode.cpp.o[0m
[ 94%] [32mBuilding CXX object CMakeFiles/cascaded_pid.dir/src/pos_vel_pid.cpp.o[0m
[ 97%] [32m[1mLinking CXX executable sliding_mode[0m
[100%] [32m[1mLinking CXX executable cascaded_pid[0m
[100%] Built target sliding_mode
[100%] Built target cascaded_pid
-- Install configuration: ""
-- Installing: /home/kyo/ros2_ws/src/install/auv_control/share/ament_index/resource_index/rosidl_interfaces/auv_control
-- Installing: /home/kyo/ros2_ws/src/install/auv_control/include/auv_control/auv_control
-- Installing: /home/kyo/ros2_ws/src/install/auv_control/include/auv_control/auv_control/msg
-- Installing: /home/kyo/ros2_ws/src/install/auv_control/include/auv_control/auv_control/msg/rosidl_generator_c__visibility_control.h
-- Installing: /home/kyo/ros2_ws/src/install/auv_control/include/auv_control/auv_control/srv
-- Installing: /home/kyo/ros2_ws/src/install/auv_control/include/auv_control/auv_control/srv/control.h
-- Installing: /home/kyo/ros2_ws/src/install/auv_control/include/auv_control/auv_control/srv/detail
-- Installing: /home/kyo/ros2_ws/src/install/auv_control/include/auv_control/auv_control/srv/detail/control__functions.h
-- Installing: /home/kyo/ros2_ws/src/install/auv_control/include/auv_control/auv_control/srv/detail/control__functions.c
-- Installing: /home/kyo/ros2_ws/src/install/auv_control/include/auv_control/auv_control/srv/detail/control__struct.h
-- Installing: /home/kyo/ros2_ws/src/install/auv_control/include/auv_control/auv_control/srv/detail/control__type_support.h
-- Installing: /home/kyo/ros2_ws/src/install/auv_control/share/auv_control/environment/library_path.sh
-- Installing: /home/kyo/ros2_ws/src/install/auv_control/share/auv_control/environment/library_path.dsv
-- Installing: /home/kyo/ros2_ws/src/install/auv_control/lib/libauv_control__rosidl_generator_c.so
-- Set runtime path of "/home/kyo/ros2_ws/src/install/auv_control/lib/libauv_control__rosidl_generator_c.so" to ""
-- Up-to-date: /home/kyo/ros2_ws/src/install/auv_control/include/auv_control/auv_control
-- Up-to-date: /home/kyo/ros2_ws/src/install/auv_control/include/auv_control/auv_control/msg
-- Installing: /home/kyo/ros2_ws/src/install/auv_control/include/auv_control/auv_control/msg/rosidl_typesupport_fastrtps_c__visibility_control.h
-- Up-to-date: /home/kyo/ros2_ws/src/install/auv_control/include/auv_control/auv_control/srv
-- Up-to-date: /home/kyo/ros2_ws/src/install/auv_control/include/auv_control/auv_control/srv/detail
-- Installing: /home/kyo/ros2_ws/src/install/auv_control/include/auv_control/auv_control/srv/detail/control__rosidl_typesupport_fastrtps_c.h
-- Installing: /home/kyo/ros2_ws/src/install/auv_control/lib/libauv_control__rosidl_typesupport_fastrtps_c.so
-- Set runtime path of "/home/kyo/ros2_ws/src/install/auv_control/lib/libauv_control__rosidl_typesupport_fastrtps_c.so" to ""
-- Up-to-date: /home/kyo/ros2_ws/src/install/auv_control/include/auv_control/auv_control
-- Up-to-date: /home/kyo/ros2_ws/src/install/auv_control/include/auv_control/auv_control/srv
-- Installing: /home/kyo/ros2_ws/src/install/auv_control/include/auv_control/auv_control/srv/control.hpp
-- Up-to-date: /home/kyo/ros2_ws/src/install/auv_control/include/auv_control/auv_control/srv/detail
-- Installing: /home/kyo/ros2_ws/src/install/auv_control/include/auv_control/auv_control/srv/detail/control__traits.hpp
-- Installing: /home/kyo/ros2_ws/src/install/auv_control/include/auv_control/auv_control/srv/detail/control__struct.hpp
-- Installing: /home/kyo/ros2_ws/src/install/auv_control/include/auv_control/auv_control/srv/detail/control__builder.hpp
-- Up-to-date: /home/kyo/ros2_ws/src/install/auv_control/include/auv_control/auv_control
-- Up-to-date: /home/kyo/ros2_ws/src/install/auv_control/include/auv_control/auv_control/msg
-- Installing: /home/kyo/ros2_ws/src/install/auv_control/include/auv_control/auv_control/msg/rosidl_typesupport_fastrtps_cpp__visibility_control.h
-- Up-to-date: /home/kyo/ros2_ws/src/install/auv_control/include/auv_control/auv_control/srv
-- Up-to-date: /home/kyo/ros2_ws/src/install/auv_control/include/auv_control/auv_control/srv/detail
-- Installing: /home/kyo/ros2_ws/src/install/auv_control/include/auv_control/auv_control/srv/detail/dds_fastrtps
-- Installing: /home/kyo/ros2_ws/src/install/auv_control/include/auv_control/auv_control/srv/detail/control__rosidl_typesupport_fastrtps_cpp.hpp
-- Installing: /home/kyo/ros2_ws/src/install/auv_control/lib/libauv_control__rosidl_typesupport_fastrtps_cpp.so
-- Set runtime path of "/home/kyo/ros2_ws/src/install/auv_control/lib/libauv_control__rosidl_typesupport_fastrtps_cpp.so" to ""
-- Up-to-date: /home/kyo/ros2_ws/src/install/auv_control/include/auv_control/auv_control
-- Up-to-date: /home/kyo/ros2_ws/src/install/auv_control/include/auv_control/auv_control/msg
-- Installing: /home/kyo/ros2_ws/src/install/auv_control/include/auv_control/auv_control/msg/rosidl_typesupport_introspection_c__visibility_control.h
-- Up-to-date: /home/kyo/ros2_ws/src/install/auv_control/include/auv_control/auv_control/srv
-- Up-to-date: /home/kyo/ros2_ws/src/install/auv_control/include/auv_control/auv_control/srv/detail
-- Installing: /home/kyo/ros2_ws/src/install/auv_control/include/auv_control/auv_control/srv/detail/control__type_support.c
-- Installing: /home/kyo/ros2_ws/src/install/auv_control/include/auv_control/auv_control/srv/detail/control__rosidl_typesupport_introspection_c.h
-- Installing: /home/kyo/ros2_ws/src/install/auv_control/lib/libauv_control__rosidl_typesupport_introspection_c.so
-- Set runtime path of "/home/kyo/ros2_ws/src/install/auv_control/lib/libauv_control__rosidl_typesupport_introspection_c.so" to ""
-- Installing: /home/kyo/ros2_ws/src/install/auv_control/lib/libauv_control__rosidl_typesupport_c.so
-- Set runtime path of "/home/kyo/ros2_ws/src/install/auv_control/lib/libauv_control__rosidl_typesupport_c.so" to ""
-- Up-to-date: /home/kyo/ros2_ws/src/install/auv_control/include/auv_control/auv_control
-- Up-to-date: /home/kyo/ros2_ws/src/install/auv_control/include/auv_control/auv_control/srv
-- Up-to-date: /home/kyo/ros2_ws/src/install/auv_control/include/auv_control/auv_control/srv/detail
-- Installing: /home/kyo/ros2_ws/src/install/auv_control/include/auv_control/auv_control/srv/detail/control__rosidl_typesupport_introspection_cpp.hpp
-- Installing: /home/kyo/ros2_ws/src/install/auv_control/include/auv_control/auv_control/srv/detail/control__type_support.cpp
-- Installing: /home/kyo/ros2_ws/src/install/auv_control/lib/libauv_control__rosidl_typesupport_introspection_cpp.so
-- Set runtime path of "/home/kyo/ros2_ws/src/install/auv_control/lib/libauv_control__rosidl_typesupport_introspection_cpp.so" to ""
-- Installing: /home/kyo/ros2_ws/src/install/auv_control/lib/libauv_control__rosidl_typesupport_cpp.so
-- Set runtime path of "/home/kyo/ros2_ws/src/install/auv_control/lib/libauv_control__rosidl_typesupport_cpp.so" to ""
-- Installing: /home/kyo/ros2_ws/src/install/auv_control/share/auv_control/environment/pythonpath.sh
-- Installing: /home/kyo/ros2_ws/src/install/auv_control/share/auv_control/environment/pythonpath.dsv
-- Installing: /home/kyo/ros2_ws/src/install/auv_control/local/lib/python3.10/dist-packages/auv_control-0.0.1-py3.10.egg-info
-- Installing: /home/kyo/ros2_ws/src/install/auv_control/local/lib/python3.10/dist-packages/auv_control-0.0.1-py3.10.egg-info/dependency_links.txt
-- Installing: /home/kyo/ros2_ws/src/install/auv_control/local/lib/python3.10/dist-packages/auv_control-0.0.1-py3.10.egg-info/top_level.txt
-- Installing: /home/kyo/ros2_ws/src/install/auv_control/local/lib/python3.10/dist-packages/auv_control-0.0.1-py3.10.egg-info/SOURCES.txt
-- Installing: /home/kyo/ros2_ws/src/install/auv_control/local/lib/python3.10/dist-packages/auv_control-0.0.1-py3.10.egg-info/PKG-INFO
-- Installing: /home/kyo/ros2_ws/src/install/auv_control/local/lib/python3.10/dist-packages/auv_control
-- Installing: /home/kyo/ros2_ws/src/install/auv_control/local/lib/python3.10/dist-packages/auv_control/_auv_control_s.ep.rosidl_typesupport_c.c
-- Installing: /home/kyo/ros2_ws/src/install/auv_control/local/lib/python3.10/dist-packages/auv_control/libauv_control__rosidl_generator_py.so
-- Installing: /home/kyo/ros2_ws/src/install/auv_control/local/lib/python3.10/dist-packages/auv_control/auv_control_s__rosidl_typesupport_fastrtps_c.cpython-310-x86_64-linux-gnu.so
-- Installing: /home/kyo/ros2_ws/src/install/auv_control/local/lib/python3.10/dist-packages/auv_control/auv_control_s__rosidl_typesupport_c.cpython-310-x86_64-linux-gnu.so
-- Installing: /home/kyo/ros2_ws/src/install/auv_control/local/lib/python3.10/dist-packages/auv_control/_auv_control_s.ep.rosidl_typesupport_fastrtps_c.c
-- Installing: /home/kyo/ros2_ws/src/install/auv_control/local/lib/python3.10/dist-packages/auv_control/_auv_control_s.ep.rosidl_typesupport_introspection_c.c
-- Installing: /home/kyo/ros2_ws/src/install/auv_control/local/lib/python3.10/dist-packages/auv_control/srv
-- Installing: /home/kyo/ros2_ws/src/install/auv_control/local/lib/python3.10/dist-packages/auv_control/srv/_control_s.c
-- Installing: /home/kyo/ros2_ws/src/install/auv_control/local/lib/python3.10/dist-packages/auv_control/srv/_control.py
-- Installing: /home/kyo/ros2_ws/src/install/auv_control/local/lib/python3.10/dist-packages/auv_control/srv/__init__.py
-- Installing: /home/kyo/ros2_ws/src/install/auv_control/local/lib/python3.10/dist-packages/auv_control/auv_control_s__rosidl_typesupport_introspection_c.cpython-310-x86_64-linux-gnu.so
-- Installing: /home/kyo/ros2_ws/src/install/auv_control/local/lib/python3.10/dist-packages/auv_control/__init__.py
Listing '/home/kyo/ros2_ws/src/install/auv_control/local/lib/python3.10/dist-packages/auv_control'...
Compiling '/home/kyo/ros2_ws/src/install/auv_control/local/lib/python3.10/dist-packages/auv_control/__init__.py'...
Listing '/home/kyo/ros2_ws/src/install/auv_control/local/lib/python3.10/dist-packages/auv_control/srv'...
Compiling '/home/kyo/ros2_ws/src/install/auv_control/local/lib/python3.10/dist-packages/auv_control/srv/__init__.py'...
Compiling '/home/kyo/ros2_ws/src/install/auv_control/local/lib/python3.10/dist-packages/auv_control/srv/_control.py'...
-- Installing: /home/kyo/ros2_ws/src/install/auv_control/local/lib/python3.10/dist-packages/auv_control/auv_control_s__rosidl_typesupport_fastrtps_c.cpython-310-x86_64-linux-gnu.so
-- Set runtime path of "/home/kyo/ros2_ws/src/install/auv_control/local/lib/python3.10/dist-packages/auv_control/auv_control_s__rosidl_typesupport_fastrtps_c.cpython-310-x86_64-linux-gnu.so" to ""
-- Installing: /home/kyo/ros2_ws/src/install/auv_control/local/lib/python3.10/dist-packages/auv_control/auv_control_s__rosidl_typesupport_introspection_c.cpython-310-x86_64-linux-gnu.so
-- Set runtime path of "/home/kyo/ros2_ws/src/install/auv_control/local/lib/python3.10/dist-packages/auv_control/auv_control_s__rosidl_typesupport_introspection_c.cpython-310-x86_64-linux-gnu.so" to ""
-- Installing: /home/kyo/ros2_ws/src/install/auv_control/local/lib/python3.10/dist-packages/auv_control/auv_control_s__rosidl_typesupport_c.cpython-310-x86_64-linux-gnu.so
-- Set runtime path of "/home/kyo/ros2_ws/src/install/auv_control/local/lib/python3.10/dist-packages/auv_control/auv_control_s__rosidl_typesupport_c.cpython-310-x86_64-linux-gnu.so" to ""
-- Installing: /home/kyo/ros2_ws/src/install/auv_control/lib/libauv_control__rosidl_generator_py.so
-- Set runtime path of "/home/kyo/ros2_ws/src/install/auv_control/lib/libauv_control__rosidl_generator_py.so" to ""
-- Installing: /home/kyo/ros2_ws/src/install/auv_control/share/auv_control/srv/Control.idl
-- Installing: /home/kyo/ros2_ws/src/install/auv_control/share/auv_control/srv/Control.srv
-- Installing: /home/kyo/ros2_ws/src/install/auv_control/share/auv_control/srv/Control_Request.msg
-- Installing: /home/kyo/ros2_ws/src/install/auv_control/share/auv_control/srv/Control_Response.msg
-- Up-to-date: /home/kyo/ros2_ws/src/install/auv_control/share/auv_control/environment/library_path.sh
-- Up-to-date: /home/kyo/ros2_ws/src/install/auv_control/share/auv_control/environment/library_path.dsv
-- Installing: /home/kyo/ros2_ws/src/install/auv_control/lib/libcontrol_common.so
-- Set runtime path of "/home/kyo/ros2_ws/src/install/auv_control/lib/libcontrol_common.so" to ""
-- Installing: /home/kyo/ros2_ws/src/install/auv_control/lib/auv_control/cascaded_pid
-- Set runtime path of "/home/kyo/ros2_ws/src/install/auv_control/lib/auv_control/cascaded_pid" to ""
-- Installing: /home/kyo/ros2_ws/src/install/auv_control/lib/auv_control/sliding_mode
-- Set runtime path of "/home/kyo/ros2_ws/src/install/auv_control/lib/auv_control/sliding_mode" to ""
-- Installing: /home/kyo/ros2_ws/src/install/auv_control/share/auv_control/launch
-- Installing: /home/kyo/ros2_ws/src/install/auv_control/share/auv_control/launch/vel_setpoint.yaml
-- Installing: /home/kyo/ros2_ws/src/install/auv_control/share/auv_control/launch/pose_setpoint.yaml
-- Installing: /home/kyo/ros2_ws/src/install/auv_control/share/auv_control/launch/wrench_launch.py
-- Installing: /home/kyo/ros2_ws/src/install/auv_control/share/auv_control/launch/wrench.yaml
-- Installing: /home/kyo/ros2_ws/src/install/auv_control/share/auv_control/launch/pose_launch.py
-- Installing: /home/kyo/ros2_ws/src/install/auv_control/share/ament_index/resource_index/package_run_dependencies/auv_control
-- Installing: /home/kyo/ros2_ws/src/install/auv_control/share/ament_index/resource_index/parent_prefix_path/auv_control
-- Installing: /home/kyo/ros2_ws/src/install/auv_control/share/auv_control/environment/ament_prefix_path.sh
-- Installing: /home/kyo/ros2_ws/src/install/auv_control/share/auv_control/environment/ament_prefix_path.dsv
-- Installing: /home/kyo/ros2_ws/src/install/auv_control/share/auv_control/environment/path.sh
-- Installing: /home/kyo/ros2_ws/src/install/auv_control/share/auv_control/environment/path.dsv
-- Installing: /home/kyo/ros2_ws/src/install/auv_control/share/auv_control/local_setup.bash
-- Installing: /home/kyo/ros2_ws/src/install/auv_control/share/auv_control/local_setup.sh
-- Installing: /home/kyo/ros2_ws/src/install/auv_control/share/auv_control/local_setup.zsh
-- Installing: /home/kyo/ros2_ws/src/install/auv_control/share/auv_control/local_setup.dsv
-- Installing: /home/kyo/ros2_ws/src/install/auv_control/share/auv_control/package.dsv
-- Installing: /home/kyo/ros2_ws/src/install/auv_control/share/ament_index/resource_index/packages/auv_control
-- Installing: /home/kyo/ros2_ws/src/install/auv_control/share/auv_control/cmake/export_auv_control__rosidl_generator_cExport.cmake
-- Installing: /home/kyo/ros2_ws/src/install/auv_control/share/auv_control/cmake/export_auv_control__rosidl_generator_cExport-noconfig.cmake
-- Installing: /home/kyo/ros2_ws/src/install/auv_control/share/auv_control/cmake/export_auv_control__rosidl_typesupport_fastrtps_cExport.cmake
-- Installing: /home/kyo/ros2_ws/src/install/auv_control/share/auv_control/cmake/export_auv_control__rosidl_typesupport_fastrtps_cExport-noconfig.cmake
-- Installing: /home/kyo/ros2_ws/src/install/auv_control/share/auv_control/cmake/export_auv_control__rosidl_generator_cppExport.cmake
-- Installing: /home/kyo/ros2_ws/src/install/auv_control/share/auv_control/cmake/export_auv_control__rosidl_typesupport_fastrtps_cppExport.cmake
-- Installing: /home/kyo/ros2_ws/src/install/auv_control/share/auv_control/cmake/export_auv_control__rosidl_typesupport_fastrtps_cppExport-noconfig.cmake
-- Installing: /home/kyo/ros2_ws/src/install/auv_control/share/auv_control/cmake/auv_control__rosidl_typesupport_introspection_cExport.cmake
-- Installing: /home/kyo/ros2_ws/src/install/auv_control/share/auv_control/cmake/auv_control__rosidl_typesupport_introspection_cExport-noconfig.cmake
-- Installing: /home/kyo/ros2_ws/src/install/auv_control/share/auv_control/cmake/auv_control__rosidl_typesupport_cExport.cmake
-- Installing: /home/kyo/ros2_ws/src/install/auv_control/share/auv_control/cmake/auv_control__rosidl_typesupport_cExport-noconfig.cmake
-- Installing: /home/kyo/ros2_ws/src/install/auv_control/share/auv_control/cmake/auv_control__rosidl_typesupport_introspection_cppExport.cmake
-- Installing: /home/kyo/ros2_ws/src/install/auv_control/share/auv_control/cmake/auv_control__rosidl_typesupport_introspection_cppExport-noconfig.cmake
-- Installing: /home/kyo/ros2_ws/src/install/auv_control/share/auv_control/cmake/auv_control__rosidl_typesupport_cppExport.cmake
-- Installing: /home/kyo/ros2_ws/src/install/auv_control/share/auv_control/cmake/auv_control__rosidl_typesupport_cppExport-noconfig.cmake
-- Installing: /home/kyo/ros2_ws/src/install/auv_control/share/auv_control/cmake/export_auv_control__rosidl_generator_pyExport.cmake
-- Installing: /home/kyo/ros2_ws/src/install/auv_control/share/auv_control/cmake/export_auv_control__rosidl_generator_pyExport-noconfig.cmake
-- Installing: /home/kyo/ros2_ws/src/install/auv_control/share/auv_control/cmake/rosidl_cmake-extras.cmake
-- Installing: /home/kyo/ros2_ws/src/install/auv_control/share/auv_control/cmake/ament_cmake_export_include_directories-extras.cmake
-- Installing: /home/kyo/ros2_ws/src/install/auv_control/share/auv_control/cmake/ament_cmake_export_libraries-extras.cmake
-- Installing: /home/kyo/ros2_ws/src/install/auv_control/share/auv_control/cmake/ament_cmake_export_targets-extras.cmake
-- Installing: /home/kyo/ros2_ws/src/install/auv_control/share/auv_control/cmake/rosidl_cmake_export_typesupport_targets-extras.cmake
-- Installing: /home/kyo/ros2_ws/src/install/auv_control/share/auv_control/cmake/ament_cmake_export_dependencies-extras.cmake
-- Installing: /home/kyo/ros2_ws/src/install/auv_control/share/auv_control/cmake/rosidl_cmake_export_typesupport_libraries-extras.cmake
-- Installing: /home/kyo/ros2_ws/src/install/auv_control/share/auv_control/cmake/auv_controlConfig.cmake
-- Installing: /home/kyo/ros2_ws/src/install/auv_control/share/auv_control/cmake/auv_controlConfig-version.cmake
-- Installing: /home/kyo/ros2_ws/src/install/auv_control/share/auv_control/package.xml
