[0.007s] Invoking command in '/home/kyo/ros2_ws/src/build/bluerov2_control': AMENT_PREFIX_PATH=/home/kyo/ros2_ws/src/install/auv_control:/home/kyo/ros2_ws/src/install/thruster_manager:${AMENT_PREFIX_PATH} CMAKE_PREFIX_PATH=/home/kyo/ros2_ws/src/install/auv_control:/home/kyo/ros2_ws/src/install/thruster_manager:/opt/ros/humble LD_LIBRARY_PATH=/home/kyo/ros2_ws/src/install/auv_control/lib:/home/kyo/ros2_ws/src/install/thruster_manager/lib:${LD_LIBRARY_PATH} PYTHONPATH=/home/kyo/ros2_ws/src/install/auv_control/local/lib/python3.10/dist-packages:${PYTHONPATH} /usr/bin/cmake /home/kyo/ros2_ws/src/bluerov2/bluerov2_control -DCMAKE_INSTALL_PREFIX=/home/kyo/ros2_ws/src/install/bluerov2_control
[0.012s] -- Found ament_cmake: 1.3.8 (/opt/ros/humble/share/ament_cmake/cmake)
[0.119s] -- Configuring done
[0.121s] -- Generating done
[0.121s] -- Build files have been written to: /home/kyo/ros2_ws/src/build/bluerov2_control
[0.123s] Invoked command in '/home/kyo/ros2_ws/src/build/bluerov2_control' returned '0': AMENT_PREFIX_PATH=/home/kyo/ros2_ws/src/install/auv_control:/home/kyo/ros2_ws/src/install/thruster_manager:${AMENT_PREFIX_PATH} CMAKE_PREFIX_PATH=/home/kyo/ros2_ws/src/install/auv_control:/home/kyo/ros2_ws/src/install/thruster_manager:/opt/ros/humble LD_LIBRARY_PATH=/home/kyo/ros2_ws/src/install/auv_control/lib:/home/kyo/ros2_ws/src/install/thruster_manager/lib:${LD_LIBRARY_PATH} PYTHONPATH=/home/kyo/ros2_ws/src/install/auv_control/local/lib/python3.10/dist-packages:${PYTHONPATH} /usr/bin/cmake /home/kyo/ros2_ws/src/bluerov2/bluerov2_control -DCMAKE_INSTALL_PREFIX=/home/kyo/ros2_ws/src/install/bluerov2_control
[0.123s] Invoking command in '/home/kyo/ros2_ws/src/build/bluerov2_control': AMENT_PREFIX_PATH=/home/kyo/ros2_ws/src/install/auv_control:/home/kyo/ros2_ws/src/install/thruster_manager:${AMENT_PREFIX_PATH} CMAKE_PREFIX_PATH=/home/kyo/ros2_ws/src/install/auv_control:/home/kyo/ros2_ws/src/install/thruster_manager:/opt/ros/humble LD_LIBRARY_PATH=/home/kyo/ros2_ws/src/install/auv_control/lib:/home/kyo/ros2_ws/src/install/thruster_manager/lib:${LD_LIBRARY_PATH} PYTHONPATH=/home/kyo/ros2_ws/src/install/auv_control/local/lib/python3.10/dist-packages:${PYTHONPATH} /usr/bin/cmake --build /home/kyo/ros2_ws/src/build/bluerov2_control -- -j20 -l20
[0.144s] Invoked command in '/home/kyo/ros2_ws/src/build/bluerov2_control' returned '0': AMENT_PREFIX_PATH=/home/kyo/ros2_ws/src/install/auv_control:/home/kyo/ros2_ws/src/install/thruster_manager:${AMENT_PREFIX_PATH} CMAKE_PREFIX_PATH=/home/kyo/ros2_ws/src/install/auv_control:/home/kyo/ros2_ws/src/install/thruster_manager:/opt/ros/humble LD_LIBRARY_PATH=/home/kyo/ros2_ws/src/install/auv_control/lib:/home/kyo/ros2_ws/src/install/thruster_manager/lib:${LD_LIBRARY_PATH} PYTHONPATH=/home/kyo/ros2_ws/src/install/auv_control/local/lib/python3.10/dist-packages:${PYTHONPATH} /usr/bin/cmake --build /home/kyo/ros2_ws/src/build/bluerov2_control -- -j20 -l20
[0.154s] Invoking command in '/home/kyo/ros2_ws/src/build/bluerov2_control': AMENT_PREFIX_PATH=/home/kyo/ros2_ws/src/install/auv_control:/home/kyo/ros2_ws/src/install/thruster_manager:${AMENT_PREFIX_PATH} CMAKE_PREFIX_PATH=/home/kyo/ros2_ws/src/install/auv_control:/home/kyo/ros2_ws/src/install/thruster_manager:/opt/ros/humble LD_LIBRARY_PATH=/home/kyo/ros2_ws/src/install/auv_control/lib:/home/kyo/ros2_ws/src/install/thruster_manager/lib:${LD_LIBRARY_PATH} PYTHONPATH=/home/kyo/ros2_ws/src/install/auv_control/local/lib/python3.10/dist-packages:${PYTHONPATH} /usr/bin/cmake --install /home/kyo/ros2_ws/src/build/bluerov2_control
[0.157s] -- Install configuration: ""
[0.157s] -- Installing: /home/kyo/ros2_ws/src/install/bluerov2_control/share/bluerov2_control/launch
[0.157s] -- Installing: /home/kyo/ros2_ws/src/install/bluerov2_control/share/bluerov2_control/launch/cascaded_pids_launch.py
[0.157s] -- Installing: /home/kyo/ros2_ws/src/install/bluerov2_control/share/bluerov2_control/launch/rviz_launch.py
[0.157s] -- Installing: /home/kyo/ros2_ws/src/install/bluerov2_control/share/bluerov2_control/launch/wrench_launch.py
[0.157s] -- Installing: /home/kyo/ros2_ws/src/install/bluerov2_control/share/bluerov2_control/config
[0.157s] -- Installing: /home/kyo/ros2_ws/src/install/bluerov2_control/share/bluerov2_control/config/bluerov2.rviz
[0.157s] -- Installing: /home/kyo/ros2_ws/src/install/bluerov2_control/share/bluerov2_control/config/tilt.yaml
[0.157s] -- Installing: /home/kyo/ros2_ws/src/install/bluerov2_control/share/bluerov2_control/config/cascaded_pid.yaml
[0.157s] -- Installing: /home/kyo/ros2_ws/src/install/bluerov2_control/share/bluerov2_control/config/thruster_manager.yaml
[0.157s] -- Installing: /home/kyo/ros2_ws/src/install/bluerov2_control/share/bluerov2_control/config/manual.yaml
[0.157s] -- Installing: /home/kyo/ros2_ws/src/install/bluerov2_control/share/bluerov2_control/config/anchors.yaml
[0.157s] -- Installing: /home/kyo/ros2_ws/src/install/bluerov2_control/share/ament_index/resource_index/package_run_dependencies/bluerov2_control
[0.158s] -- Installing: /home/kyo/ros2_ws/src/install/bluerov2_control/share/ament_index/resource_index/parent_prefix_path/bluerov2_control
[0.158s] -- Installing: /home/kyo/ros2_ws/src/install/bluerov2_control/share/bluerov2_control/environment/ament_prefix_path.sh
[0.158s] -- Installing: /home/kyo/ros2_ws/src/install/bluerov2_control/share/bluerov2_control/environment/ament_prefix_path.dsv
[0.158s] -- Installing: /home/kyo/ros2_ws/src/install/bluerov2_control/share/bluerov2_control/environment/path.sh
[0.158s] -- Installing: /home/kyo/ros2_ws/src/install/bluerov2_control/share/bluerov2_control/environment/path.dsv
[0.158s] -- Installing: /home/kyo/ros2_ws/src/install/bluerov2_control/share/bluerov2_control/local_setup.bash
[0.158s] -- Installing: /home/kyo/ros2_ws/src/install/bluerov2_control/share/bluerov2_control/local_setup.sh
[0.158s] -- Installing: /home/kyo/ros2_ws/src/install/bluerov2_control/share/bluerov2_control/local_setup.zsh
[0.158s] -- Installing: /home/kyo/ros2_ws/src/install/bluerov2_control/share/bluerov2_control/local_setup.dsv
[0.158s] -- Installing: /home/kyo/ros2_ws/src/install/bluerov2_control/share/bluerov2_control/package.dsv
[0.158s] -- Installing: /home/kyo/ros2_ws/src/install/bluerov2_control/share/ament_index/resource_index/packages/bluerov2_control
[0.158s] -- Installing: /home/kyo/ros2_ws/src/install/bluerov2_control/share/bluerov2_control/cmake/bluerov2_controlConfig.cmake
[0.158s] -- Installing: /home/kyo/ros2_ws/src/install/bluerov2_control/share/bluerov2_control/cmake/bluerov2_controlConfig-version.cmake
[0.158s] -- Installing: /home/kyo/ros2_ws/src/install/bluerov2_control/share/bluerov2_control/package.xml
[0.159s] Invoked command in '/home/kyo/ros2_ws/src/build/bluerov2_control' returned '0': AMENT_PREFIX_PATH=/home/kyo/ros2_ws/src/install/auv_control:/home/kyo/ros2_ws/src/install/thruster_manager:${AMENT_PREFIX_PATH} CMAKE_PREFIX_PATH=/home/kyo/ros2_ws/src/install/auv_control:/home/kyo/ros2_ws/src/install/thruster_manager:/opt/ros/humble LD_LIBRARY_PATH=/home/kyo/ros2_ws/src/install/auv_control/lib:/home/kyo/ros2_ws/src/install/thruster_manager/lib:${LD_LIBRARY_PATH} PYTHONPATH=/home/kyo/ros2_ws/src/install/auv_control/local/lib/python3.10/dist-packages:${PYTHONPATH} /usr/bin/cmake --install /home/kyo/ros2_ws/src/build/bluerov2_control
