[0.006s] Invoking command in '/home/kyo/ros2_ws/src/build/thruster_manager': CMAKE_PREFIX_PATH=/opt/ros/humble /usr/bin/cmake /home/kyo/ros2_ws/src/thruster_manager -DCMAKE_INSTALL_PREFIX=/home/kyo/ros2_ws/src/install/thruster_manager
[0.037s] -- The C compiler identification is GNU 11.4.0
[0.068s] -- The CXX compiler identification is GNU 11.4.0
[0.072s] -- Detecting C compiler ABI info
[0.109s] -- Detecting C compiler ABI info - done
[0.113s] -- Check for working C compiler: /usr/bin/cc - skipped
[0.114s] -- Detecting C compile features
[0.114s] -- Detecting C compile features - done
[0.116s] -- Detecting CXX compiler ABI info
[0.161s] -- Detecting CXX compiler ABI info - done
[0.165s] -- Check for working CXX compiler: /usr/bin/c++ - skipped
[0.165s] -- Detecting CXX compile features
[0.166s] -- Detecting CXX compile features - done
[0.167s] -- Found ament_cmake: 1.3.8 (/opt/ros/humble/share/ament_cmake/cmake)
[0.257s] -- Found Python3: /usr/bin/python3 (found version "3.10.12") found components: Interpreter 
[0.306s] -- Found rclcpp: 16.0.8 (/opt/ros/humble/share/rclcpp/cmake)
[0.329s] -- Found rosidl_generator_c: 3.1.5 (/opt/ros/humble/share/rosidl_generator_c/cmake)
[0.331s] -- Found rosidl_adapter: 3.1.5 (/opt/ros/humble/share/rosidl_adapter/cmake)
[0.336s] -- Found rosidl_generator_cpp: 3.1.5 (/opt/ros/humble/share/rosidl_generator_cpp/cmake)
[0.344s] -- Using all available rosidl_typesupport_c: rosidl_typesupport_fastrtps_c;rosidl_typesupport_introspection_c
[0.355s] -- Using all available rosidl_typesupport_cpp: rosidl_typesupport_fastrtps_cpp;rosidl_typesupport_introspection_cpp
[0.396s] -- Found rmw_implementation_cmake: 6.1.1 (/opt/ros/humble/share/rmw_implementation_cmake/cmake)
[0.397s] -- Found rmw_fastrtps_cpp: 6.2.6 (/opt/ros/humble/share/rmw_fastrtps_cpp/cmake)
[0.450s] -- Found OpenSSL: /usr/lib/x86_64-linux-gnu/libcrypto.so (found version "3.0.2")  
[0.467s] -- Found FastRTPS: /opt/ros/humble/include  
[0.496s] -- Using RMW implementation 'rmw_fastrtps_cpp' as default
[0.501s] -- Looking for pthread.h
[0.540s] -- Looking for pthread.h - found
[0.540s] -- Performing Test CMAKE_HAVE_LIBC_PTHREAD
[0.581s] -- Performing Test CMAKE_HAVE_LIBC_PTHREAD - Success
[0.581s] -- Found Threads: TRUE  
[0.681s] -- Found geometry_msgs: 4.2.3 (/opt/ros/humble/share/geometry_msgs/cmake)
[0.708s] -- Found sensor_msgs: 4.2.3 (/opt/ros/humble/share/sensor_msgs/cmake)
[0.762s] -- Found tf2_ros: 0.25.6 (/opt/ros/humble/share/tf2_ros/cmake)
[0.977s] -- Found urdf: 2.6.0 (/opt/ros/humble/share/urdf/cmake)
[0.992s] -- Found kdl_parser: 2.6.4 (/opt/ros/humble/share/kdl_parser/cmake)
[0.998s] -- Found eigen3_cmake_module: 0.1.1 (/opt/ros/humble/share/eigen3_cmake_module/cmake)
[0.999s] -- Found Eigen3: TRUE (found version "3.4.0") 
[0.999s] -- Ensuring Eigen3 include directory is part of orocos-kdl CMake target
[1.001s] -- Found rclcpp_lifecycle: 16.0.8 (/opt/ros/humble/share/rclcpp_lifecycle/cmake)
[1.072s] -- Configuring done
[1.084s] -- Generating done
[1.085s] -- Build files have been written to: /home/kyo/ros2_ws/src/build/thruster_manager
[1.094s] Invoked command in '/home/kyo/ros2_ws/src/build/thruster_manager' returned '0': CMAKE_PREFIX_PATH=/opt/ros/humble /usr/bin/cmake /home/kyo/ros2_ws/src/thruster_manager -DCMAKE_INSTALL_PREFIX=/home/kyo/ros2_ws/src/install/thruster_manager
[1.094s] Invoking command in '/home/kyo/ros2_ws/src/build/thruster_manager': CMAKE_PREFIX_PATH=/opt/ros/humble /usr/bin/cmake --build /home/kyo/ros2_ws/src/build/thruster_manager -- -j20 -l20
[1.119s] [ 28%] [32mBuilding CXX object CMakeFiles/thruster_manager.dir/src/thruster_manager.cpp.o[0m
[1.119s] [ 28%] [32mBuilding CXX object CMakeFiles/thruster_manager.dir/src/thruster_manager_node.cpp.o[0m
[1.119s] [ 42%] [32mBuilding CXX object CMakeFiles/thruster_manager_node.dir/rclcpp_components/node_main_thruster_manager_node.cpp.o[0m
[3.373s] [ 57%] [32m[1mLinking CXX executable thruster_manager_node[0m
[3.466s] [ 57%] Built target thruster_manager_node
[11.425s] [ 71%] [32m[1mLinking CXX shared library libthruster_manager.so[0m
[12.077s] [ 71%] Built target thruster_manager
[12.088s] [ 85%] [32mBuilding CXX object CMakeFiles/publish_wrenches.dir/src/publish_wrenches.cpp.o[0m
[18.512s] [100%] [32m[1mLinking CXX executable publish_wrenches[0m
[19.027s] [100%] Built target publish_wrenches
[19.038s] Invoked command in '/home/kyo/ros2_ws/src/build/thruster_manager' returned '0': CMAKE_PREFIX_PATH=/opt/ros/humble /usr/bin/cmake --build /home/kyo/ros2_ws/src/build/thruster_manager -- -j20 -l20
[19.052s] Invoking command in '/home/kyo/ros2_ws/src/build/thruster_manager': CMAKE_PREFIX_PATH=/opt/ros/humble /usr/bin/cmake --install /home/kyo/ros2_ws/src/build/thruster_manager
[19.056s] -- Install configuration: ""
[19.056s] -- Installing: /home/kyo/ros2_ws/src/install/thruster_manager/share/thruster_manager/environment/library_path.sh
[19.056s] -- Installing: /home/kyo/ros2_ws/src/install/thruster_manager/share/thruster_manager/environment/library_path.dsv
[19.056s] -- Installing: /home/kyo/ros2_ws/src/install/thruster_manager/lib/thruster_manager/thruster_manager_node
[19.057s] -- Set runtime path of "/home/kyo/ros2_ws/src/install/thruster_manager/lib/thruster_manager/thruster_manager_node" to ""
[19.057s] -- Installing: /home/kyo/ros2_ws/src/install/thruster_manager/lib/libthruster_manager.so
[19.064s] -- Set runtime path of "/home/kyo/ros2_ws/src/install/thruster_manager/lib/libthruster_manager.so" to ""
[19.064s] -- Installing: /home/kyo/ros2_ws/src/install/thruster_manager/lib/thruster_manager/publish_wrenches
[19.067s] -- Set runtime path of "/home/kyo/ros2_ws/src/install/thruster_manager/lib/thruster_manager/publish_wrenches" to ""
[19.067s] -- Installing: /home/kyo/ros2_ws/src/install/thruster_manager/include
[19.067s] -- Installing: /home/kyo/ros2_ws/src/install/thruster_manager/include/thruster_manager
[19.067s] -- Installing: /home/kyo/ros2_ws/src/install/thruster_manager/include/thruster_manager/thruster_manager.h
[19.067s] -- Installing: /home/kyo/ros2_ws/src/install/thruster_manager/include/thruster_manager/thruster_link.h
[19.067s] -- Installing: /home/kyo/ros2_ws/src/install/thruster_manager/include/thruster_manager/thruster_manager_node.h
[19.068s] -- Installing: /home/kyo/ros2_ws/src/install/thruster_manager/include/thruster_manager/model_parser.h
[19.068s] -- Up-to-date: /home/kyo/ros2_ws/src/install/thruster_manager/include/thruster_manager
[19.068s] -- Installing: /home/kyo/ros2_ws/src/install/thruster_manager/include/thruster_manager/thruster_manager
[19.068s] -- Installing: /home/kyo/ros2_ws/src/install/thruster_manager/include/thruster_manager/thruster_manager/thruster_manager.h
[19.068s] -- Installing: /home/kyo/ros2_ws/src/install/thruster_manager/include/thruster_manager/thruster_manager/thruster_link.h
[19.068s] -- Installing: /home/kyo/ros2_ws/src/install/thruster_manager/include/thruster_manager/thruster_manager/thruster_manager_node.h
[19.068s] -- Installing: /home/kyo/ros2_ws/src/install/thruster_manager/include/thruster_manager/thruster_manager/model_parser.h
[19.068s] -- Up-to-date: /home/kyo/ros2_ws/src/install/thruster_manager/share/thruster_manager/environment/library_path.sh
[19.068s] -- Up-to-date: /home/kyo/ros2_ws/src/install/thruster_manager/share/thruster_manager/environment/library_path.dsv
[19.068s] -- Installing: /home/kyo/ros2_ws/src/install/thruster_manager/share/ament_index/resource_index/package_run_dependencies/thruster_manager
[19.068s] -- Installing: /home/kyo/ros2_ws/src/install/thruster_manager/share/ament_index/resource_index/parent_prefix_path/thruster_manager
[19.068s] -- Installing: /home/kyo/ros2_ws/src/install/thruster_manager/share/thruster_manager/environment/ament_prefix_path.sh
[19.069s] -- Installing: /home/kyo/ros2_ws/src/install/thruster_manager/share/thruster_manager/environment/ament_prefix_path.dsv
[19.069s] -- Installing: /home/kyo/ros2_ws/src/install/thruster_manager/share/thruster_manager/environment/path.sh
[19.069s] -- Installing: /home/kyo/ros2_ws/src/install/thruster_manager/share/thruster_manager/environment/path.dsv
[19.069s] -- Installing: /home/kyo/ros2_ws/src/install/thruster_manager/share/thruster_manager/local_setup.bash
[19.069s] -- Installing: /home/kyo/ros2_ws/src/install/thruster_manager/share/thruster_manager/local_setup.sh
[19.069s] -- Installing: /home/kyo/ros2_ws/src/install/thruster_manager/share/thruster_manager/local_setup.zsh
[19.069s] -- Installing: /home/kyo/ros2_ws/src/install/thruster_manager/share/thruster_manager/local_setup.dsv
[19.069s] -- Installing: /home/kyo/ros2_ws/src/install/thruster_manager/share/thruster_manager/package.dsv
[19.069s] -- Installing: /home/kyo/ros2_ws/src/install/thruster_manager/share/ament_index/resource_index/packages/thruster_manager
[19.069s] -- Installing: /home/kyo/ros2_ws/src/install/thruster_manager/share/ament_index/resource_index/rclcpp_components/thruster_manager
[19.069s] -- Installing: /home/kyo/ros2_ws/src/install/thruster_manager/share/thruster_manager/cmake/ament_cmake_export_libraries-extras.cmake
[19.069s] -- Installing: /home/kyo/ros2_ws/src/install/thruster_manager/share/thruster_manager/cmake/ament_cmake_export_include_directories-extras.cmake
[19.069s] -- Installing: /home/kyo/ros2_ws/src/install/thruster_manager/share/thruster_manager/cmake/ament_cmake_export_dependencies-extras.cmake
[19.069s] -- Installing: /home/kyo/ros2_ws/src/install/thruster_manager/share/thruster_manager/cmake/thruster_managerConfig.cmake
[19.069s] -- Installing: /home/kyo/ros2_ws/src/install/thruster_manager/share/thruster_manager/cmake/thruster_managerConfig-version.cmake
[19.069s] -- Installing: /home/kyo/ros2_ws/src/install/thruster_manager/share/thruster_manager/package.xml
[19.070s] Invoked command in '/home/kyo/ros2_ws/src/build/thruster_manager' returned '0': CMAKE_PREFIX_PATH=/opt/ros/humble /usr/bin/cmake --install /home/kyo/ros2_ws/src/build/thruster_manager
