[0.011s] Invoking command in '/home/kyo/ros2_ws/build/thruster_manager': CMAKE_PREFIX_PATH=/opt/ros/humble /usr/bin/cmake --build /home/kyo/ros2_ws/build/thruster_manager -- -j20 -l20
[0.051s] [35m[1mConsolidate compiler generated dependencies of target thruster_manager_node[0m
[0.051s] [35m[1mConsolidate compiler generated dependencies of target thruster_manager[0m
[0.070s] [ 28%] Built target thruster_manager_node
[0.077s] [ 71%] Built target thruster_manager
[0.084s] [35m[1mConsolidate compiler generated dependencies of target publish_wrenches[0m
[0.095s] [100%] Built target publish_wrenches
[0.101s] Invoked command in '/home/kyo/ros2_ws/build/thruster_manager' returned '0': CMAKE_PREFIX_PATH=/opt/ros/humble /usr/bin/cmake --build /home/kyo/ros2_ws/build/thruster_manager -- -j20 -l20
[0.118s] Invoking command in '/home/kyo/ros2_ws/build/thruster_manager': CMAKE_PREFIX_PATH=/opt/ros/humble /usr/bin/cmake --install /home/kyo/ros2_ws/build/thruster_manager
[0.123s] -- Install configuration: ""
[0.124s] -- Up-to-date: /home/kyo/ros2_ws/install/thruster_manager/share/thruster_manager/environment/library_path.sh
[0.124s] -- Up-to-date: /home/kyo/ros2_ws/install/thruster_manager/share/thruster_manager/environment/library_path.dsv
[0.124s] -- Up-to-date: /home/kyo/ros2_ws/install/thruster_manager/lib/thruster_manager/thruster_manager_node
[0.125s] -- Up-to-date: /home/kyo/ros2_ws/install/thruster_manager/lib/libthruster_manager.so
[0.125s] -- Up-to-date: /home/kyo/ros2_ws/install/thruster_manager/lib/thruster_manager/publish_wrenches
[0.125s] -- Up-to-date: /home/kyo/ros2_ws/install/thruster_manager/include
[0.125s] -- Up-to-date: /home/kyo/ros2_ws/install/thruster_manager/include/thruster_manager
[0.125s] -- Up-to-date: /home/kyo/ros2_ws/install/thruster_manager/include/thruster_manager/thruster_manager.h
[0.125s] -- Up-to-date: /home/kyo/ros2_ws/install/thruster_manager/include/thruster_manager/thruster_link.h
[0.125s] -- Up-to-date: /home/kyo/ros2_ws/install/thruster_manager/include/thruster_manager/thruster_manager_node.h
[0.125s] -- Up-to-date: /home/kyo/ros2_ws/install/thruster_manager/include/thruster_manager/model_parser.h
[0.125s] -- Up-to-date: /home/kyo/ros2_ws/install/thruster_manager/include/thruster_manager
[0.125s] -- Up-to-date: /home/kyo/ros2_ws/install/thruster_manager/include/thruster_manager/thruster_manager
[0.126s] -- Up-to-date: /home/kyo/ros2_ws/install/thruster_manager/include/thruster_manager/thruster_manager/thruster_manager.h
[0.126s] -- Up-to-date: /home/kyo/ros2_ws/install/thruster_manager/include/thruster_manager/thruster_manager/thruster_link.h
[0.126s] -- Up-to-date: /home/kyo/ros2_ws/install/thruster_manager/include/thruster_manager/thruster_manager/thruster_manager_node.h
[0.126s] -- Up-to-date: /home/kyo/ros2_ws/install/thruster_manager/include/thruster_manager/thruster_manager/model_parser.h
[0.126s] -- Up-to-date: /home/kyo/ros2_ws/install/thruster_manager/share/thruster_manager/environment/library_path.sh
[0.126s] -- Up-to-date: /home/kyo/ros2_ws/install/thruster_manager/share/thruster_manager/environment/library_path.dsv
[0.126s] -- Up-to-date: /home/kyo/ros2_ws/install/thruster_manager/share/ament_index/resource_index/package_run_dependencies/thruster_manager
[0.126s] -- Up-to-date: /home/kyo/ros2_ws/install/thruster_manager/share/ament_index/resource_index/parent_prefix_path/thruster_manager
[0.126s] -- Up-to-date: /home/kyo/ros2_ws/install/thruster_manager/share/thruster_manager/environment/ament_prefix_path.sh
[0.126s] -- Up-to-date: /home/kyo/ros2_ws/install/thruster_manager/share/thruster_manager/environment/ament_prefix_path.dsv
[0.126s] -- Up-to-date: /home/kyo/ros2_ws/install/thruster_manager/share/thruster_manager/environment/path.sh
[0.126s] -- Up-to-date: /home/kyo/ros2_ws/install/thruster_manager/share/thruster_manager/environment/path.dsv
[0.127s] -- Up-to-date: /home/kyo/ros2_ws/install/thruster_manager/share/thruster_manager/local_setup.bash
[0.127s] -- Up-to-date: /home/kyo/ros2_ws/install/thruster_manager/share/thruster_manager/local_setup.sh
[0.127s] -- Up-to-date: /home/kyo/ros2_ws/install/thruster_manager/share/thruster_manager/local_setup.zsh
[0.127s] -- Up-to-date: /home/kyo/ros2_ws/install/thruster_manager/share/thruster_manager/local_setup.dsv
[0.127s] -- Installing: /home/kyo/ros2_ws/install/thruster_manager/share/thruster_manager/package.dsv
[0.127s] -- Up-to-date: /home/kyo/ros2_ws/install/thruster_manager/share/ament_index/resource_index/packages/thruster_manager
[0.127s] -- Up-to-date: /home/kyo/ros2_ws/install/thruster_manager/share/ament_index/resource_index/rclcpp_components/thruster_manager
[0.127s] -- Up-to-date: /home/kyo/ros2_ws/install/thruster_manager/share/thruster_manager/cmake/ament_cmake_export_libraries-extras.cmake
[0.127s] -- Up-to-date: /home/kyo/ros2_ws/install/thruster_manager/share/thruster_manager/cmake/ament_cmake_export_include_directories-extras.cmake
[0.127s] -- Up-to-date: /home/kyo/ros2_ws/install/thruster_manager/share/thruster_manager/cmake/ament_cmake_export_dependencies-extras.cmake
[0.127s] -- Up-to-date: /home/kyo/ros2_ws/install/thruster_manager/share/thruster_manager/cmake/thruster_managerConfig.cmake
[0.127s] -- Up-to-date: /home/kyo/ros2_ws/install/thruster_manager/share/thruster_manager/cmake/thruster_managerConfig-version.cmake
[0.127s] -- Up-to-date: /home/kyo/ros2_ws/install/thruster_manager/share/thruster_manager/package.xml
[0.128s] Invoked command in '/home/kyo/ros2_ws/build/thruster_manager' returned '0': CMAKE_PREFIX_PATH=/opt/ros/humble /usr/bin/cmake --install /home/kyo/ros2_ws/build/thruster_manager
