[0.008s] Invoking command in '/home/kyo/ros2_ws/build/bluerov2_control': AMENT_PREFIX_PATH=/home/kyo/ros2_ws/install/auv_control:/home/kyo/ros2_ws/install/thruster_manager:${AMENT_PREFIX_PATH} CMAKE_PREFIX_PATH=/home/kyo/ros2_ws/install/auv_control:/home/kyo/ros2_ws/install/thruster_manager:/opt/ros/humble LD_LIBRARY_PATH=/home/kyo/ros2_ws/install/auv_control/lib:/home/kyo/ros2_ws/install/thruster_manager/lib:${LD_LIBRARY_PATH} PYTHONPATH=/home/kyo/ros2_ws/install/auv_control/local/lib/python3.10/dist-packages:${PYTHONPATH} /usr/bin/cmake /home/kyo/ros2_ws/src/bluerov2/bluerov2_control -DCMAKE_INSTALL_PREFIX=/home/kyo/ros2_ws/install/bluerov2_control
[0.050s] -- The C compiler identification is GNU 11.4.0
[0.094s] -- The CXX compiler identification is GNU 11.4.0
[0.099s] -- Detecting C compiler ABI info
[0.148s] -- Detecting C compiler ABI info - done
[0.154s] -- Check for working C compiler: /usr/bin/cc - skipped
[0.154s] -- Detecting C compile features
[0.154s] -- Detecting C compile features - done
[0.157s] -- Detecting CXX compiler ABI info
[0.216s] -- Detecting CXX compiler ABI info - done
[0.222s] -- Check for working CXX compiler: /usr/bin/c++ - skipped
[0.222s] -- Detecting CXX compile features
[0.222s] -- Detecting CXX compile features - done
[0.223s] -- Found ament_cmake: 1.3.8 (/opt/ros/humble/share/ament_cmake/cmake)
[0.339s] -- Found Python3: /usr/bin/python3 (found version "3.10.12") found components: Interpreter 
[0.450s] -- Configuring done
[0.451s] -- Generating done
[0.452s] -- Build files have been written to: /home/kyo/ros2_ws/build/bluerov2_control
[0.456s] Invoked command in '/home/kyo/ros2_ws/build/bluerov2_control' returned '0': AMENT_PREFIX_PATH=/home/kyo/ros2_ws/install/auv_control:/home/kyo/ros2_ws/install/thruster_manager:${AMENT_PREFIX_PATH} CMAKE_PREFIX_PATH=/home/kyo/ros2_ws/install/auv_control:/home/kyo/ros2_ws/install/thruster_manager:/opt/ros/humble LD_LIBRARY_PATH=/home/kyo/ros2_ws/install/auv_control/lib:/home/kyo/ros2_ws/install/thruster_manager/lib:${LD_LIBRARY_PATH} PYTHONPATH=/home/kyo/ros2_ws/install/auv_control/local/lib/python3.10/dist-packages:${PYTHONPATH} /usr/bin/cmake /home/kyo/ros2_ws/src/bluerov2/bluerov2_control -DCMAKE_INSTALL_PREFIX=/home/kyo/ros2_ws/install/bluerov2_control
[0.456s] Invoking command in '/home/kyo/ros2_ws/build/bluerov2_control': AMENT_PREFIX_PATH=/home/kyo/ros2_ws/install/auv_control:/home/kyo/ros2_ws/install/thruster_manager:${AMENT_PREFIX_PATH} CMAKE_PREFIX_PATH=/home/kyo/ros2_ws/install/auv_control:/home/kyo/ros2_ws/install/thruster_manager:/opt/ros/humble LD_LIBRARY_PATH=/home/kyo/ros2_ws/install/auv_control/lib:/home/kyo/ros2_ws/install/thruster_manager/lib:${LD_LIBRARY_PATH} PYTHONPATH=/home/kyo/ros2_ws/install/auv_control/local/lib/python3.10/dist-packages:${PYTHONPATH} /usr/bin/cmake --build /home/kyo/ros2_ws/build/bluerov2_control -- -j20 -l20
[0.479s] Invoked command in '/home/kyo/ros2_ws/build/bluerov2_control' returned '0': AMENT_PREFIX_PATH=/home/kyo/ros2_ws/install/auv_control:/home/kyo/ros2_ws/install/thruster_manager:${AMENT_PREFIX_PATH} CMAKE_PREFIX_PATH=/home/kyo/ros2_ws/install/auv_control:/home/kyo/ros2_ws/install/thruster_manager:/opt/ros/humble LD_LIBRARY_PATH=/home/kyo/ros2_ws/install/auv_control/lib:/home/kyo/ros2_ws/install/thruster_manager/lib:${LD_LIBRARY_PATH} PYTHONPATH=/home/kyo/ros2_ws/install/auv_control/local/lib/python3.10/dist-packages:${PYTHONPATH} /usr/bin/cmake --build /home/kyo/ros2_ws/build/bluerov2_control -- -j20 -l20
[0.492s] Invoking command in '/home/kyo/ros2_ws/build/bluerov2_control': AMENT_PREFIX_PATH=/home/kyo/ros2_ws/install/auv_control:/home/kyo/ros2_ws/install/thruster_manager:${AMENT_PREFIX_PATH} CMAKE_PREFIX_PATH=/home/kyo/ros2_ws/install/auv_control:/home/kyo/ros2_ws/install/thruster_manager:/opt/ros/humble LD_LIBRARY_PATH=/home/kyo/ros2_ws/install/auv_control/lib:/home/kyo/ros2_ws/install/thruster_manager/lib:${LD_LIBRARY_PATH} PYTHONPATH=/home/kyo/ros2_ws/install/auv_control/local/lib/python3.10/dist-packages:${PYTHONPATH} /usr/bin/cmake --install /home/kyo/ros2_ws/build/bluerov2_control
[0.499s] -- Install configuration: ""
[0.499s] -- Installing: /home/kyo/ros2_ws/install/bluerov2_control/share/bluerov2_control/launch
[0.499s] -- Installing: /home/kyo/ros2_ws/install/bluerov2_control/share/bluerov2_control/launch/cascaded_pids_launch.py
[0.499s] -- Installing: /home/kyo/ros2_ws/install/bluerov2_control/share/bluerov2_control/launch/rviz_launch.py
[0.499s] -- Installing: /home/kyo/ros2_ws/install/bluerov2_control/share/bluerov2_control/launch/wrench_launch.py
[0.499s] -- Installing: /home/kyo/ros2_ws/install/bluerov2_control/share/bluerov2_control/config
[0.499s] -- Installing: /home/kyo/ros2_ws/install/bluerov2_control/share/bluerov2_control/config/bluerov2.rviz
[0.499s] -- Installing: /home/kyo/ros2_ws/install/bluerov2_control/share/bluerov2_control/config/tilt.yaml
[0.500s] -- Installing: /home/kyo/ros2_ws/install/bluerov2_control/share/bluerov2_control/config/cascaded_pid.yaml
[0.500s] -- Installing: /home/kyo/ros2_ws/install/bluerov2_control/share/bluerov2_control/config/thruster_manager.yaml
[0.500s] -- Installing: /home/kyo/ros2_ws/install/bluerov2_control/share/bluerov2_control/config/manual.yaml
[0.500s] -- Installing: /home/kyo/ros2_ws/install/bluerov2_control/share/bluerov2_control/config/anchors.yaml
[0.500s] -- Installing: /home/kyo/ros2_ws/install/bluerov2_control/share/ament_index/resource_index/package_run_dependencies/bluerov2_control
[0.500s] -- Installing: /home/kyo/ros2_ws/install/bluerov2_control/share/ament_index/resource_index/parent_prefix_path/bluerov2_control
[0.500s] -- Installing: /home/kyo/ros2_ws/install/bluerov2_control/share/bluerov2_control/environment/ament_prefix_path.sh
[0.500s] -- Installing: /home/kyo/ros2_ws/install/bluerov2_control/share/bluerov2_control/environment/ament_prefix_path.dsv
[0.500s] -- Installing: /home/kyo/ros2_ws/install/bluerov2_control/share/bluerov2_control/environment/path.sh
[0.500s] -- Installing: /home/kyo/ros2_ws/install/bluerov2_control/share/bluerov2_control/environment/path.dsv
[0.500s] -- Installing: /home/kyo/ros2_ws/install/bluerov2_control/share/bluerov2_control/local_setup.bash
[0.500s] -- Installing: /home/kyo/ros2_ws/install/bluerov2_control/share/bluerov2_control/local_setup.sh
[0.500s] -- Installing: /home/kyo/ros2_ws/install/bluerov2_control/share/bluerov2_control/local_setup.zsh
[0.500s] -- Installing: /home/kyo/ros2_ws/install/bluerov2_control/share/bluerov2_control/local_setup.dsv
[0.500s] -- Installing: /home/kyo/ros2_ws/install/bluerov2_control/share/bluerov2_control/package.dsv
[0.500s] -- Installing: /home/kyo/ros2_ws/install/bluerov2_control/share/ament_index/resource_index/packages/bluerov2_control
[0.500s] -- Installing: /home/kyo/ros2_ws/install/bluerov2_control/share/bluerov2_control/cmake/bluerov2_controlConfig.cmake
[0.500s] -- Installing: /home/kyo/ros2_ws/install/bluerov2_control/share/bluerov2_control/cmake/bluerov2_controlConfig-version.cmake
[0.500s] -- Installing: /home/kyo/ros2_ws/install/bluerov2_control/share/bluerov2_control/package.xml
[0.502s] Invoked command in '/home/kyo/ros2_ws/build/bluerov2_control' returned '0': AMENT_PREFIX_PATH=/home/kyo/ros2_ws/install/auv_control:/home/kyo/ros2_ws/install/thruster_manager:${AMENT_PREFIX_PATH} CMAKE_PREFIX_PATH=/home/kyo/ros2_ws/install/auv_control:/home/kyo/ros2_ws/install/thruster_manager:/opt/ros/humble LD_LIBRARY_PATH=/home/kyo/ros2_ws/install/auv_control/lib:/home/kyo/ros2_ws/install/thruster_manager/lib:${LD_LIBRARY_PATH} PYTHONPATH=/home/kyo/ros2_ws/install/auv_control/local/lib/python3.10/dist-packages:${PYTHONPATH} /usr/bin/cmake --install /home/kyo/ros2_ws/build/bluerov2_control
