[0.050s] DEBUG:colcon:Command line arguments: ['/usr/bin/colcon', 'build', '--path', '/home/kyo/ros2_ws']
[0.050s] DEBUG:colcon:Parsed command line arguments: Namespace(log_base=None, log_level=None, verb_name='build', build_base='build', install_base='install', merge_install=False, symlink_install=False, test_result_base=None, continue_on_error=False, executor='parallel', parallel_workers=20, event_handlers=None, ignore_user_meta=False, metas=['./colcon.meta'], base_paths=['.'], packages_ignore=None, packages_ignore_regex=None, paths=['/home/kyo/ros2_ws'], packages_up_to=None, packages_up_to_regex=None, packages_above=None, packages_above_and_dependencies=None, packages_above_depth=None, packages_select_by_dep=None, packages_skip_by_dep=None, packages_skip_up_to=None, packages_select_build_failed=False, packages_skip_build_finished=False, packages_select_test_failures=False, packages_skip_test_passed=False, packages_select=None, packages_skip=None, packages_select_regex=None, packages_skip_regex=None, packages_start=None, packages_end=None, allow_overriding=[], cmake_args=None, cmake_target=None, cmake_target_skip_unavailable=False, cmake_clean_cache=False, cmake_clean_first=False, cmake_force_configure=False, ament_cmake_args=None, catkin_cmake_args=None, catkin_skip_building_tests=False, verb_parser=<colcon_defaults.argument_parser.defaults.DefaultArgumentsDecorator object at 0x7fa924ca89d0>, verb_extension=<colcon_core.verb.build.BuildVerb object at 0x7fa924ca83d0>, main=<bound method BuildVerb.main of <colcon_core.verb.build.BuildVerb object at 0x7fa924ca83d0>>)
[0.124s] Level 1:colcon.colcon_core.package_discovery:discover_packages(colcon_meta) check parameters
[0.124s] Level 1:colcon.colcon_core.package_discovery:discover_packages(recursive) check parameters
[0.124s] Level 1:colcon.colcon_core.package_discovery:discover_packages(ignore) check parameters
[0.124s] Level 1:colcon.colcon_core.package_discovery:discover_packages(path) check parameters
[0.124s] Level 1:colcon.colcon_core.package_discovery:discover_packages(path) discover
[0.124s] Level 1:colcon.colcon_core.package_discovery:PathPackageDiscovery.discover(['/home/kyo/ros2_ws'])
[0.124s] Level 1:colcon.colcon_core.package_identification:_identify(/home/kyo/ros2_ws) by extensions ['ignore', 'ignore_ament_install']
[0.124s] Level 1:colcon.colcon_core.package_identification:_identify(/home/kyo/ros2_ws) by extension 'ignore'
[0.124s] Level 1:colcon.colcon_core.package_identification:_identify(/home/kyo/ros2_ws) by extension 'ignore_ament_install'
[0.124s] Level 1:colcon.colcon_core.package_identification:_identify(/home/kyo/ros2_ws) by extensions ['colcon_pkg']
[0.124s] Level 1:colcon.colcon_core.package_identification:_identify(/home/kyo/ros2_ws) by extension 'colcon_pkg'
[0.124s] Level 1:colcon.colcon_core.package_identification:_identify(/home/kyo/ros2_ws) by extensions ['colcon_meta']
[0.124s] Level 1:colcon.colcon_core.package_identification:_identify(/home/kyo/ros2_ws) by extension 'colcon_meta'
[0.124s] Level 1:colcon.colcon_core.package_identification:_identify(/home/kyo/ros2_ws) by extensions ['ros']
[0.124s] Level 1:colcon.colcon_core.package_identification:_identify(/home/kyo/ros2_ws) by extension 'ros'
[0.132s] Level 1:colcon.colcon_core.package_identification:_identify(/home/kyo/ros2_ws) by extensions ['cmake', 'python']
[0.132s] Level 1:colcon.colcon_core.package_identification:_identify(/home/kyo/ros2_ws) by extension 'cmake'
[0.133s] Level 1:colcon.colcon_core.package_identification:_identify(/home/kyo/ros2_ws) by extension 'python'
[0.133s] Level 1:colcon.colcon_core.package_identification:_identify(/home/kyo/ros2_ws) by extensions ['python_setup_py']
[0.133s] Level 1:colcon.colcon_core.package_identification:_identify(/home/kyo/ros2_ws) by extension 'python_setup_py'
[0.133s] Level 1:colcon.colcon_core.package_discovery:discover_packages(path) using defaults
[0.142s] Level 1:colcon.colcon_core.package_discovery:discover_packages(prefix_path) check parameters
[0.142s] Level 1:colcon.colcon_core.package_discovery:discover_packages(prefix_path) discover
[0.143s] DEBUG:colcon.colcon_installed_package_information.package_discovery:Found 286 installed packages in /opt/ros/humble
[0.149s] Level 1:colcon.colcon_core.package_discovery:discover_packages(prefix_path) using defaults
[0.166s] INFO:colcon.colcon_core.executor:Executing jobs using 'parallel' executor
[0.166s] DEBUG:colcon.colcon_parallel_executor.executor.parallel:run_until_complete
[0.166s] DEBUG:colcon.colcon_parallel_executor.executor.parallel:closing loop
[0.167s] DEBUG:colcon.colcon_parallel_executor.executor.parallel:loop closed
[0.167s] DEBUG:colcon.colcon_parallel_executor.executor.parallel:run_until_complete finished with '0'
[0.167s] DEBUG:colcon.colcon_core.event_reactor:joining thread
[0.169s] INFO:colcon.colcon_core.plugin_system:Skipping extension 'colcon_notification.desktop_notification.terminal_notifier': Not used on non-Darwin systems
[0.169s] INFO:colcon.colcon_core.plugin_system:Skipping extension 'colcon_notification.desktop_notification.win32': Not used on non-Windows systems
[0.169s] INFO:colcon.colcon_notification.desktop_notification:Sending desktop notification using 'notify2'
[0.180s] DEBUG:colcon.colcon_core.event_reactor:joined thread
[0.181s] INFO:colcon.colcon_core.plugin_system:Skipping extension 'colcon_core.shell.bat': Not used on non-Windows systems
[0.181s] INFO:colcon.colcon_core.shell:Creating prefix script '/home/kyo/ros2_ws/install/local_setup.ps1'
[0.182s] INFO:colcon.colcon_core.shell:Creating prefix util module '/home/kyo/ros2_ws/install/_local_setup_util_ps1.py'
[0.183s] INFO:colcon.colcon_core.shell:Creating prefix chain script '/home/kyo/ros2_ws/install/setup.ps1'
[0.183s] INFO:colcon.colcon_core.shell:Creating prefix script '/home/kyo/ros2_ws/install/local_setup.sh'
[0.183s] INFO:colcon.colcon_core.shell:Creating prefix util module '/home/kyo/ros2_ws/install/_local_setup_util_sh.py'
[0.183s] INFO:colcon.colcon_core.shell:Creating prefix chain script '/home/kyo/ros2_ws/install/setup.sh'
[0.184s] INFO:colcon.colcon_core.shell:Creating prefix script '/home/kyo/ros2_ws/install/local_setup.bash'
[0.184s] INFO:colcon.colcon_core.shell:Creating prefix chain script '/home/kyo/ros2_ws/install/setup.bash'
[0.185s] INFO:colcon.colcon_core.shell:Creating prefix script '/home/kyo/ros2_ws/install/local_setup.zsh'
[0.185s] INFO:colcon.colcon_core.shell:Creating prefix chain script '/home/kyo/ros2_ws/install/setup.zsh'
