[0.051s] DEBUG:colcon:Command line arguments: ['/usr/bin/colcon', 'build']
[0.051s] DEBUG:colcon:Parsed command line arguments: Namespace(log_base=None, log_level=None, verb_name='build', build_base='build', install_base='install', merge_install=False, symlink_install=False, test_result_base=None, continue_on_error=False, executor='parallel', parallel_workers=20, event_handlers=None, ignore_user_meta=False, metas=['./colcon.meta'], base_paths=['.'], packages_ignore=None, packages_ignore_regex=None, paths=None, packages_up_to=None, packages_up_to_regex=None, packages_above=None, packages_above_and_dependencies=None, packages_above_depth=None, packages_select_by_dep=None, packages_skip_by_dep=None, packages_skip_up_to=None, packages_select_build_failed=False, packages_skip_build_finished=False, packages_select_test_failures=False, packages_skip_test_passed=False, packages_select=None, packages_skip=None, packages_select_regex=None, packages_skip_regex=None, packages_start=None, packages_end=None, allow_overriding=[], cmake_args=None, cmake_target=None, cmake_target_skip_unavailable=False, cmake_clean_cache=False, cmake_clean_first=False, cmake_force_configure=False, ament_cmake_args=None, catkin_cmake_args=None, catkin_skip_building_tests=False, verb_parser=<colcon_defaults.argument_parser.defaults.DefaultArgumentsDecorator object at 0x7fc8878749a0>, verb_extension=<colcon_core.verb.build.BuildVerb object at 0x7fc8878743a0>, main=<bound method BuildVerb.main of <colcon_core.verb.build.BuildVerb object at 0x7fc8878743a0>>)
[0.124s] Level 1:colcon.colcon_core.package_discovery:discover_packages(colcon_meta) check parameters
[0.124s] Level 1:colcon.colcon_core.package_discovery:discover_packages(recursive) check parameters
[0.124s] Level 1:colcon.colcon_core.package_discovery:discover_packages(ignore) check parameters
[0.124s] Level 1:colcon.colcon_core.package_discovery:discover_packages(path) check parameters
[0.124s] Level 1:colcon.colcon_core.package_discovery:discover_packages(colcon_meta) discover
[0.124s] Level 1:colcon.colcon_core.package_discovery:discover_packages(recursive) discover
[0.124s] INFO:colcon.colcon_core.package_discovery:Crawling recursively for packages in '/home/kyo/ros2_ws'
[0.124s] Level 1:colcon.colcon_core.package_identification:_identify(.) by extensions ['ignore', 'ignore_ament_install']
[0.124s] Level 1:colcon.colcon_core.package_identification:_identify(.) by extension 'ignore'
[0.124s] Level 1:colcon.colcon_core.package_identification:_identify(.) by extension 'ignore_ament_install'
[0.124s] Level 1:colcon.colcon_core.package_identification:_identify(.) by extensions ['colcon_pkg']
[0.124s] Level 1:colcon.colcon_core.package_identification:_identify(.) by extension 'colcon_pkg'
[0.124s] Level 1:colcon.colcon_core.package_identification:_identify(.) by extensions ['colcon_meta']
[0.124s] Level 1:colcon.colcon_core.package_identification:_identify(.) by extension 'colcon_meta'
[0.124s] Level 1:colcon.colcon_core.package_identification:_identify(.) by extensions ['ros']
[0.124s] Level 1:colcon.colcon_core.package_identification:_identify(.) by extension 'ros'
[0.133s] Level 1:colcon.colcon_core.package_identification:_identify(.) by extensions ['cmake', 'python']
[0.133s] Level 1:colcon.colcon_core.package_identification:_identify(.) by extension 'cmake'
[0.133s] Level 1:colcon.colcon_core.package_identification:_identify(.) by extension 'python'
[0.133s] Level 1:colcon.colcon_core.package_identification:_identify(.) by extensions ['python_setup_py']
[0.133s] Level 1:colcon.colcon_core.package_identification:_identify(.) by extension 'python_setup_py'
[0.133s] Level 1:colcon.colcon_core.package_identification:_identify(build) by extensions ['ignore', 'ignore_ament_install']
[0.133s] Level 1:colcon.colcon_core.package_identification:_identify(build) by extension 'ignore'
[0.133s] Level 1:colcon.colcon_core.package_identification:_identify(build) ignored
[0.133s] Level 1:colcon.colcon_core.package_identification:_identify(install) by extensions ['ignore', 'ignore_ament_install']
[0.133s] Level 1:colcon.colcon_core.package_identification:_identify(install) by extension 'ignore'
[0.133s] Level 1:colcon.colcon_core.package_identification:_identify(install) ignored
[0.133s] Level 1:colcon.colcon_core.package_identification:_identify(log) by extensions ['ignore', 'ignore_ament_install']
[0.133s] Level 1:colcon.colcon_core.package_identification:_identify(log) by extension 'ignore'
[0.133s] Level 1:colcon.colcon_core.package_identification:_identify(log) ignored
[0.133s] Level 1:colcon.colcon_core.package_identification:_identify(src) by extensions ['ignore', 'ignore_ament_install']
[0.133s] Level 1:colcon.colcon_core.package_identification:_identify(src) by extension 'ignore'
[0.133s] Level 1:colcon.colcon_core.package_identification:_identify(src) by extension 'ignore_ament_install'
[0.134s] Level 1:colcon.colcon_core.package_identification:_identify(src) by extensions ['colcon_pkg']
[0.134s] Level 1:colcon.colcon_core.package_identification:_identify(src) by extension 'colcon_pkg'
[0.134s] Level 1:colcon.colcon_core.package_identification:_identify(src) by extensions ['colcon_meta']
[0.134s] Level 1:colcon.colcon_core.package_identification:_identify(src) by extension 'colcon_meta'
[0.134s] Level 1:colcon.colcon_core.package_identification:_identify(src) by extensions ['ros']
[0.134s] Level 1:colcon.colcon_core.package_identification:_identify(src) by extension 'ros'
[0.134s] Level 1:colcon.colcon_core.package_identification:_identify(src) by extensions ['cmake', 'python']
[0.134s] Level 1:colcon.colcon_core.package_identification:_identify(src) by extension 'cmake'
[0.134s] Level 1:colcon.colcon_core.package_identification:_identify(src) by extension 'python'
[0.134s] Level 1:colcon.colcon_core.package_identification:_identify(src) by extensions ['python_setup_py']
[0.134s] Level 1:colcon.colcon_core.package_identification:_identify(src) by extension 'python_setup_py'
[0.134s] Level 1:colcon.colcon_core.package_identification:_identify(src/auv_control) by extensions ['ignore', 'ignore_ament_install']
[0.134s] Level 1:colcon.colcon_core.package_identification:_identify(src/auv_control) by extension 'ignore'
[0.134s] Level 1:colcon.colcon_core.package_identification:_identify(src/auv_control) by extension 'ignore_ament_install'
[0.134s] Level 1:colcon.colcon_core.package_identification:_identify(src/auv_control) by extensions ['colcon_pkg']
[0.134s] Level 1:colcon.colcon_core.package_identification:_identify(src/auv_control) by extension 'colcon_pkg'
[0.134s] Level 1:colcon.colcon_core.package_identification:_identify(src/auv_control) by extensions ['colcon_meta']
[0.134s] Level 1:colcon.colcon_core.package_identification:_identify(src/auv_control) by extension 'colcon_meta'
[0.134s] Level 1:colcon.colcon_core.package_identification:_identify(src/auv_control) by extensions ['ros']
[0.134s] Level 1:colcon.colcon_core.package_identification:_identify(src/auv_control) by extension 'ros'
[0.136s] DEBUG:colcon.colcon_core.package_identification:Package 'src/auv_control' with type 'ros.ament_cmake' and name 'auv_control'
[0.136s] Level 1:colcon.colcon_core.package_identification:_identify(src/bluerov2) by extensions ['ignore', 'ignore_ament_install']
[0.136s] Level 1:colcon.colcon_core.package_identification:_identify(src/bluerov2) by extension 'ignore'
[0.136s] Level 1:colcon.colcon_core.package_identification:_identify(src/bluerov2) by extension 'ignore_ament_install'
[0.136s] Level 1:colcon.colcon_core.package_identification:_identify(src/bluerov2) by extensions ['colcon_pkg']
[0.136s] Level 1:colcon.colcon_core.package_identification:_identify(src/bluerov2) by extension 'colcon_pkg'
[0.136s] Level 1:colcon.colcon_core.package_identification:_identify(src/bluerov2) by extensions ['colcon_meta']
[0.136s] Level 1:colcon.colcon_core.package_identification:_identify(src/bluerov2) by extension 'colcon_meta'
[0.136s] Level 1:colcon.colcon_core.package_identification:_identify(src/bluerov2) by extensions ['ros']
[0.136s] Level 1:colcon.colcon_core.package_identification:_identify(src/bluerov2) by extension 'ros'
[0.136s] Level 1:colcon.colcon_core.package_identification:_identify(src/bluerov2) by extensions ['cmake', 'python']
[0.136s] Level 1:colcon.colcon_core.package_identification:_identify(src/bluerov2) by extension 'cmake'
[0.136s] Level 1:colcon.colcon_core.package_identification:_identify(src/bluerov2) by extension 'python'
[0.136s] Level 1:colcon.colcon_core.package_identification:_identify(src/bluerov2) by extensions ['python_setup_py']
[0.136s] Level 1:colcon.colcon_core.package_identification:_identify(src/bluerov2) by extension 'python_setup_py'
[0.136s] Level 1:colcon.colcon_core.package_identification:_identify(src/bluerov2/bluerov2_control) by extensions ['ignore', 'ignore_ament_install']
[0.136s] Level 1:colcon.colcon_core.package_identification:_identify(src/bluerov2/bluerov2_control) by extension 'ignore'
[0.136s] Level 1:colcon.colcon_core.package_identification:_identify(src/bluerov2/bluerov2_control) by extension 'ignore_ament_install'
[0.136s] Level 1:colcon.colcon_core.package_identification:_identify(src/bluerov2/bluerov2_control) by extensions ['colcon_pkg']
[0.136s] Level 1:colcon.colcon_core.package_identification:_identify(src/bluerov2/bluerov2_control) by extension 'colcon_pkg'
[0.136s] Level 1:colcon.colcon_core.package_identification:_identify(src/bluerov2/bluerov2_control) by extensions ['colcon_meta']
[0.136s] Level 1:colcon.colcon_core.package_identification:_identify(src/bluerov2/bluerov2_control) by extension 'colcon_meta'
[0.136s] Level 1:colcon.colcon_core.package_identification:_identify(src/bluerov2/bluerov2_control) by extensions ['ros']
[0.136s] Level 1:colcon.colcon_core.package_identification:_identify(src/bluerov2/bluerov2_control) by extension 'ros'
[0.136s] DEBUG:colcon.colcon_core.package_identification:Package 'src/bluerov2/bluerov2_control' with type 'ros.ament_cmake' and name 'bluerov2_control'
[0.136s] Level 1:colcon.colcon_core.package_identification:_identify(src/bluerov2/bluerov2_description) by extensions ['ignore', 'ignore_ament_install']
[0.136s] Level 1:colcon.colcon_core.package_identification:_identify(src/bluerov2/bluerov2_description) by extension 'ignore'
[0.136s] Level 1:colcon.colcon_core.package_identification:_identify(src/bluerov2/bluerov2_description) by extension 'ignore_ament_install'
[0.137s] Level 1:colcon.colcon_core.package_identification:_identify(src/bluerov2/bluerov2_description) by extensions ['colcon_pkg']
[0.137s] Level 1:colcon.colcon_core.package_identification:_identify(src/bluerov2/bluerov2_description) by extension 'colcon_pkg'
[0.137s] Level 1:colcon.colcon_core.package_identification:_identify(src/bluerov2/bluerov2_description) by extensions ['colcon_meta']
[0.137s] Level 1:colcon.colcon_core.package_identification:_identify(src/bluerov2/bluerov2_description) by extension 'colcon_meta'
[0.137s] Level 1:colcon.colcon_core.package_identification:_identify(src/bluerov2/bluerov2_description) by extensions ['ros']
[0.137s] Level 1:colcon.colcon_core.package_identification:_identify(src/bluerov2/bluerov2_description) by extension 'ros'
[0.137s] DEBUG:colcon.colcon_core.package_identification:Package 'src/bluerov2/bluerov2_description' with type 'ros.ament_cmake' and name 'bluerov2_description'
[0.137s] Level 1:colcon.colcon_core.package_identification:_identify(src/build) by extensions ['ignore', 'ignore_ament_install']
[0.137s] Level 1:colcon.colcon_core.package_identification:_identify(src/build) by extension 'ignore'
[0.137s] Level 1:colcon.colcon_core.package_identification:_identify(src/build) ignored
[0.137s] Level 1:colcon.colcon_core.package_identification:_identify(src/install) by extensions ['ignore', 'ignore_ament_install']
[0.137s] Level 1:colcon.colcon_core.package_identification:_identify(src/install) by extension 'ignore'
[0.137s] Level 1:colcon.colcon_core.package_identification:_identify(src/install) ignored
[0.137s] Level 1:colcon.colcon_core.package_identification:_identify(src/log) by extensions ['ignore', 'ignore_ament_install']
[0.137s] Level 1:colcon.colcon_core.package_identification:_identify(src/log) by extension 'ignore'
[0.137s] Level 1:colcon.colcon_core.package_identification:_identify(src/log) ignored
[0.137s] Level 1:colcon.colcon_core.package_identification:_identify(src/pose_to_tf) by extensions ['ignore', 'ignore_ament_install']
[0.137s] Level 1:colcon.colcon_core.package_identification:_identify(src/pose_to_tf) by extension 'ignore'
[0.137s] Level 1:colcon.colcon_core.package_identification:_identify(src/pose_to_tf) by extension 'ignore_ament_install'
[0.137s] Level 1:colcon.colcon_core.package_identification:_identify(src/pose_to_tf) by extensions ['colcon_pkg']
[0.137s] Level 1:colcon.colcon_core.package_identification:_identify(src/pose_to_tf) by extension 'colcon_pkg'
[0.137s] Level 1:colcon.colcon_core.package_identification:_identify(src/pose_to_tf) by extensions ['colcon_meta']
[0.137s] Level 1:colcon.colcon_core.package_identification:_identify(src/pose_to_tf) by extension 'colcon_meta'
[0.137s] Level 1:colcon.colcon_core.package_identification:_identify(src/pose_to_tf) by extensions ['ros']
[0.137s] Level 1:colcon.colcon_core.package_identification:_identify(src/pose_to_tf) by extension 'ros'
[0.138s] DEBUG:colcon.colcon_core.package_identification:Package 'src/pose_to_tf' with type 'ros.ament_cmake' and name 'pose_to_tf'
[0.138s] Level 1:colcon.colcon_core.package_identification:_identify(src/thruster_manager) by extensions ['ignore', 'ignore_ament_install']
[0.138s] Level 1:colcon.colcon_core.package_identification:_identify(src/thruster_manager) by extension 'ignore'
[0.138s] Level 1:colcon.colcon_core.package_identification:_identify(src/thruster_manager) by extension 'ignore_ament_install'
[0.138s] Level 1:colcon.colcon_core.package_identification:_identify(src/thruster_manager) by extensions ['colcon_pkg']
[0.138s] Level 1:colcon.colcon_core.package_identification:_identify(src/thruster_manager) by extension 'colcon_pkg'
[0.138s] Level 1:colcon.colcon_core.package_identification:_identify(src/thruster_manager) by extensions ['colcon_meta']
[0.138s] Level 1:colcon.colcon_core.package_identification:_identify(src/thruster_manager) by extension 'colcon_meta'
[0.138s] Level 1:colcon.colcon_core.package_identification:_identify(src/thruster_manager) by extensions ['ros']
[0.138s] Level 1:colcon.colcon_core.package_identification:_identify(src/thruster_manager) by extension 'ros'
[0.138s] DEBUG:colcon.colcon_core.package_identification:Package 'src/thruster_manager' with type 'ros.ament_cmake' and name 'thruster_manager'
[0.138s] Level 1:colcon.colcon_core.package_discovery:discover_packages(recursive) using defaults
[0.138s] Level 1:colcon.colcon_core.package_discovery:discover_packages(ignore) discover
[0.138s] Level 1:colcon.colcon_core.package_discovery:discover_packages(ignore) using defaults
[0.138s] Level 1:colcon.colcon_core.package_discovery:discover_packages(path) discover
[0.138s] Level 1:colcon.colcon_core.package_discovery:discover_packages(path) using defaults
[0.153s] Level 1:colcon.colcon_core.package_discovery:discover_packages(prefix_path) check parameters
[0.153s] Level 1:colcon.colcon_core.package_discovery:discover_packages(prefix_path) discover
[0.154s] DEBUG:colcon.colcon_installed_package_information.package_discovery:Found 286 installed packages in /opt/ros/humble
[0.155s] Level 1:colcon.colcon_core.package_discovery:discover_packages(prefix_path) using defaults
[0.172s] Level 5:colcon.colcon_core.verb:set package 'bluerov2_description' build argument 'cmake_args' from command line to 'None'
[0.172s] Level 5:colcon.colcon_core.verb:set package 'bluerov2_description' build argument 'cmake_target' from command line to 'None'
[0.172s] Level 5:colcon.colcon_core.verb:set package 'bluerov2_description' build argument 'cmake_target_skip_unavailable' from command line to 'False'
[0.172s] Level 5:colcon.colcon_core.verb:set package 'bluerov2_description' build argument 'cmake_clean_cache' from command line to 'False'
[0.172s] Level 5:colcon.colcon_core.verb:set package 'bluerov2_description' build argument 'cmake_clean_first' from command line to 'False'
[0.172s] Level 5:colcon.colcon_core.verb:set package 'bluerov2_description' build argument 'cmake_force_configure' from command line to 'False'
[0.172s] Level 5:colcon.colcon_core.verb:set package 'bluerov2_description' build argument 'ament_cmake_args' from command line to 'None'
[0.172s] Level 5:colcon.colcon_core.verb:set package 'bluerov2_description' build argument 'catkin_cmake_args' from command line to 'None'
[0.172s] Level 5:colcon.colcon_core.verb:set package 'bluerov2_description' build argument 'catkin_skip_building_tests' from command line to 'False'
[0.172s] DEBUG:colcon.colcon_core.verb:Building package 'bluerov2_description' with the following arguments: {'ament_cmake_args': None, 'build_base': '/home/kyo/ros2_ws/build/bluerov2_description', 'catkin_cmake_args': None, 'catkin_skip_building_tests': False, 'cmake_args': None, 'cmake_clean_cache': False, 'cmake_clean_first': False, 'cmake_force_configure': False, 'cmake_target': None, 'cmake_target_skip_unavailable': False, 'install_base': '/home/kyo/ros2_ws/install/bluerov2_description', 'merge_install': False, 'path': '/home/kyo/ros2_ws/src/bluerov2/bluerov2_description', 'symlink_install': False, 'test_result_base': None}
[0.172s] Level 5:colcon.colcon_core.verb:set package 'pose_to_tf' build argument 'cmake_args' from command line to 'None'
[0.172s] Level 5:colcon.colcon_core.verb:set package 'pose_to_tf' build argument 'cmake_target' from command line to 'None'
[0.172s] Level 5:colcon.colcon_core.verb:set package 'pose_to_tf' build argument 'cmake_target_skip_unavailable' from command line to 'False'
[0.172s] Level 5:colcon.colcon_core.verb:set package 'pose_to_tf' build argument 'cmake_clean_cache' from command line to 'False'
[0.172s] Level 5:colcon.colcon_core.verb:set package 'pose_to_tf' build argument 'cmake_clean_first' from command line to 'False'
[0.172s] Level 5:colcon.colcon_core.verb:set package 'pose_to_tf' build argument 'cmake_force_configure' from command line to 'False'
[0.172s] Level 5:colcon.colcon_core.verb:set package 'pose_to_tf' build argument 'ament_cmake_args' from command line to 'None'
[0.172s] Level 5:colcon.colcon_core.verb:set package 'pose_to_tf' build argument 'catkin_cmake_args' from command line to 'None'
[0.172s] Level 5:colcon.colcon_core.verb:set package 'pose_to_tf' build argument 'catkin_skip_building_tests' from command line to 'False'
[0.172s] DEBUG:colcon.colcon_core.verb:Building package 'pose_to_tf' with the following arguments: {'ament_cmake_args': None, 'build_base': '/home/kyo/ros2_ws/build/pose_to_tf', 'catkin_cmake_args': None, 'catkin_skip_building_tests': False, 'cmake_args': None, 'cmake_clean_cache': False, 'cmake_clean_first': False, 'cmake_force_configure': False, 'cmake_target': None, 'cmake_target_skip_unavailable': False, 'install_base': '/home/kyo/ros2_ws/install/pose_to_tf', 'merge_install': False, 'path': '/home/kyo/ros2_ws/src/pose_to_tf', 'symlink_install': False, 'test_result_base': None}
[0.173s] Level 5:colcon.colcon_core.verb:set package 'thruster_manager' build argument 'cmake_args' from command line to 'None'
[0.173s] Level 5:colcon.colcon_core.verb:set package 'thruster_manager' build argument 'cmake_target' from command line to 'None'
[0.173s] Level 5:colcon.colcon_core.verb:set package 'thruster_manager' build argument 'cmake_target_skip_unavailable' from command line to 'False'
[0.173s] Level 5:colcon.colcon_core.verb:set package 'thruster_manager' build argument 'cmake_clean_cache' from command line to 'False'
[0.173s] Level 5:colcon.colcon_core.verb:set package 'thruster_manager' build argument 'cmake_clean_first' from command line to 'False'
[0.173s] Level 5:colcon.colcon_core.verb:set package 'thruster_manager' build argument 'cmake_force_configure' from command line to 'False'
[0.173s] Level 5:colcon.colcon_core.verb:set package 'thruster_manager' build argument 'ament_cmake_args' from command line to 'None'
[0.173s] Level 5:colcon.colcon_core.verb:set package 'thruster_manager' build argument 'catkin_cmake_args' from command line to 'None'
[0.173s] Level 5:colcon.colcon_core.verb:set package 'thruster_manager' build argument 'catkin_skip_building_tests' from command line to 'False'
[0.173s] DEBUG:colcon.colcon_core.verb:Building package 'thruster_manager' with the following arguments: {'ament_cmake_args': None, 'build_base': '/home/kyo/ros2_ws/build/thruster_manager', 'catkin_cmake_args': None, 'catkin_skip_building_tests': False, 'cmake_args': None, 'cmake_clean_cache': False, 'cmake_clean_first': False, 'cmake_force_configure': False, 'cmake_target': None, 'cmake_target_skip_unavailable': False, 'install_base': '/home/kyo/ros2_ws/install/thruster_manager', 'merge_install': False, 'path': '/home/kyo/ros2_ws/src/thruster_manager', 'symlink_install': False, 'test_result_base': None}
[0.173s] Level 5:colcon.colcon_core.verb:set package 'auv_control' build argument 'cmake_args' from command line to 'None'
[0.173s] Level 5:colcon.colcon_core.verb:set package 'auv_control' build argument 'cmake_target' from command line to 'None'
[0.173s] Level 5:colcon.colcon_core.verb:set package 'auv_control' build argument 'cmake_target_skip_unavailable' from command line to 'False'
[0.173s] Level 5:colcon.colcon_core.verb:set package 'auv_control' build argument 'cmake_clean_cache' from command line to 'False'
[0.173s] Level 5:colcon.colcon_core.verb:set package 'auv_control' build argument 'cmake_clean_first' from command line to 'False'
[0.173s] Level 5:colcon.colcon_core.verb:set package 'auv_control' build argument 'cmake_force_configure' from command line to 'False'
[0.173s] Level 5:colcon.colcon_core.verb:set package 'auv_control' build argument 'ament_cmake_args' from command line to 'None'
[0.173s] Level 5:colcon.colcon_core.verb:set package 'auv_control' build argument 'catkin_cmake_args' from command line to 'None'
[0.173s] Level 5:colcon.colcon_core.verb:set package 'auv_control' build argument 'catkin_skip_building_tests' from command line to 'False'
[0.173s] DEBUG:colcon.colcon_core.verb:Building package 'auv_control' with the following arguments: {'ament_cmake_args': None, 'build_base': '/home/kyo/ros2_ws/build/auv_control', 'catkin_cmake_args': None, 'catkin_skip_building_tests': False, 'cmake_args': None, 'cmake_clean_cache': False, 'cmake_clean_first': False, 'cmake_force_configure': False, 'cmake_target': None, 'cmake_target_skip_unavailable': False, 'install_base': '/home/kyo/ros2_ws/install/auv_control', 'merge_install': False, 'path': '/home/kyo/ros2_ws/src/auv_control', 'symlink_install': False, 'test_result_base': None}
[0.173s] Level 5:colcon.colcon_core.verb:set package 'bluerov2_control' build argument 'cmake_args' from command line to 'None'
[0.173s] Level 5:colcon.colcon_core.verb:set package 'bluerov2_control' build argument 'cmake_target' from command line to 'None'
[0.173s] Level 5:colcon.colcon_core.verb:set package 'bluerov2_control' build argument 'cmake_target_skip_unavailable' from command line to 'False'
[0.173s] Level 5:colcon.colcon_core.verb:set package 'bluerov2_control' build argument 'cmake_clean_cache' from command line to 'False'
[0.173s] Level 5:colcon.colcon_core.verb:set package 'bluerov2_control' build argument 'cmake_clean_first' from command line to 'False'
[0.173s] Level 5:colcon.colcon_core.verb:set package 'bluerov2_control' build argument 'cmake_force_configure' from command line to 'False'
[0.173s] Level 5:colcon.colcon_core.verb:set package 'bluerov2_control' build argument 'ament_cmake_args' from command line to 'None'
[0.173s] Level 5:colcon.colcon_core.verb:set package 'bluerov2_control' build argument 'catkin_cmake_args' from command line to 'None'
[0.173s] Level 5:colcon.colcon_core.verb:set package 'bluerov2_control' build argument 'catkin_skip_building_tests' from command line to 'False'
[0.173s] DEBUG:colcon.colcon_core.verb:Building package 'bluerov2_control' with the following arguments: {'ament_cmake_args': None, 'build_base': '/home/kyo/ros2_ws/build/bluerov2_control', 'catkin_cmake_args': None, 'catkin_skip_building_tests': False, 'cmake_args': None, 'cmake_clean_cache': False, 'cmake_clean_first': False, 'cmake_force_configure': False, 'cmake_target': None, 'cmake_target_skip_unavailable': False, 'install_base': '/home/kyo/ros2_ws/install/bluerov2_control', 'merge_install': False, 'path': '/home/kyo/ros2_ws/src/bluerov2/bluerov2_control', 'symlink_install': False, 'test_result_base': None}
[0.173s] INFO:colcon.colcon_core.executor:Executing jobs using 'parallel' executor
[0.174s] DEBUG:colcon.colcon_parallel_executor.executor.parallel:run_until_complete
[0.174s] INFO:colcon.colcon_ros.task.ament_cmake.build:Building ROS package in '/home/kyo/ros2_ws/src/thruster_manager' with build type 'ament_cmake'
[0.174s] INFO:colcon.colcon_cmake.task.cmake.build:Building CMake package in '/home/kyo/ros2_ws/src/thruster_manager'
[0.175s] INFO:colcon.colcon_core.plugin_system:Skipping extension 'colcon_core.shell.bat': Not used on non-Windows systems
[0.175s] INFO:colcon.colcon_core.shell:Skip shell extension 'powershell' for command environment: Not usable outside of PowerShell
[0.175s] DEBUG:colcon.colcon_core.shell:Skip shell extension 'dsv' for command environment
[0.177s] INFO:colcon.colcon_ros.task.ament_cmake.build:Building ROS package in '/home/kyo/ros2_ws/src/bluerov2/bluerov2_description' with build type 'ament_cmake'
[0.177s] INFO:colcon.colcon_cmake.task.cmake.build:Building CMake package in '/home/kyo/ros2_ws/src/bluerov2/bluerov2_description'
[0.177s] INFO:colcon.colcon_core.shell:Skip shell extension 'powershell' for command environment: Not usable outside of PowerShell
[0.177s] DEBUG:colcon.colcon_core.shell:Skip shell extension 'dsv' for command environment
[0.179s] INFO:colcon.colcon_ros.task.ament_cmake.build:Building ROS package in '/home/kyo/ros2_ws/src/pose_to_tf' with build type 'ament_cmake'
[0.179s] INFO:colcon.colcon_cmake.task.cmake.build:Building CMake package in '/home/kyo/ros2_ws/src/pose_to_tf'
[0.179s] INFO:colcon.colcon_core.shell:Skip shell extension 'powershell' for command environment: Not usable outside of PowerShell
[0.179s] DEBUG:colcon.colcon_core.shell:Skip shell extension 'dsv' for command environment
[0.183s] DEBUG:colcon.colcon_core.event_handler.log_command:Invoking command in '/home/kyo/ros2_ws/build/thruster_manager': CMAKE_PREFIX_PATH=/opt/ros/humble /usr/bin/cmake /home/kyo/ros2_ws/src/thruster_manager -DCMAKE_INSTALL_PREFIX=/home/kyo/ros2_ws/install/thruster_manager
[0.184s] DEBUG:colcon.colcon_core.event_handler.log_command:Invoking command in '/home/kyo/ros2_ws/build/bluerov2_description': CMAKE_PREFIX_PATH=/opt/ros/humble /usr/bin/cmake /home/kyo/ros2_ws/src/bluerov2/bluerov2_description -DCMAKE_INSTALL_PREFIX=/home/kyo/ros2_ws/install/bluerov2_description
[0.186s] DEBUG:colcon.colcon_core.event_handler.log_command:Invoking command in '/home/kyo/ros2_ws/build/pose_to_tf': CMAKE_PREFIX_PATH=/opt/ros/humble /usr/bin/cmake /home/kyo/ros2_ws/src/pose_to_tf -DCMAKE_INSTALL_PREFIX=/home/kyo/ros2_ws/install/pose_to_tf
[0.599s] DEBUG:colcon.colcon_core.event_handler.log_command:Invoked command in '/home/kyo/ros2_ws/build/bluerov2_description' returned '0': CMAKE_PREFIX_PATH=/opt/ros/humble /usr/bin/cmake /home/kyo/ros2_ws/src/bluerov2/bluerov2_description -DCMAKE_INSTALL_PREFIX=/home/kyo/ros2_ws/install/bluerov2_description
[0.600s] DEBUG:colcon.colcon_core.event_handler.log_command:Invoking command in '/home/kyo/ros2_ws/build/bluerov2_description': CMAKE_PREFIX_PATH=/opt/ros/humble /usr/bin/cmake --build /home/kyo/ros2_ws/build/bluerov2_description -- -j20 -l20
[0.627s] DEBUG:colcon.colcon_core.event_handler.log_command:Invoked command in '/home/kyo/ros2_ws/build/bluerov2_description' returned '0': CMAKE_PREFIX_PATH=/opt/ros/humble /usr/bin/cmake --build /home/kyo/ros2_ws/build/bluerov2_description -- -j20 -l20
[0.647s] DEBUG:colcon.colcon_core.event_handler.log_command:Invoking command in '/home/kyo/ros2_ws/build/bluerov2_description': CMAKE_PREFIX_PATH=/opt/ros/humble /usr/bin/cmake --install /home/kyo/ros2_ws/build/bluerov2_description
[0.686s] Level 1:colcon.colcon_core.environment:create_environment_scripts_only(bluerov2_description)
[0.687s] DEBUG:colcon.colcon_core.event_handler.log_command:Invoked command in '/home/kyo/ros2_ws/build/bluerov2_description' returned '0': CMAKE_PREFIX_PATH=/opt/ros/humble /usr/bin/cmake --install /home/kyo/ros2_ws/build/bluerov2_description
[0.689s] Level 1:colcon.colcon_core.environment:checking '/home/kyo/ros2_ws/install/bluerov2_description' for CMake module files
[0.689s] Level 1:colcon.colcon_core.environment:checking '/home/kyo/ros2_ws/install/bluerov2_description' for CMake config files
[0.690s] Level 1:colcon.colcon_core.shell:create_environment_hook('bluerov2_description', 'cmake_prefix_path')
[0.690s] INFO:colcon.colcon_core.shell:Creating environment hook '/home/kyo/ros2_ws/install/bluerov2_description/share/bluerov2_description/hook/cmake_prefix_path.ps1'
[0.690s] INFO:colcon.colcon_core.shell:Creating environment descriptor '/home/kyo/ros2_ws/install/bluerov2_description/share/bluerov2_description/hook/cmake_prefix_path.dsv'
[0.690s] INFO:colcon.colcon_core.shell:Creating environment hook '/home/kyo/ros2_ws/install/bluerov2_description/share/bluerov2_description/hook/cmake_prefix_path.sh'
[0.691s] Level 1:colcon.colcon_core.environment:checking '/home/kyo/ros2_ws/install/bluerov2_description/bin'
[0.691s] Level 1:colcon.colcon_core.environment:checking '/home/kyo/ros2_ws/install/bluerov2_description/lib/pkgconfig/bluerov2_description.pc'
[0.691s] Level 1:colcon.colcon_core.environment:checking '/home/kyo/ros2_ws/install/bluerov2_description/lib/python3.10/site-packages'
[0.691s] Level 1:colcon.colcon_core.environment:checking '/home/kyo/ros2_ws/install/bluerov2_description/bin'
[0.692s] INFO:colcon.colcon_core.shell:Creating package script '/home/kyo/ros2_ws/install/bluerov2_description/share/bluerov2_description/package.ps1'
[0.692s] INFO:colcon.colcon_core.shell:Creating package descriptor '/home/kyo/ros2_ws/install/bluerov2_description/share/bluerov2_description/package.dsv'
[0.692s] INFO:colcon.colcon_core.shell:Creating package script '/home/kyo/ros2_ws/install/bluerov2_description/share/bluerov2_description/package.sh'
[0.693s] INFO:colcon.colcon_core.shell:Creating package script '/home/kyo/ros2_ws/install/bluerov2_description/share/bluerov2_description/package.bash'
[0.693s] INFO:colcon.colcon_core.shell:Creating package script '/home/kyo/ros2_ws/install/bluerov2_description/share/bluerov2_description/package.zsh'
[0.694s] Level 1:colcon.colcon_core.environment:create_file_with_runtime_dependencies(/home/kyo/ros2_ws/install/bluerov2_description/share/colcon-core/packages/bluerov2_description)
[0.709s] Level 1:colcon.colcon_core.environment:create_environment_scripts_only(bluerov2_description)
[0.709s] Level 1:colcon.colcon_core.environment:checking '/home/kyo/ros2_ws/install/bluerov2_description' for CMake module files
[0.709s] Level 1:colcon.colcon_core.environment:checking '/home/kyo/ros2_ws/install/bluerov2_description' for CMake config files
[0.710s] Level 1:colcon.colcon_core.shell:create_environment_hook('bluerov2_description', 'cmake_prefix_path')
[0.710s] INFO:colcon.colcon_core.shell:Creating environment hook '/home/kyo/ros2_ws/install/bluerov2_description/share/bluerov2_description/hook/cmake_prefix_path.ps1'
[0.710s] INFO:colcon.colcon_core.shell:Creating environment descriptor '/home/kyo/ros2_ws/install/bluerov2_description/share/bluerov2_description/hook/cmake_prefix_path.dsv'
[0.710s] INFO:colcon.colcon_core.shell:Creating environment hook '/home/kyo/ros2_ws/install/bluerov2_description/share/bluerov2_description/hook/cmake_prefix_path.sh'
[0.711s] Level 1:colcon.colcon_core.environment:checking '/home/kyo/ros2_ws/install/bluerov2_description/bin'
[0.711s] Level 1:colcon.colcon_core.environment:checking '/home/kyo/ros2_ws/install/bluerov2_description/lib/pkgconfig/bluerov2_description.pc'
[0.711s] Level 1:colcon.colcon_core.environment:checking '/home/kyo/ros2_ws/install/bluerov2_description/lib/python3.10/site-packages'
[0.711s] Level 1:colcon.colcon_core.environment:checking '/home/kyo/ros2_ws/install/bluerov2_description/bin'
[0.711s] INFO:colcon.colcon_core.shell:Creating package script '/home/kyo/ros2_ws/install/bluerov2_description/share/bluerov2_description/package.ps1'
[0.712s] INFO:colcon.colcon_core.shell:Creating package descriptor '/home/kyo/ros2_ws/install/bluerov2_description/share/bluerov2_description/package.dsv'
[0.712s] INFO:colcon.colcon_core.shell:Creating package script '/home/kyo/ros2_ws/install/bluerov2_description/share/bluerov2_description/package.sh'
[0.712s] INFO:colcon.colcon_core.shell:Creating package script '/home/kyo/ros2_ws/install/bluerov2_description/share/bluerov2_description/package.bash'
[0.712s] INFO:colcon.colcon_core.shell:Creating package script '/home/kyo/ros2_ws/install/bluerov2_description/share/bluerov2_description/package.zsh'
[0.712s] Level 1:colcon.colcon_core.environment:create_file_with_runtime_dependencies(/home/kyo/ros2_ws/install/bluerov2_description/share/colcon-core/packages/bluerov2_description)
[1.456s] DEBUG:colcon.colcon_core.event_handler.log_command:Invoked command in '/home/kyo/ros2_ws/build/pose_to_tf' returned '0': CMAKE_PREFIX_PATH=/opt/ros/humble /usr/bin/cmake /home/kyo/ros2_ws/src/pose_to_tf -DCMAKE_INSTALL_PREFIX=/home/kyo/ros2_ws/install/pose_to_tf
[1.456s] DEBUG:colcon.colcon_core.event_handler.log_command:Invoking command in '/home/kyo/ros2_ws/build/pose_to_tf': CMAKE_PREFIX_PATH=/opt/ros/humble /usr/bin/cmake --build /home/kyo/ros2_ws/build/pose_to_tf -- -j20 -l20
[1.464s] DEBUG:colcon.colcon_core.event_handler.log_command:Invoked command in '/home/kyo/ros2_ws/build/thruster_manager' returned '0': CMAKE_PREFIX_PATH=/opt/ros/humble /usr/bin/cmake /home/kyo/ros2_ws/src/thruster_manager -DCMAKE_INSTALL_PREFIX=/home/kyo/ros2_ws/install/thruster_manager
[1.464s] DEBUG:colcon.colcon_core.event_handler.log_command:Invoking command in '/home/kyo/ros2_ws/build/thruster_manager': CMAKE_PREFIX_PATH=/opt/ros/humble /usr/bin/cmake --build /home/kyo/ros2_ws/build/thruster_manager -- -j20 -l20
[16.473s] DEBUG:colcon.colcon_core.event_handler.log_command:Invoked command in '/home/kyo/ros2_ws/build/pose_to_tf' returned '0': CMAKE_PREFIX_PATH=/opt/ros/humble /usr/bin/cmake --build /home/kyo/ros2_ws/build/pose_to_tf -- -j20 -l20
[16.484s] DEBUG:colcon.colcon_core.event_handler.log_command:Invoking command in '/home/kyo/ros2_ws/build/pose_to_tf': CMAKE_PREFIX_PATH=/opt/ros/humble /usr/bin/cmake --install /home/kyo/ros2_ws/build/pose_to_tf
[16.497s] Level 1:colcon.colcon_core.environment:create_environment_scripts_only(pose_to_tf)
[16.497s] DEBUG:colcon.colcon_core.event_handler.log_command:Invoked command in '/home/kyo/ros2_ws/build/pose_to_tf' returned '0': CMAKE_PREFIX_PATH=/opt/ros/humble /usr/bin/cmake --install /home/kyo/ros2_ws/build/pose_to_tf
[16.497s] Level 1:colcon.colcon_core.environment:checking '/home/kyo/ros2_ws/install/pose_to_tf' for CMake module files
[16.498s] Level 1:colcon.colcon_core.environment:checking '/home/kyo/ros2_ws/install/pose_to_tf' for CMake config files
[16.498s] Level 1:colcon.colcon_core.shell:create_environment_hook('pose_to_tf', 'cmake_prefix_path')
[16.498s] INFO:colcon.colcon_core.shell:Creating environment hook '/home/kyo/ros2_ws/install/pose_to_tf/share/pose_to_tf/hook/cmake_prefix_path.ps1'
[16.498s] INFO:colcon.colcon_core.shell:Creating environment descriptor '/home/kyo/ros2_ws/install/pose_to_tf/share/pose_to_tf/hook/cmake_prefix_path.dsv'
[16.498s] INFO:colcon.colcon_core.shell:Creating environment hook '/home/kyo/ros2_ws/install/pose_to_tf/share/pose_to_tf/hook/cmake_prefix_path.sh'
[16.499s] Level 1:colcon.colcon_core.environment:checking '/home/kyo/ros2_ws/install/pose_to_tf/lib'
[16.499s] Level 1:colcon.colcon_core.environment:checking '/home/kyo/ros2_ws/install/pose_to_tf/bin'
[16.499s] Level 1:colcon.colcon_core.environment:checking '/home/kyo/ros2_ws/install/pose_to_tf/lib/pkgconfig/pose_to_tf.pc'
[16.499s] Level 1:colcon.colcon_core.environment:checking '/home/kyo/ros2_ws/install/pose_to_tf/lib/python3.10/site-packages'
[16.499s] Level 1:colcon.colcon_core.environment:checking '/home/kyo/ros2_ws/install/pose_to_tf/bin'
[16.499s] INFO:colcon.colcon_core.shell:Creating package script '/home/kyo/ros2_ws/install/pose_to_tf/share/pose_to_tf/package.ps1'
[16.500s] INFO:colcon.colcon_core.shell:Creating package descriptor '/home/kyo/ros2_ws/install/pose_to_tf/share/pose_to_tf/package.dsv'
[16.500s] INFO:colcon.colcon_core.shell:Creating package script '/home/kyo/ros2_ws/install/pose_to_tf/share/pose_to_tf/package.sh'
[16.500s] INFO:colcon.colcon_core.shell:Creating package script '/home/kyo/ros2_ws/install/pose_to_tf/share/pose_to_tf/package.bash'
[16.500s] INFO:colcon.colcon_core.shell:Creating package script '/home/kyo/ros2_ws/install/pose_to_tf/share/pose_to_tf/package.zsh'
[16.500s] Level 1:colcon.colcon_core.environment:create_file_with_runtime_dependencies(/home/kyo/ros2_ws/install/pose_to_tf/share/colcon-core/packages/pose_to_tf)
[16.513s] Level 1:colcon.colcon_core.environment:create_environment_scripts_only(pose_to_tf)
[16.513s] Level 1:colcon.colcon_core.environment:checking '/home/kyo/ros2_ws/install/pose_to_tf' for CMake module files
[16.513s] Level 1:colcon.colcon_core.environment:checking '/home/kyo/ros2_ws/install/pose_to_tf' for CMake config files
[16.514s] Level 1:colcon.colcon_core.shell:create_environment_hook('pose_to_tf', 'cmake_prefix_path')
[16.514s] INFO:colcon.colcon_core.shell:Creating environment hook '/home/kyo/ros2_ws/install/pose_to_tf/share/pose_to_tf/hook/cmake_prefix_path.ps1'
[16.514s] INFO:colcon.colcon_core.shell:Creating environment descriptor '/home/kyo/ros2_ws/install/pose_to_tf/share/pose_to_tf/hook/cmake_prefix_path.dsv'
[16.514s] INFO:colcon.colcon_core.shell:Creating environment hook '/home/kyo/ros2_ws/install/pose_to_tf/share/pose_to_tf/hook/cmake_prefix_path.sh'
[16.515s] Level 1:colcon.colcon_core.environment:checking '/home/kyo/ros2_ws/install/pose_to_tf/lib'
[16.515s] Level 1:colcon.colcon_core.environment:checking '/home/kyo/ros2_ws/install/pose_to_tf/bin'
[16.515s] Level 1:colcon.colcon_core.environment:checking '/home/kyo/ros2_ws/install/pose_to_tf/lib/pkgconfig/pose_to_tf.pc'
[16.515s] Level 1:colcon.colcon_core.environment:checking '/home/kyo/ros2_ws/install/pose_to_tf/lib/python3.10/site-packages'
[16.515s] Level 1:colcon.colcon_core.environment:checking '/home/kyo/ros2_ws/install/pose_to_tf/bin'
[16.515s] INFO:colcon.colcon_core.shell:Creating package script '/home/kyo/ros2_ws/install/pose_to_tf/share/pose_to_tf/package.ps1'
[16.515s] INFO:colcon.colcon_core.shell:Creating package descriptor '/home/kyo/ros2_ws/install/pose_to_tf/share/pose_to_tf/package.dsv'
[16.516s] INFO:colcon.colcon_core.shell:Creating package script '/home/kyo/ros2_ws/install/pose_to_tf/share/pose_to_tf/package.sh'
[16.516s] INFO:colcon.colcon_core.shell:Creating package script '/home/kyo/ros2_ws/install/pose_to_tf/share/pose_to_tf/package.bash'
[16.516s] INFO:colcon.colcon_core.shell:Creating package script '/home/kyo/ros2_ws/install/pose_to_tf/share/pose_to_tf/package.zsh'
[16.516s] Level 1:colcon.colcon_core.environment:create_file_with_runtime_dependencies(/home/kyo/ros2_ws/install/pose_to_tf/share/colcon-core/packages/pose_to_tf)
[20.234s] DEBUG:colcon.colcon_core.event_handler.log_command:Invoked command in '/home/kyo/ros2_ws/build/thruster_manager' returned '0': CMAKE_PREFIX_PATH=/opt/ros/humble /usr/bin/cmake --build /home/kyo/ros2_ws/build/thruster_manager -- -j20 -l20
[20.247s] DEBUG:colcon.colcon_core.event_handler.log_command:Invoking command in '/home/kyo/ros2_ws/build/thruster_manager': CMAKE_PREFIX_PATH=/opt/ros/humble /usr/bin/cmake --install /home/kyo/ros2_ws/build/thruster_manager
[20.264s] Level 1:colcon.colcon_core.environment:create_environment_scripts_only(thruster_manager)
[20.264s] Level 1:colcon.colcon_core.environment:checking '/home/kyo/ros2_ws/install/thruster_manager' for CMake module files
[20.264s] DEBUG:colcon.colcon_core.event_handler.log_command:Invoked command in '/home/kyo/ros2_ws/build/thruster_manager' returned '0': CMAKE_PREFIX_PATH=/opt/ros/humble /usr/bin/cmake --install /home/kyo/ros2_ws/build/thruster_manager
[20.264s] Level 1:colcon.colcon_core.environment:checking '/home/kyo/ros2_ws/install/thruster_manager' for CMake config files
[20.264s] Level 1:colcon.colcon_core.shell:create_environment_hook('thruster_manager', 'cmake_prefix_path')
[20.265s] INFO:colcon.colcon_core.shell:Creating environment hook '/home/kyo/ros2_ws/install/thruster_manager/share/thruster_manager/hook/cmake_prefix_path.ps1'
[20.265s] INFO:colcon.colcon_core.shell:Creating environment descriptor '/home/kyo/ros2_ws/install/thruster_manager/share/thruster_manager/hook/cmake_prefix_path.dsv'
[20.265s] INFO:colcon.colcon_core.shell:Creating environment hook '/home/kyo/ros2_ws/install/thruster_manager/share/thruster_manager/hook/cmake_prefix_path.sh'
[20.265s] Level 1:colcon.colcon_core.environment:checking '/home/kyo/ros2_ws/install/thruster_manager/lib'
[20.265s] Level 1:colcon.colcon_core.shell:create_environment_hook('thruster_manager', 'ld_library_path_lib')
[20.265s] INFO:colcon.colcon_core.shell:Creating environment hook '/home/kyo/ros2_ws/install/thruster_manager/share/thruster_manager/hook/ld_library_path_lib.ps1'
[20.266s] INFO:colcon.colcon_core.shell:Creating environment descriptor '/home/kyo/ros2_ws/install/thruster_manager/share/thruster_manager/hook/ld_library_path_lib.dsv'
[20.266s] INFO:colcon.colcon_core.shell:Creating environment hook '/home/kyo/ros2_ws/install/thruster_manager/share/thruster_manager/hook/ld_library_path_lib.sh'
[20.266s] Level 1:colcon.colcon_core.environment:checking '/home/kyo/ros2_ws/install/thruster_manager/bin'
[20.266s] Level 1:colcon.colcon_core.environment:checking '/home/kyo/ros2_ws/install/thruster_manager/lib/pkgconfig/thruster_manager.pc'
[20.266s] Level 1:colcon.colcon_core.environment:checking '/home/kyo/ros2_ws/install/thruster_manager/lib/python3.10/site-packages'
[20.266s] Level 1:colcon.colcon_core.environment:checking '/home/kyo/ros2_ws/install/thruster_manager/bin'
[20.266s] INFO:colcon.colcon_core.shell:Creating package script '/home/kyo/ros2_ws/install/thruster_manager/share/thruster_manager/package.ps1'
[20.266s] INFO:colcon.colcon_core.shell:Creating package descriptor '/home/kyo/ros2_ws/install/thruster_manager/share/thruster_manager/package.dsv'
[20.267s] INFO:colcon.colcon_core.shell:Creating package script '/home/kyo/ros2_ws/install/thruster_manager/share/thruster_manager/package.sh'
[20.267s] INFO:colcon.colcon_core.shell:Creating package script '/home/kyo/ros2_ws/install/thruster_manager/share/thruster_manager/package.bash'
[20.267s] INFO:colcon.colcon_core.shell:Creating package script '/home/kyo/ros2_ws/install/thruster_manager/share/thruster_manager/package.zsh'
[20.267s] Level 1:colcon.colcon_core.environment:create_file_with_runtime_dependencies(/home/kyo/ros2_ws/install/thruster_manager/share/colcon-core/packages/thruster_manager)
[20.280s] Level 1:colcon.colcon_core.environment:create_environment_scripts_only(thruster_manager)
[20.280s] Level 1:colcon.colcon_core.environment:checking '/home/kyo/ros2_ws/install/thruster_manager' for CMake module files
[20.280s] Level 1:colcon.colcon_core.environment:checking '/home/kyo/ros2_ws/install/thruster_manager' for CMake config files
[20.280s] Level 1:colcon.colcon_core.shell:create_environment_hook('thruster_manager', 'cmake_prefix_path')
[20.280s] INFO:colcon.colcon_core.shell:Creating environment hook '/home/kyo/ros2_ws/install/thruster_manager/share/thruster_manager/hook/cmake_prefix_path.ps1'
[20.281s] INFO:colcon.colcon_core.shell:Creating environment descriptor '/home/kyo/ros2_ws/install/thruster_manager/share/thruster_manager/hook/cmake_prefix_path.dsv'
[20.281s] INFO:colcon.colcon_core.shell:Creating environment hook '/home/kyo/ros2_ws/install/thruster_manager/share/thruster_manager/hook/cmake_prefix_path.sh'
[20.281s] Level 1:colcon.colcon_core.environment:checking '/home/kyo/ros2_ws/install/thruster_manager/lib'
[20.281s] Level 1:colcon.colcon_core.shell:create_environment_hook('thruster_manager', 'ld_library_path_lib')
[20.281s] INFO:colcon.colcon_core.shell:Creating environment hook '/home/kyo/ros2_ws/install/thruster_manager/share/thruster_manager/hook/ld_library_path_lib.ps1'
[20.281s] INFO:colcon.colcon_core.shell:Creating environment descriptor '/home/kyo/ros2_ws/install/thruster_manager/share/thruster_manager/hook/ld_library_path_lib.dsv'
[20.281s] INFO:colcon.colcon_core.shell:Creating environment hook '/home/kyo/ros2_ws/install/thruster_manager/share/thruster_manager/hook/ld_library_path_lib.sh'
[20.282s] Level 1:colcon.colcon_core.environment:checking '/home/kyo/ros2_ws/install/thruster_manager/bin'
[20.282s] Level 1:colcon.colcon_core.environment:checking '/home/kyo/ros2_ws/install/thruster_manager/lib/pkgconfig/thruster_manager.pc'
[20.282s] Level 1:colcon.colcon_core.environment:checking '/home/kyo/ros2_ws/install/thruster_manager/lib/python3.10/site-packages'
[20.282s] Level 1:colcon.colcon_core.environment:checking '/home/kyo/ros2_ws/install/thruster_manager/bin'
[20.282s] INFO:colcon.colcon_core.shell:Creating package script '/home/kyo/ros2_ws/install/thruster_manager/share/thruster_manager/package.ps1'
[20.282s] INFO:colcon.colcon_core.shell:Creating package descriptor '/home/kyo/ros2_ws/install/thruster_manager/share/thruster_manager/package.dsv'
[20.282s] INFO:colcon.colcon_core.shell:Creating package script '/home/kyo/ros2_ws/install/thruster_manager/share/thruster_manager/package.sh'
[20.283s] INFO:colcon.colcon_core.shell:Creating package script '/home/kyo/ros2_ws/install/thruster_manager/share/thruster_manager/package.bash'
[20.283s] INFO:colcon.colcon_core.shell:Creating package script '/home/kyo/ros2_ws/install/thruster_manager/share/thruster_manager/package.zsh'
[20.283s] Level 1:colcon.colcon_core.environment:create_file_with_runtime_dependencies(/home/kyo/ros2_ws/install/thruster_manager/share/colcon-core/packages/thruster_manager)
[20.283s] INFO:colcon.colcon_ros.task.ament_cmake.build:Building ROS package in '/home/kyo/ros2_ws/src/auv_control' with build type 'ament_cmake'
[20.283s] INFO:colcon.colcon_cmake.task.cmake.build:Building CMake package in '/home/kyo/ros2_ws/src/auv_control'
[20.283s] INFO:colcon.colcon_core.shell:Skip shell extension 'powershell' for command environment: Not usable outside of PowerShell
[20.283s] DEBUG:colcon.colcon_core.shell:Skip shell extension 'dsv' for command environment
[20.288s] DEBUG:colcon.colcon_core.event_handler.log_command:Invoking command in '/home/kyo/ros2_ws/build/auv_control': AMENT_PREFIX_PATH=/home/kyo/ros2_ws/install/thruster_manager:${AMENT_PREFIX_PATH} CMAKE_PREFIX_PATH=/home/kyo/ros2_ws/install/thruster_manager:/opt/ros/humble LD_LIBRARY_PATH=/home/kyo/ros2_ws/install/thruster_manager/lib:${LD_LIBRARY_PATH} /usr/bin/cmake /home/kyo/ros2_ws/src/auv_control -DCMAKE_INSTALL_PREFIX=/home/kyo/ros2_ws/install/auv_control
[21.692s] DEBUG:colcon.colcon_core.event_handler.log_command:Invoked command in '/home/kyo/ros2_ws/build/auv_control' returned '0': AMENT_PREFIX_PATH=/home/kyo/ros2_ws/install/thruster_manager:${AMENT_PREFIX_PATH} CMAKE_PREFIX_PATH=/home/kyo/ros2_ws/install/thruster_manager:/opt/ros/humble LD_LIBRARY_PATH=/home/kyo/ros2_ws/install/thruster_manager/lib:${LD_LIBRARY_PATH} /usr/bin/cmake /home/kyo/ros2_ws/src/auv_control -DCMAKE_INSTALL_PREFIX=/home/kyo/ros2_ws/install/auv_control
[21.693s] DEBUG:colcon.colcon_core.event_handler.log_command:Invoking command in '/home/kyo/ros2_ws/build/auv_control': AMENT_PREFIX_PATH=/home/kyo/ros2_ws/install/thruster_manager:${AMENT_PREFIX_PATH} CMAKE_PREFIX_PATH=/home/kyo/ros2_ws/install/thruster_manager:/opt/ros/humble LD_LIBRARY_PATH=/home/kyo/ros2_ws/install/thruster_manager/lib:${LD_LIBRARY_PATH} /usr/bin/cmake --build /home/kyo/ros2_ws/build/auv_control -- -j20 -l20
[40.911s] DEBUG:colcon.colcon_core.event_handler.log_command:Invoked command in '/home/kyo/ros2_ws/build/auv_control' returned '0': AMENT_PREFIX_PATH=/home/kyo/ros2_ws/install/thruster_manager:${AMENT_PREFIX_PATH} CMAKE_PREFIX_PATH=/home/kyo/ros2_ws/install/thruster_manager:/opt/ros/humble LD_LIBRARY_PATH=/home/kyo/ros2_ws/install/thruster_manager/lib:${LD_LIBRARY_PATH} /usr/bin/cmake --build /home/kyo/ros2_ws/build/auv_control -- -j20 -l20
[40.957s] DEBUG:colcon.colcon_core.event_handler.log_command:Invoking command in '/home/kyo/ros2_ws/build/auv_control': AMENT_PREFIX_PATH=/home/kyo/ros2_ws/install/thruster_manager:${AMENT_PREFIX_PATH} CMAKE_PREFIX_PATH=/home/kyo/ros2_ws/install/thruster_manager:/opt/ros/humble LD_LIBRARY_PATH=/home/kyo/ros2_ws/install/thruster_manager/lib:${LD_LIBRARY_PATH} /usr/bin/cmake --install /home/kyo/ros2_ws/build/auv_control
[41.016s] Level 1:colcon.colcon_core.environment:create_environment_scripts_only(auv_control)
[41.016s] DEBUG:colcon.colcon_core.event_handler.log_command:Invoked command in '/home/kyo/ros2_ws/build/auv_control' returned '0': AMENT_PREFIX_PATH=/home/kyo/ros2_ws/install/thruster_manager:${AMENT_PREFIX_PATH} CMAKE_PREFIX_PATH=/home/kyo/ros2_ws/install/thruster_manager:/opt/ros/humble LD_LIBRARY_PATH=/home/kyo/ros2_ws/install/thruster_manager/lib:${LD_LIBRARY_PATH} /usr/bin/cmake --install /home/kyo/ros2_ws/build/auv_control
[41.016s] Level 1:colcon.colcon_core.environment:checking '/home/kyo/ros2_ws/install/auv_control' for CMake module files
[41.017s] Level 1:colcon.colcon_core.environment:checking '/home/kyo/ros2_ws/install/auv_control' for CMake config files
[41.017s] Level 1:colcon.colcon_core.shell:create_environment_hook('auv_control', 'cmake_prefix_path')
[41.017s] INFO:colcon.colcon_core.shell:Creating environment hook '/home/kyo/ros2_ws/install/auv_control/share/auv_control/hook/cmake_prefix_path.ps1'
[41.017s] INFO:colcon.colcon_core.shell:Creating environment descriptor '/home/kyo/ros2_ws/install/auv_control/share/auv_control/hook/cmake_prefix_path.dsv'
[41.017s] INFO:colcon.colcon_core.shell:Creating environment hook '/home/kyo/ros2_ws/install/auv_control/share/auv_control/hook/cmake_prefix_path.sh'
[41.018s] Level 1:colcon.colcon_core.environment:checking '/home/kyo/ros2_ws/install/auv_control/lib'
[41.018s] Level 1:colcon.colcon_core.shell:create_environment_hook('auv_control', 'ld_library_path_lib')
[41.018s] INFO:colcon.colcon_core.shell:Creating environment hook '/home/kyo/ros2_ws/install/auv_control/share/auv_control/hook/ld_library_path_lib.ps1'
[41.018s] INFO:colcon.colcon_core.shell:Creating environment descriptor '/home/kyo/ros2_ws/install/auv_control/share/auv_control/hook/ld_library_path_lib.dsv'
[41.018s] INFO:colcon.colcon_core.shell:Creating environment hook '/home/kyo/ros2_ws/install/auv_control/share/auv_control/hook/ld_library_path_lib.sh'
[41.018s] Level 1:colcon.colcon_core.environment:checking '/home/kyo/ros2_ws/install/auv_control/bin'
[41.019s] Level 1:colcon.colcon_core.environment:checking '/home/kyo/ros2_ws/install/auv_control/lib/pkgconfig/auv_control.pc'
[41.019s] Level 1:colcon.colcon_core.environment:checking '/home/kyo/ros2_ws/install/auv_control/lib/python3.10/site-packages'
[41.019s] Level 1:colcon.colcon_core.environment:checking '/home/kyo/ros2_ws/install/auv_control/bin'
[41.019s] INFO:colcon.colcon_core.shell:Creating package script '/home/kyo/ros2_ws/install/auv_control/share/auv_control/package.ps1'
[41.019s] INFO:colcon.colcon_core.shell:Creating package descriptor '/home/kyo/ros2_ws/install/auv_control/share/auv_control/package.dsv'
[41.020s] INFO:colcon.colcon_core.shell:Creating package script '/home/kyo/ros2_ws/install/auv_control/share/auv_control/package.sh'
[41.020s] INFO:colcon.colcon_core.shell:Creating package script '/home/kyo/ros2_ws/install/auv_control/share/auv_control/package.bash'
[41.020s] INFO:colcon.colcon_core.shell:Creating package script '/home/kyo/ros2_ws/install/auv_control/share/auv_control/package.zsh'
[41.021s] Level 1:colcon.colcon_core.environment:create_file_with_runtime_dependencies(/home/kyo/ros2_ws/install/auv_control/share/colcon-core/packages/auv_control)
[41.059s] Level 1:colcon.colcon_core.environment:create_environment_scripts_only(auv_control)
[41.060s] Level 1:colcon.colcon_core.environment:checking '/home/kyo/ros2_ws/install/auv_control' for CMake module files
[41.060s] Level 1:colcon.colcon_core.environment:checking '/home/kyo/ros2_ws/install/auv_control' for CMake config files
[41.060s] Level 1:colcon.colcon_core.shell:create_environment_hook('auv_control', 'cmake_prefix_path')
[41.061s] INFO:colcon.colcon_core.shell:Creating environment hook '/home/kyo/ros2_ws/install/auv_control/share/auv_control/hook/cmake_prefix_path.ps1'
[41.061s] INFO:colcon.colcon_core.shell:Creating environment descriptor '/home/kyo/ros2_ws/install/auv_control/share/auv_control/hook/cmake_prefix_path.dsv'
[41.061s] INFO:colcon.colcon_core.shell:Creating environment hook '/home/kyo/ros2_ws/install/auv_control/share/auv_control/hook/cmake_prefix_path.sh'
[41.062s] Level 1:colcon.colcon_core.environment:checking '/home/kyo/ros2_ws/install/auv_control/lib'
[41.062s] Level 1:colcon.colcon_core.shell:create_environment_hook('auv_control', 'ld_library_path_lib')
[41.062s] INFO:colcon.colcon_core.shell:Creating environment hook '/home/kyo/ros2_ws/install/auv_control/share/auv_control/hook/ld_library_path_lib.ps1'
[41.062s] INFO:colcon.colcon_core.shell:Creating environment descriptor '/home/kyo/ros2_ws/install/auv_control/share/auv_control/hook/ld_library_path_lib.dsv'
[41.062s] INFO:colcon.colcon_core.shell:Creating environment hook '/home/kyo/ros2_ws/install/auv_control/share/auv_control/hook/ld_library_path_lib.sh'
[41.062s] Level 1:colcon.colcon_core.environment:checking '/home/kyo/ros2_ws/install/auv_control/bin'
[41.062s] Level 1:colcon.colcon_core.environment:checking '/home/kyo/ros2_ws/install/auv_control/lib/pkgconfig/auv_control.pc'
[41.063s] Level 1:colcon.colcon_core.environment:checking '/home/kyo/ros2_ws/install/auv_control/lib/python3.10/site-packages'
[41.063s] Level 1:colcon.colcon_core.environment:checking '/home/kyo/ros2_ws/install/auv_control/bin'
[41.063s] INFO:colcon.colcon_core.shell:Creating package script '/home/kyo/ros2_ws/install/auv_control/share/auv_control/package.ps1'
[41.063s] INFO:colcon.colcon_core.shell:Creating package descriptor '/home/kyo/ros2_ws/install/auv_control/share/auv_control/package.dsv'
[41.064s] INFO:colcon.colcon_core.shell:Creating package script '/home/kyo/ros2_ws/install/auv_control/share/auv_control/package.sh'
[41.064s] INFO:colcon.colcon_core.shell:Creating package script '/home/kyo/ros2_ws/install/auv_control/share/auv_control/package.bash'
[41.064s] INFO:colcon.colcon_core.shell:Creating package script '/home/kyo/ros2_ws/install/auv_control/share/auv_control/package.zsh'
[41.064s] Level 1:colcon.colcon_core.environment:create_file_with_runtime_dependencies(/home/kyo/ros2_ws/install/auv_control/share/colcon-core/packages/auv_control)
[41.065s] INFO:colcon.colcon_ros.task.ament_cmake.build:Building ROS package in '/home/kyo/ros2_ws/src/bluerov2/bluerov2_control' with build type 'ament_cmake'
[41.065s] INFO:colcon.colcon_cmake.task.cmake.build:Building CMake package in '/home/kyo/ros2_ws/src/bluerov2/bluerov2_control'
[41.065s] INFO:colcon.colcon_core.shell:Skip shell extension 'powershell' for command environment: Not usable outside of PowerShell
[41.065s] DEBUG:colcon.colcon_core.shell:Skip shell extension 'dsv' for command environment
[41.073s] DEBUG:colcon.colcon_core.event_handler.log_command:Invoking command in '/home/kyo/ros2_ws/build/bluerov2_control': AMENT_PREFIX_PATH=/home/kyo/ros2_ws/install/auv_control:/home/kyo/ros2_ws/install/thruster_manager:${AMENT_PREFIX_PATH} CMAKE_PREFIX_PATH=/home/kyo/ros2_ws/install/auv_control:/home/kyo/ros2_ws/install/thruster_manager:/opt/ros/humble LD_LIBRARY_PATH=/home/kyo/ros2_ws/install/auv_control/lib:/home/kyo/ros2_ws/install/thruster_manager/lib:${LD_LIBRARY_PATH} PYTHONPATH=/home/kyo/ros2_ws/install/auv_control/local/lib/python3.10/dist-packages:${PYTHONPATH} /usr/bin/cmake /home/kyo/ros2_ws/src/bluerov2/bluerov2_control -DCMAKE_INSTALL_PREFIX=/home/kyo/ros2_ws/install/bluerov2_control
[41.521s] DEBUG:colcon.colcon_core.event_handler.log_command:Invoked command in '/home/kyo/ros2_ws/build/bluerov2_control' returned '0': AMENT_PREFIX_PATH=/home/kyo/ros2_ws/install/auv_control:/home/kyo/ros2_ws/install/thruster_manager:${AMENT_PREFIX_PATH} CMAKE_PREFIX_PATH=/home/kyo/ros2_ws/install/auv_control:/home/kyo/ros2_ws/install/thruster_manager:/opt/ros/humble LD_LIBRARY_PATH=/home/kyo/ros2_ws/install/auv_control/lib:/home/kyo/ros2_ws/install/thruster_manager/lib:${LD_LIBRARY_PATH} PYTHONPATH=/home/kyo/ros2_ws/install/auv_control/local/lib/python3.10/dist-packages:${PYTHONPATH} /usr/bin/cmake /home/kyo/ros2_ws/src/bluerov2/bluerov2_control -DCMAKE_INSTALL_PREFIX=/home/kyo/ros2_ws/install/bluerov2_control
[41.522s] DEBUG:colcon.colcon_core.event_handler.log_command:Invoking command in '/home/kyo/ros2_ws/build/bluerov2_control': AMENT_PREFIX_PATH=/home/kyo/ros2_ws/install/auv_control:/home/kyo/ros2_ws/install/thruster_manager:${AMENT_PREFIX_PATH} CMAKE_PREFIX_PATH=/home/kyo/ros2_ws/install/auv_control:/home/kyo/ros2_ws/install/thruster_manager:/opt/ros/humble LD_LIBRARY_PATH=/home/kyo/ros2_ws/install/auv_control/lib:/home/kyo/ros2_ws/install/thruster_manager/lib:${LD_LIBRARY_PATH} PYTHONPATH=/home/kyo/ros2_ws/install/auv_control/local/lib/python3.10/dist-packages:${PYTHONPATH} /usr/bin/cmake --build /home/kyo/ros2_ws/build/bluerov2_control -- -j20 -l20
[41.545s] DEBUG:colcon.colcon_core.event_handler.log_command:Invoked command in '/home/kyo/ros2_ws/build/bluerov2_control' returned '0': AMENT_PREFIX_PATH=/home/kyo/ros2_ws/install/auv_control:/home/kyo/ros2_ws/install/thruster_manager:${AMENT_PREFIX_PATH} CMAKE_PREFIX_PATH=/home/kyo/ros2_ws/install/auv_control:/home/kyo/ros2_ws/install/thruster_manager:/opt/ros/humble LD_LIBRARY_PATH=/home/kyo/ros2_ws/install/auv_control/lib:/home/kyo/ros2_ws/install/thruster_manager/lib:${LD_LIBRARY_PATH} PYTHONPATH=/home/kyo/ros2_ws/install/auv_control/local/lib/python3.10/dist-packages:${PYTHONPATH} /usr/bin/cmake --build /home/kyo/ros2_ws/build/bluerov2_control -- -j20 -l20
[41.558s] DEBUG:colcon.colcon_core.event_handler.log_command:Invoking command in '/home/kyo/ros2_ws/build/bluerov2_control': AMENT_PREFIX_PATH=/home/kyo/ros2_ws/install/auv_control:/home/kyo/ros2_ws/install/thruster_manager:${AMENT_PREFIX_PATH} CMAKE_PREFIX_PATH=/home/kyo/ros2_ws/install/auv_control:/home/kyo/ros2_ws/install/thruster_manager:/opt/ros/humble LD_LIBRARY_PATH=/home/kyo/ros2_ws/install/auv_control/lib:/home/kyo/ros2_ws/install/thruster_manager/lib:${LD_LIBRARY_PATH} PYTHONPATH=/home/kyo/ros2_ws/install/auv_control/local/lib/python3.10/dist-packages:${PYTHONPATH} /usr/bin/cmake --install /home/kyo/ros2_ws/build/bluerov2_control
[41.567s] Level 1:colcon.colcon_core.environment:create_environment_scripts_only(bluerov2_control)
[41.567s] Level 1:colcon.colcon_core.environment:checking '/home/kyo/ros2_ws/install/bluerov2_control' for CMake module files
[41.568s] DEBUG:colcon.colcon_core.event_handler.log_command:Invoked command in '/home/kyo/ros2_ws/build/bluerov2_control' returned '0': AMENT_PREFIX_PATH=/home/kyo/ros2_ws/install/auv_control:/home/kyo/ros2_ws/install/thruster_manager:${AMENT_PREFIX_PATH} CMAKE_PREFIX_PATH=/home/kyo/ros2_ws/install/auv_control:/home/kyo/ros2_ws/install/thruster_manager:/opt/ros/humble LD_LIBRARY_PATH=/home/kyo/ros2_ws/install/auv_control/lib:/home/kyo/ros2_ws/install/thruster_manager/lib:${LD_LIBRARY_PATH} PYTHONPATH=/home/kyo/ros2_ws/install/auv_control/local/lib/python3.10/dist-packages:${PYTHONPATH} /usr/bin/cmake --install /home/kyo/ros2_ws/build/bluerov2_control
[41.568s] Level 1:colcon.colcon_core.environment:checking '/home/kyo/ros2_ws/install/bluerov2_control' for CMake config files
[41.568s] Level 1:colcon.colcon_core.shell:create_environment_hook('bluerov2_control', 'cmake_prefix_path')
[41.568s] INFO:colcon.colcon_core.shell:Creating environment hook '/home/kyo/ros2_ws/install/bluerov2_control/share/bluerov2_control/hook/cmake_prefix_path.ps1'
[41.568s] INFO:colcon.colcon_core.shell:Creating environment descriptor '/home/kyo/ros2_ws/install/bluerov2_control/share/bluerov2_control/hook/cmake_prefix_path.dsv'
[41.569s] INFO:colcon.colcon_core.shell:Creating environment hook '/home/kyo/ros2_ws/install/bluerov2_control/share/bluerov2_control/hook/cmake_prefix_path.sh'
[41.569s] Level 1:colcon.colcon_core.environment:checking '/home/kyo/ros2_ws/install/bluerov2_control/bin'
[41.569s] Level 1:colcon.colcon_core.environment:checking '/home/kyo/ros2_ws/install/bluerov2_control/lib/pkgconfig/bluerov2_control.pc'
[41.569s] Level 1:colcon.colcon_core.environment:checking '/home/kyo/ros2_ws/install/bluerov2_control/lib/python3.10/site-packages'
[41.569s] Level 1:colcon.colcon_core.environment:checking '/home/kyo/ros2_ws/install/bluerov2_control/bin'
[41.569s] INFO:colcon.colcon_core.shell:Creating package script '/home/kyo/ros2_ws/install/bluerov2_control/share/bluerov2_control/package.ps1'
[41.570s] INFO:colcon.colcon_core.shell:Creating package descriptor '/home/kyo/ros2_ws/install/bluerov2_control/share/bluerov2_control/package.dsv'
[41.570s] INFO:colcon.colcon_core.shell:Creating package script '/home/kyo/ros2_ws/install/bluerov2_control/share/bluerov2_control/package.sh'
[41.570s] INFO:colcon.colcon_core.shell:Creating package script '/home/kyo/ros2_ws/install/bluerov2_control/share/bluerov2_control/package.bash'
[41.570s] INFO:colcon.colcon_core.shell:Creating package script '/home/kyo/ros2_ws/install/bluerov2_control/share/bluerov2_control/package.zsh'
[41.571s] Level 1:colcon.colcon_core.environment:create_file_with_runtime_dependencies(/home/kyo/ros2_ws/install/bluerov2_control/share/colcon-core/packages/bluerov2_control)
[41.583s] Level 1:colcon.colcon_core.environment:create_environment_scripts_only(bluerov2_control)
[41.584s] Level 1:colcon.colcon_core.environment:checking '/home/kyo/ros2_ws/install/bluerov2_control' for CMake module files
[41.584s] Level 1:colcon.colcon_core.environment:checking '/home/kyo/ros2_ws/install/bluerov2_control' for CMake config files
[41.584s] Level 1:colcon.colcon_core.shell:create_environment_hook('bluerov2_control', 'cmake_prefix_path')
[41.584s] INFO:colcon.colcon_core.shell:Creating environment hook '/home/kyo/ros2_ws/install/bluerov2_control/share/bluerov2_control/hook/cmake_prefix_path.ps1'
[41.584s] INFO:colcon.colcon_core.shell:Creating environment descriptor '/home/kyo/ros2_ws/install/bluerov2_control/share/bluerov2_control/hook/cmake_prefix_path.dsv'
[41.585s] INFO:colcon.colcon_core.shell:Creating environment hook '/home/kyo/ros2_ws/install/bluerov2_control/share/bluerov2_control/hook/cmake_prefix_path.sh'
[41.585s] Level 1:colcon.colcon_core.environment:checking '/home/kyo/ros2_ws/install/bluerov2_control/bin'
[41.585s] Level 1:colcon.colcon_core.environment:checking '/home/kyo/ros2_ws/install/bluerov2_control/lib/pkgconfig/bluerov2_control.pc'
[41.585s] Level 1:colcon.colcon_core.environment:checking '/home/kyo/ros2_ws/install/bluerov2_control/lib/python3.10/site-packages'
[41.585s] Level 1:colcon.colcon_core.environment:checking '/home/kyo/ros2_ws/install/bluerov2_control/bin'
[41.586s] INFO:colcon.colcon_core.shell:Creating package script '/home/kyo/ros2_ws/install/bluerov2_control/share/bluerov2_control/package.ps1'
[41.586s] INFO:colcon.colcon_core.shell:Creating package descriptor '/home/kyo/ros2_ws/install/bluerov2_control/share/bluerov2_control/package.dsv'
[41.586s] INFO:colcon.colcon_core.shell:Creating package script '/home/kyo/ros2_ws/install/bluerov2_control/share/bluerov2_control/package.sh'
[41.586s] INFO:colcon.colcon_core.shell:Creating package script '/home/kyo/ros2_ws/install/bluerov2_control/share/bluerov2_control/package.bash'
[41.587s] INFO:colcon.colcon_core.shell:Creating package script '/home/kyo/ros2_ws/install/bluerov2_control/share/bluerov2_control/package.zsh'
[41.587s] Level 1:colcon.colcon_core.environment:create_file_with_runtime_dependencies(/home/kyo/ros2_ws/install/bluerov2_control/share/colcon-core/packages/bluerov2_control)
[41.587s] DEBUG:colcon.colcon_parallel_executor.executor.parallel:closing loop
[41.587s] DEBUG:colcon.colcon_parallel_executor.executor.parallel:loop closed
[41.587s] DEBUG:colcon.colcon_parallel_executor.executor.parallel:run_until_complete finished with '0'
[41.587s] DEBUG:colcon.colcon_core.event_reactor:joining thread
[41.591s] INFO:colcon.colcon_core.plugin_system:Skipping extension 'colcon_notification.desktop_notification.terminal_notifier': Not used on non-Darwin systems
[41.591s] INFO:colcon.colcon_core.plugin_system:Skipping extension 'colcon_notification.desktop_notification.win32': Not used on non-Windows systems
[41.591s] INFO:colcon.colcon_notification.desktop_notification:Sending desktop notification using 'notify2'
[41.600s] DEBUG:colcon.colcon_core.event_reactor:joined thread
[41.601s] INFO:colcon.colcon_core.shell:Creating prefix script '/home/kyo/ros2_ws/install/local_setup.ps1'
[41.601s] INFO:colcon.colcon_core.shell:Creating prefix util module '/home/kyo/ros2_ws/install/_local_setup_util_ps1.py'
[41.602s] INFO:colcon.colcon_core.shell:Creating prefix chain script '/home/kyo/ros2_ws/install/setup.ps1'
[41.603s] INFO:colcon.colcon_core.shell:Creating prefix script '/home/kyo/ros2_ws/install/local_setup.sh'
[41.603s] INFO:colcon.colcon_core.shell:Creating prefix util module '/home/kyo/ros2_ws/install/_local_setup_util_sh.py'
[41.603s] INFO:colcon.colcon_core.shell:Creating prefix chain script '/home/kyo/ros2_ws/install/setup.sh'
[41.604s] INFO:colcon.colcon_core.shell:Creating prefix script '/home/kyo/ros2_ws/install/local_setup.bash'
[41.604s] INFO:colcon.colcon_core.shell:Creating prefix chain script '/home/kyo/ros2_ws/install/setup.bash'
[41.605s] INFO:colcon.colcon_core.shell:Creating prefix script '/home/kyo/ros2_ws/install/local_setup.zsh'
[41.605s] INFO:colcon.colcon_core.shell:Creating prefix chain script '/home/kyo/ros2_ws/install/setup.zsh'
