-- Install configuration: ""
-- Up-to-date: /home/kyo/ros2_ws/install/bluerov2_control/share/bluerov2_control/launch
-- Up-to-date: /home/kyo/ros2_ws/install/bluerov2_control/share/bluerov2_control/launch/cascaded_pids_launch.py
-- Up-to-date: /home/kyo/ros2_ws/install/bluerov2_control/share/bluerov2_control/launch/rviz_launch.py
-- Up-to-date: /home/kyo/ros2_ws/install/bluerov2_control/share/bluerov2_control/launch/wrench_launch.py
-- Up-to-date: /home/kyo/ros2_ws/install/bluerov2_control/share/bluerov2_control/config
-- Up-to-date: /home/kyo/ros2_ws/install/bluerov2_control/share/bluerov2_control/config/bluerov2.rviz
-- Up-to-date: /home/kyo/ros2_ws/install/bluerov2_control/share/bluerov2_control/config/tilt.yaml
-- Up-to-date: /home/kyo/ros2_ws/install/bluerov2_control/share/bluerov2_control/config/cascaded_pid.yaml
-- Up-to-date: /home/kyo/ros2_ws/install/bluerov2_control/share/bluerov2_control/config/thruster_manager.yaml
-- Up-to-date: /home/kyo/ros2_ws/install/bluerov2_control/share/bluerov2_control/config/manual.yaml
-- Up-to-date: /home/kyo/ros2_ws/install/bluerov2_control/share/bluerov2_control/config/anchors.yaml
-- Up-to-date: /home/kyo/ros2_ws/install/bluerov2_control/share/ament_index/resource_index/package_run_dependencies/bluerov2_control
-- Up-to-date: /home/kyo/ros2_ws/install/bluerov2_control/share/ament_index/resource_index/parent_prefix_path/bluerov2_control
-- Up-to-date: /home/kyo/ros2_ws/install/bluerov2_control/share/bluerov2_control/environment/ament_prefix_path.sh
-- Up-to-date: /home/kyo/ros2_ws/install/bluerov2_control/share/bluerov2_control/environment/ament_prefix_path.dsv
-- Up-to-date: /home/kyo/ros2_ws/install/bluerov2_control/share/bluerov2_control/environment/path.sh
-- Up-to-date: /home/kyo/ros2_ws/install/bluerov2_control/share/bluerov2_control/environment/path.dsv
-- Up-to-date: /home/kyo/ros2_ws/install/bluerov2_control/share/bluerov2_control/local_setup.bash
-- Up-to-date: /home/kyo/ros2_ws/install/bluerov2_control/share/bluerov2_control/local_setup.sh
-- Up-to-date: /home/kyo/ros2_ws/install/bluerov2_control/share/bluerov2_control/local_setup.zsh
-- Up-to-date: /home/kyo/ros2_ws/install/bluerov2_control/share/bluerov2_control/local_setup.dsv
-- Up-to-date: /home/kyo/ros2_ws/install/bluerov2_control/share/bluerov2_control/package.dsv
-- Up-to-date: /home/kyo/ros2_ws/install/bluerov2_control/share/ament_index/resource_index/packages/bluerov2_control
-- Up-to-date: /home/kyo/ros2_ws/install/bluerov2_control/share/bluerov2_control/cmake/bluerov2_controlConfig.cmake
-- Up-to-date: /home/kyo/ros2_ws/install/bluerov2_control/share/bluerov2_control/cmake/bluerov2_controlConfig-version.cmake
-- Up-to-date: /home/kyo/ros2_ws/install/bluerov2_control/share/bluerov2_control/package.xml
