[0.009s] Invoking command in '/home/kyo/ros2_ws/build/bluerov2_control': AMENT_PREFIX_PATH=/home/kyo/ros2_ws/install/auv_control:/home/kyo/ros2_ws/install/thruster_manager:${AMENT_PREFIX_PATH} CMAKE_PREFIX_PATH=/home/kyo/ros2_ws/install/auv_control:/home/kyo/ros2_ws/install/thruster_manager:/opt/ros/humble LD_LIBRARY_PATH=/home/kyo/ros2_ws/install/auv_control/lib:/home/kyo/ros2_ws/install/thruster_manager/lib:${LD_LIBRARY_PATH} PYTHONPATH=/home/kyo/ros2_ws/install/auv_control/local/lib/python3.10/dist-packages:${PYTHONPATH} /usr/bin/cmake --build /home/kyo/ros2_ws/build/bluerov2_control -- -j20 -l20
[0.032s] Invoked command in '/home/kyo/ros2_ws/build/bluerov2_control' returned '0': AMENT_PREFIX_PATH=/home/kyo/ros2_ws/install/auv_control:/home/kyo/ros2_ws/install/thruster_manager:${AMENT_PREFIX_PATH} CMAKE_PREFIX_PATH=/home/kyo/ros2_ws/install/auv_control:/home/kyo/ros2_ws/install/thruster_manager:/opt/ros/humble LD_LIBRARY_PATH=/home/kyo/ros2_ws/install/auv_control/lib:/home/kyo/ros2_ws/install/thruster_manager/lib:${LD_LIBRARY_PATH} PYTHONPATH=/home/kyo/ros2_ws/install/auv_control/local/lib/python3.10/dist-packages:${PYTHONPATH} /usr/bin/cmake --build /home/kyo/ros2_ws/build/bluerov2_control -- -j20 -l20
[0.042s] Invoking command in '/home/kyo/ros2_ws/build/bluerov2_control': AMENT_PREFIX_PATH=/home/kyo/ros2_ws/install/auv_control:/home/kyo/ros2_ws/install/thruster_manager:${AMENT_PREFIX_PATH} CMAKE_PREFIX_PATH=/home/kyo/ros2_ws/install/auv_control:/home/kyo/ros2_ws/install/thruster_manager:/opt/ros/humble LD_LIBRARY_PATH=/home/kyo/ros2_ws/install/auv_control/lib:/home/kyo/ros2_ws/install/thruster_manager/lib:${LD_LIBRARY_PATH} PYTHONPATH=/home/kyo/ros2_ws/install/auv_control/local/lib/python3.10/dist-packages:${PYTHONPATH} /usr/bin/cmake --install /home/kyo/ros2_ws/build/bluerov2_control
[0.046s] -- Install configuration: ""
[0.046s] -- Up-to-date: /home/kyo/ros2_ws/install/bluerov2_control/share/bluerov2_control/launch
[0.046s] -- Up-to-date: /home/kyo/ros2_ws/install/bluerov2_control/share/bluerov2_control/launch/cascaded_pids_launch.py
[0.046s] -- Up-to-date: /home/kyo/ros2_ws/install/bluerov2_control/share/bluerov2_control/launch/rviz_launch.py
[0.046s] -- Up-to-date: /home/kyo/ros2_ws/install/bluerov2_control/share/bluerov2_control/launch/wrench_launch.py
[0.046s] -- Up-to-date: /home/kyo/ros2_ws/install/bluerov2_control/share/bluerov2_control/config
[0.047s] -- Up-to-date: /home/kyo/ros2_ws/install/bluerov2_control/share/bluerov2_control/config/bluerov2.rviz
[0.047s] -- Up-to-date: /home/kyo/ros2_ws/install/bluerov2_control/share/bluerov2_control/config/tilt.yaml
[0.047s] -- Up-to-date: /home/kyo/ros2_ws/install/bluerov2_control/share/bluerov2_control/config/cascaded_pid.yaml
[0.047s] -- Up-to-date: /home/kyo/ros2_ws/install/bluerov2_control/share/bluerov2_control/config/thruster_manager.yaml
[0.047s] -- Up-to-date: /home/kyo/ros2_ws/install/bluerov2_control/share/bluerov2_control/config/manual.yaml
[0.047s] -- Up-to-date: /home/kyo/ros2_ws/install/bluerov2_control/share/bluerov2_control/config/anchors.yaml
[0.047s] -- Up-to-date: /home/kyo/ros2_ws/install/bluerov2_control/share/ament_index/resource_index/package_run_dependencies/bluerov2_control
[0.047s] -- Up-to-date: /home/kyo/ros2_ws/install/bluerov2_control/share/ament_index/resource_index/parent_prefix_path/bluerov2_control
[0.047s] -- Up-to-date: /home/kyo/ros2_ws/install/bluerov2_control/share/bluerov2_control/environment/ament_prefix_path.sh
[0.047s] -- Up-to-date: /home/kyo/ros2_ws/install/bluerov2_control/share/bluerov2_control/environment/ament_prefix_path.dsv
[0.047s] -- Up-to-date: /home/kyo/ros2_ws/install/bluerov2_control/share/bluerov2_control/environment/path.sh
[0.047s] -- Up-to-date: /home/kyo/ros2_ws/install/bluerov2_control/share/bluerov2_control/environment/path.dsv
[0.047s] -- Up-to-date: /home/kyo/ros2_ws/install/bluerov2_control/share/bluerov2_control/local_setup.bash
[0.047s] -- Up-to-date: /home/kyo/ros2_ws/install/bluerov2_control/share/bluerov2_control/local_setup.sh
[0.047s] -- Up-to-date: /home/kyo/ros2_ws/install/bluerov2_control/share/bluerov2_control/local_setup.zsh
[0.047s] -- Up-to-date: /home/kyo/ros2_ws/install/bluerov2_control/share/bluerov2_control/local_setup.dsv
[0.047s] -- Up-to-date: /home/kyo/ros2_ws/install/bluerov2_control/share/bluerov2_control/package.dsv
[0.047s] -- Up-to-date: /home/kyo/ros2_ws/install/bluerov2_control/share/ament_index/resource_index/packages/bluerov2_control
[0.047s] -- Up-to-date: /home/kyo/ros2_ws/install/bluerov2_control/share/bluerov2_control/cmake/bluerov2_controlConfig.cmake
[0.047s] -- Up-to-date: /home/kyo/ros2_ws/install/bluerov2_control/share/bluerov2_control/cmake/bluerov2_controlConfig-version.cmake
[0.047s] -- Up-to-date: /home/kyo/ros2_ws/install/bluerov2_control/share/bluerov2_control/package.xml
[0.048s] Invoked command in '/home/kyo/ros2_ws/build/bluerov2_control' returned '0': AMENT_PREFIX_PATH=/home/kyo/ros2_ws/install/auv_control:/home/kyo/ros2_ws/install/thruster_manager:${AMENT_PREFIX_PATH} CMAKE_PREFIX_PATH=/home/kyo/ros2_ws/install/auv_control:/home/kyo/ros2_ws/install/thruster_manager:/opt/ros/humble LD_LIBRARY_PATH=/home/kyo/ros2_ws/install/auv_control/lib:/home/kyo/ros2_ws/install/thruster_manager/lib:${LD_LIBRARY_PATH} PYTHONPATH=/home/kyo/ros2_ws/install/auv_control/local/lib/python3.10/dist-packages:${PYTHONPATH} /usr/bin/cmake --install /home/kyo/ros2_ws/build/bluerov2_control
