[0.007s] Invoking command in '/home/kyo/ros2_ws/build/pose_to_tf': CMAKE_PREFIX_PATH=/opt/ros/humble /usr/bin/cmake /home/kyo/ros2_ws/src/pose_to_tf -DCMAKE_INSTALL_PREFIX=/home/kyo/ros2_ws/install/pose_to_tf
[0.042s] -- The C compiler identification is GNU 11.4.0
[0.074s] -- The CXX compiler identification is GNU 11.4.0
[0.078s] -- Detecting C compiler ABI info
[0.119s] -- Detecting C compiler ABI info - done
[0.124s] -- Check for working C compiler: /usr/bin/cc - skipped
[0.125s] -- Detecting C compile features
[0.125s] -- Detecting C compile features - done
[0.126s] -- Detecting CXX compiler ABI info
[0.177s] -- Detecting CXX compiler ABI info - done
[0.186s] -- Check for working CXX compiler: /usr/bin/c++ - skipped
[0.186s] -- Detecting CXX compile features
[0.187s] -- Detecting CXX compile features - done
[0.188s] -- Found ament_cmake_auto: 1.3.8 (/opt/ros/humble/share/ament_cmake_auto/cmake)
[0.294s] -- Found Python3: /usr/bin/python3 (found version "3.10.12") found components: Interpreter 
[0.452s] -- Found rosidl_generator_c: 3.1.5 (/opt/ros/humble/share/rosidl_generator_c/cmake)
[0.455s] -- Found rosidl_adapter: 3.1.5 (/opt/ros/humble/share/rosidl_adapter/cmake)
[0.461s] -- Found rosidl_generator_cpp: 3.1.5 (/opt/ros/humble/share/rosidl_generator_cpp/cmake)
[0.471s] -- Using all available rosidl_typesupport_c: rosidl_typesupport_fastrtps_c;rosidl_typesupport_introspection_c
[0.487s] -- Using all available rosidl_typesupport_cpp: rosidl_typesupport_fastrtps_cpp;rosidl_typesupport_introspection_cpp
[0.539s] -- Found rmw_implementation_cmake: 6.1.1 (/opt/ros/humble/share/rmw_implementation_cmake/cmake)
[0.540s] -- Found rmw_fastrtps_cpp: 6.2.6 (/opt/ros/humble/share/rmw_fastrtps_cpp/cmake)
[0.602s] -- Found OpenSSL: /usr/lib/x86_64-linux-gnu/libcrypto.so (found version "3.0.2")  
[0.622s] -- Found FastRTPS: /opt/ros/humble/include  
[0.660s] -- Using RMW implementation 'rmw_fastrtps_cpp' as default
[0.668s] -- Looking for pthread.h
[0.718s] -- Looking for pthread.h - found
[0.718s] -- Performing Test CMAKE_HAVE_LIBC_PTHREAD
[0.770s] -- Performing Test CMAKE_HAVE_LIBC_PTHREAD - Success
[0.772s] -- Found Threads: TRUE  
[1.263s] -- Configuring done
[1.269s] -- Generating done
[1.270s] -- Build files have been written to: /home/kyo/ros2_ws/build/pose_to_tf
[1.277s] Invoked command in '/home/kyo/ros2_ws/build/pose_to_tf' returned '0': CMAKE_PREFIX_PATH=/opt/ros/humble /usr/bin/cmake /home/kyo/ros2_ws/src/pose_to_tf -DCMAKE_INSTALL_PREFIX=/home/kyo/ros2_ws/install/pose_to_tf
[1.277s] Invoking command in '/home/kyo/ros2_ws/build/pose_to_tf': CMAKE_PREFIX_PATH=/opt/ros/humble /usr/bin/cmake --build /home/kyo/ros2_ws/build/pose_to_tf -- -j20 -l20
[1.305s] [ 50%] [32mBuilding CXX object CMakeFiles/pose_to_tf.dir/pose_to_tf.cpp.o[0m
[15.447s] [100%] [32m[1mLinking CXX executable pose_to_tf[0m
[16.282s] [100%] Built target pose_to_tf
[16.294s] Invoked command in '/home/kyo/ros2_ws/build/pose_to_tf' returned '0': CMAKE_PREFIX_PATH=/opt/ros/humble /usr/bin/cmake --build /home/kyo/ros2_ws/build/pose_to_tf -- -j20 -l20
[16.305s] Invoking command in '/home/kyo/ros2_ws/build/pose_to_tf': CMAKE_PREFIX_PATH=/opt/ros/humble /usr/bin/cmake --install /home/kyo/ros2_ws/build/pose_to_tf
[16.309s] -- Install configuration: ""
[16.309s] -- Installing: /home/kyo/ros2_ws/install/pose_to_tf/lib/pose_to_tf/pose_to_tf
[16.316s] -- Set runtime path of "/home/kyo/ros2_ws/install/pose_to_tf/lib/pose_to_tf/pose_to_tf" to ""
[16.317s] -- Installing: /home/kyo/ros2_ws/install/pose_to_tf/share/ament_index/resource_index/package_run_dependencies/pose_to_tf
[16.317s] -- Installing: /home/kyo/ros2_ws/install/pose_to_tf/share/ament_index/resource_index/parent_prefix_path/pose_to_tf
[16.317s] -- Installing: /home/kyo/ros2_ws/install/pose_to_tf/share/pose_to_tf/environment/ament_prefix_path.sh
[16.317s] -- Installing: /home/kyo/ros2_ws/install/pose_to_tf/share/pose_to_tf/environment/ament_prefix_path.dsv
[16.317s] -- Installing: /home/kyo/ros2_ws/install/pose_to_tf/share/pose_to_tf/environment/path.sh
[16.317s] -- Installing: /home/kyo/ros2_ws/install/pose_to_tf/share/pose_to_tf/environment/path.dsv
[16.317s] -- Installing: /home/kyo/ros2_ws/install/pose_to_tf/share/pose_to_tf/local_setup.bash
[16.317s] -- Installing: /home/kyo/ros2_ws/install/pose_to_tf/share/pose_to_tf/local_setup.sh
[16.317s] -- Installing: /home/kyo/ros2_ws/install/pose_to_tf/share/pose_to_tf/local_setup.zsh
[16.317s] -- Installing: /home/kyo/ros2_ws/install/pose_to_tf/share/pose_to_tf/local_setup.dsv
[16.317s] -- Installing: /home/kyo/ros2_ws/install/pose_to_tf/share/pose_to_tf/package.dsv
[16.317s] -- Installing: /home/kyo/ros2_ws/install/pose_to_tf/share/ament_index/resource_index/packages/pose_to_tf
[16.317s] -- Installing: /home/kyo/ros2_ws/install/pose_to_tf/share/pose_to_tf/cmake/ament_cmake_export_dependencies-extras.cmake
[16.317s] -- Installing: /home/kyo/ros2_ws/install/pose_to_tf/share/pose_to_tf/cmake/pose_to_tfConfig.cmake
[16.317s] -- Installing: /home/kyo/ros2_ws/install/pose_to_tf/share/pose_to_tf/cmake/pose_to_tfConfig-version.cmake
[16.317s] -- Installing: /home/kyo/ros2_ws/install/pose_to_tf/share/pose_to_tf/package.xml
[16.318s] Invoked command in '/home/kyo/ros2_ws/build/pose_to_tf' returned '0': CMAKE_PREFIX_PATH=/opt/ros/humble /usr/bin/cmake --install /home/kyo/ros2_ws/build/pose_to_tf
