[ 50%] [32mBuilding CXX object CMakeFiles/pose_to_tf.dir/pose_to_tf.cpp.o[0m
[100%] [32m[1mLinking CXX executable pose_to_tf[0m
[100%] Built target pose_to_tf
-- Install configuration: ""
-- Installing: /home/kyo/ros2_ws/src/install/pose_to_tf/lib/pose_to_tf/pose_to_tf
-- Set runtime path of "/home/kyo/ros2_ws/src/install/pose_to_tf/lib/pose_to_tf/pose_to_tf" to ""
-- Installing: /home/kyo/ros2_ws/src/install/pose_to_tf/share/ament_index/resource_index/package_run_dependencies/pose_to_tf
-- Installing: /home/kyo/ros2_ws/src/install/pose_to_tf/share/ament_index/resource_index/parent_prefix_path/pose_to_tf
-- Installing: /home/kyo/ros2_ws/src/install/pose_to_tf/share/pose_to_tf/environment/ament_prefix_path.sh
-- Installing: /home/kyo/ros2_ws/src/install/pose_to_tf/share/pose_to_tf/environment/ament_prefix_path.dsv
-- Installing: /home/kyo/ros2_ws/src/install/pose_to_tf/share/pose_to_tf/environment/path.sh
-- Installing: /home/kyo/ros2_ws/src/install/pose_to_tf/share/pose_to_tf/environment/path.dsv
-- Installing: /home/kyo/ros2_ws/src/install/pose_to_tf/share/pose_to_tf/local_setup.bash
-- Installing: /home/kyo/ros2_ws/src/install/pose_to_tf/share/pose_to_tf/local_setup.sh
-- Installing: /home/kyo/ros2_ws/src/install/pose_to_tf/share/pose_to_tf/local_setup.zsh
-- Installing: /home/kyo/ros2_ws/src/install/pose_to_tf/share/pose_to_tf/local_setup.dsv
-- Installing: /home/kyo/ros2_ws/src/install/pose_to_tf/share/pose_to_tf/package.dsv
-- Installing: /home/kyo/ros2_ws/src/install/pose_to_tf/share/ament_index/resource_index/packages/pose_to_tf
-- Installing: /home/kyo/ros2_ws/src/install/pose_to_tf/share/pose_to_tf/cmake/ament_cmake_export_dependencies-extras.cmake
-- Installing: /home/kyo/ros2_ws/src/install/pose_to_tf/share/pose_to_tf/cmake/pose_to_tfConfig.cmake
-- Installing: /home/kyo/ros2_ws/src/install/pose_to_tf/share/pose_to_tf/cmake/pose_to_tfConfig-version.cmake
-- Installing: /home/kyo/ros2_ws/src/install/pose_to_tf/share/pose_to_tf/package.xml
