[0.006s] Invoking command in '/home/kyo/ros2_ws/src/build/pose_to_tf': CMAKE_PREFIX_PATH=/opt/ros/humble /usr/bin/cmake --build /home/kyo/ros2_ws/src/build/pose_to_tf -- -j20 -l20
[0.033s] [ 50%] [32mBuilding CXX object CMakeFiles/pose_to_tf.dir/pose_to_tf.cpp.o[0m
[13.605s] [100%] [32m[1mLinking CXX executable pose_to_tf[0m
[14.367s] [100%] Built target pose_to_tf
[14.378s] Invoked command in '/home/kyo/ros2_ws/src/build/pose_to_tf' returned '0': CMAKE_PREFIX_PATH=/opt/ros/humble /usr/bin/cmake --build /home/kyo/ros2_ws/src/build/pose_to_tf -- -j20 -l20
[14.396s] Invoking command in '/home/kyo/ros2_ws/src/build/pose_to_tf': CMAKE_PREFIX_PATH=/opt/ros/humble /usr/bin/cmake --install /home/kyo/ros2_ws/src/build/pose_to_tf
[14.400s] -- Install configuration: ""
[14.400s] -- Installing: /home/kyo/ros2_ws/src/install/pose_to_tf/lib/pose_to_tf/pose_to_tf
[14.406s] -- Set runtime path of "/home/kyo/ros2_ws/src/install/pose_to_tf/lib/pose_to_tf/pose_to_tf" to ""
[14.406s] -- Installing: /home/kyo/ros2_ws/src/install/pose_to_tf/share/ament_index/resource_index/package_run_dependencies/pose_to_tf
[14.406s] -- Installing: /home/kyo/ros2_ws/src/install/pose_to_tf/share/ament_index/resource_index/parent_prefix_path/pose_to_tf
[14.406s] -- Installing: /home/kyo/ros2_ws/src/install/pose_to_tf/share/pose_to_tf/environment/ament_prefix_path.sh
[14.406s] -- Installing: /home/kyo/ros2_ws/src/install/pose_to_tf/share/pose_to_tf/environment/ament_prefix_path.dsv
[14.406s] -- Installing: /home/kyo/ros2_ws/src/install/pose_to_tf/share/pose_to_tf/environment/path.sh
[14.406s] -- Installing: /home/kyo/ros2_ws/src/install/pose_to_tf/share/pose_to_tf/environment/path.dsv
[14.407s] -- Installing: /home/kyo/ros2_ws/src/install/pose_to_tf/share/pose_to_tf/local_setup.bash
[14.407s] -- Installing: /home/kyo/ros2_ws/src/install/pose_to_tf/share/pose_to_tf/local_setup.sh
[14.407s] -- Installing: /home/kyo/ros2_ws/src/install/pose_to_tf/share/pose_to_tf/local_setup.zsh
[14.407s] -- Installing: /home/kyo/ros2_ws/src/install/pose_to_tf/share/pose_to_tf/local_setup.dsv
[14.407s] -- Installing: /home/kyo/ros2_ws/src/install/pose_to_tf/share/pose_to_tf/package.dsv
[14.407s] -- Installing: /home/kyo/ros2_ws/src/install/pose_to_tf/share/ament_index/resource_index/packages/pose_to_tf
[14.407s] -- Installing: /home/kyo/ros2_ws/src/install/pose_to_tf/share/pose_to_tf/cmake/ament_cmake_export_dependencies-extras.cmake
[14.407s] -- Installing: /home/kyo/ros2_ws/src/install/pose_to_tf/share/pose_to_tf/cmake/pose_to_tfConfig.cmake
[14.407s] -- Installing: /home/kyo/ros2_ws/src/install/pose_to_tf/share/pose_to_tf/cmake/pose_to_tfConfig-version.cmake
[14.407s] -- Installing: /home/kyo/ros2_ws/src/install/pose_to_tf/share/pose_to_tf/package.xml
[14.408s] Invoked command in '/home/kyo/ros2_ws/src/build/pose_to_tf' returned '0': CMAKE_PREFIX_PATH=/opt/ros/humble /usr/bin/cmake --install /home/kyo/ros2_ws/src/build/pose_to_tf
