[35m[1mConsolidate compiler generated dependencies of target auv_control__rosidl_generator_c[0m
[  2%] Built target auv_control__cpp
[ 10%] Built target auv_control__rosidl_generator_c
[35m[1mConsolidate compiler generated dependencies of target auv_control__rosidl_typesupport_cpp[0m
[35m[1mConsolidate compiler generated dependencies of target auv_control__rosidl_typesupport_fastrtps_cpp[0m
[35m[1mConsolidate compiler generated dependencies of target auv_control__rosidl_typesupport_introspection_cpp[0m
[ 10%] Built target ament_cmake_python_copy_auv_control
[35m[1mConsolidate compiler generated dependencies of target auv_control__rosidl_typesupport_fastrtps_c[0m
[35m[1mConsolidate compiler generated dependencies of target auv_control__rosidl_typesupport_introspection_c[0m
[ 17%] Built target auv_control__rosidl_typesupport_cpp
[ 25%] Built target auv_control__rosidl_typesupport_introspection_cpp
[ 33%] Built target auv_control__rosidl_typesupport_fastrtps_cpp
[35m[1mConsolidate compiler generated dependencies of target auv_control__rosidl_typesupport_c[0m
[ 41%] Built target auv_control__rosidl_typesupport_introspection_c
[ 48%] Built target auv_control__rosidl_typesupport_fastrtps_c
[35m[1mConsolidate compiler generated dependencies of target control_common[0m
[ 56%] Built target auv_control__rosidl_typesupport_c
[ 56%] Built target auv_control
[ 64%] Built target control_common
[35m[1mConsolidate compiler generated dependencies of target sliding_mode[0m
[35m[1mConsolidate compiler generated dependencies of target cascaded_pid[0m
[ 66%] Built target auv_control__py
[35m[1mConsolidate compiler generated dependencies of target auv_control__rosidl_generator_py[0m
[ 71%] Built target sliding_mode
[ 79%] Built target cascaded_pid
[ 84%] Built target auv_control__rosidl_generator_py
[35m[1mConsolidate compiler generated dependencies of target auv_control__rosidl_typesupport_c__pyext[0m
[35m[1mConsolidate compiler generated dependencies of target auv_control__rosidl_typesupport_introspection_c__pyext[0m
[35m[1mConsolidate compiler generated dependencies of target auv_control__rosidl_typesupport_fastrtps_c__pyext[0m
[ 94%] Built target auv_control__rosidl_typesupport_fastrtps_c__pyext
[ 94%] Built target auv_control__rosidl_typesupport_introspection_c__pyext
[100%] Built target auv_control__rosidl_typesupport_c__pyext
running egg_info
writing auv_control.egg-info/PKG-INFO
writing dependency_links to auv_control.egg-info/dependency_links.txt
writing top-level names to auv_control.egg-info/top_level.txt
reading manifest file 'auv_control.egg-info/SOURCES.txt'
writing manifest file 'auv_control.egg-info/SOURCES.txt'
[100%] Built target ament_cmake_python_build_auv_control_egg
-- Install configuration: ""
-- Up-to-date: /home/kyo/ros2_ws/src/install/auv_control/share/ament_index/resource_index/rosidl_interfaces/auv_control
-- Up-to-date: /home/kyo/ros2_ws/src/install/auv_control/include/auv_control/auv_control
-- Up-to-date: /home/kyo/ros2_ws/src/install/auv_control/include/auv_control/auv_control/msg
-- Up-to-date: /home/kyo/ros2_ws/src/install/auv_control/include/auv_control/auv_control/msg/rosidl_generator_c__visibility_control.h
-- Up-to-date: /home/kyo/ros2_ws/src/install/auv_control/include/auv_control/auv_control/srv
-- Up-to-date: /home/kyo/ros2_ws/src/install/auv_control/include/auv_control/auv_control/srv/control.h
-- Up-to-date: /home/kyo/ros2_ws/src/install/auv_control/include/auv_control/auv_control/srv/detail
-- Up-to-date: /home/kyo/ros2_ws/src/install/auv_control/include/auv_control/auv_control/srv/detail/control__functions.h
-- Up-to-date: /home/kyo/ros2_ws/src/install/auv_control/include/auv_control/auv_control/srv/detail/control__functions.c
-- Up-to-date: /home/kyo/ros2_ws/src/install/auv_control/include/auv_control/auv_control/srv/detail/control__struct.h
-- Up-to-date: /home/kyo/ros2_ws/src/install/auv_control/include/auv_control/auv_control/srv/detail/control__type_support.h
-- Up-to-date: /home/kyo/ros2_ws/src/install/auv_control/share/auv_control/environment/library_path.sh
-- Up-to-date: /home/kyo/ros2_ws/src/install/auv_control/share/auv_control/environment/library_path.dsv
-- Up-to-date: /home/kyo/ros2_ws/src/install/auv_control/lib/libauv_control__rosidl_generator_c.so
-- Up-to-date: /home/kyo/ros2_ws/src/install/auv_control/include/auv_control/auv_control
-- Up-to-date: /home/kyo/ros2_ws/src/install/auv_control/include/auv_control/auv_control/msg
-- Up-to-date: /home/kyo/ros2_ws/src/install/auv_control/include/auv_control/auv_control/msg/rosidl_typesupport_fastrtps_c__visibility_control.h
-- Up-to-date: /home/kyo/ros2_ws/src/install/auv_control/include/auv_control/auv_control/srv
-- Up-to-date: /home/kyo/ros2_ws/src/install/auv_control/include/auv_control/auv_control/srv/detail
-- Up-to-date: /home/kyo/ros2_ws/src/install/auv_control/include/auv_control/auv_control/srv/detail/control__rosidl_typesupport_fastrtps_c.h
-- Up-to-date: /home/kyo/ros2_ws/src/install/auv_control/lib/libauv_control__rosidl_typesupport_fastrtps_c.so
-- Up-to-date: /home/kyo/ros2_ws/src/install/auv_control/include/auv_control/auv_control
-- Up-to-date: /home/kyo/ros2_ws/src/install/auv_control/include/auv_control/auv_control/srv
-- Up-to-date: /home/kyo/ros2_ws/src/install/auv_control/include/auv_control/auv_control/srv/control.hpp
-- Up-to-date: /home/kyo/ros2_ws/src/install/auv_control/include/auv_control/auv_control/srv/detail
-- Up-to-date: /home/kyo/ros2_ws/src/install/auv_control/include/auv_control/auv_control/srv/detail/control__traits.hpp
-- Up-to-date: /home/kyo/ros2_ws/src/install/auv_control/include/auv_control/auv_control/srv/detail/control__struct.hpp
-- Up-to-date: /home/kyo/ros2_ws/src/install/auv_control/include/auv_control/auv_control/srv/detail/control__builder.hpp
-- Up-to-date: /home/kyo/ros2_ws/src/install/auv_control/include/auv_control/auv_control
-- Up-to-date: /home/kyo/ros2_ws/src/install/auv_control/include/auv_control/auv_control/msg
-- Up-to-date: /home/kyo/ros2_ws/src/install/auv_control/include/auv_control/auv_control/msg/rosidl_typesupport_fastrtps_cpp__visibility_control.h
-- Up-to-date: /home/kyo/ros2_ws/src/install/auv_control/include/auv_control/auv_control/srv
-- Up-to-date: /home/kyo/ros2_ws/src/install/auv_control/include/auv_control/auv_control/srv/detail
-- Up-to-date: /home/kyo/ros2_ws/src/install/auv_control/include/auv_control/auv_control/srv/detail/dds_fastrtps
-- Up-to-date: /home/kyo/ros2_ws/src/install/auv_control/include/auv_control/auv_control/srv/detail/control__rosidl_typesupport_fastrtps_cpp.hpp
-- Up-to-date: /home/kyo/ros2_ws/src/install/auv_control/lib/libauv_control__rosidl_typesupport_fastrtps_cpp.so
-- Up-to-date: /home/kyo/ros2_ws/src/install/auv_control/include/auv_control/auv_control
-- Up-to-date: /home/kyo/ros2_ws/src/install/auv_control/include/auv_control/auv_control/msg
-- Up-to-date: /home/kyo/ros2_ws/src/install/auv_control/include/auv_control/auv_control/msg/rosidl_typesupport_introspection_c__visibility_control.h
-- Up-to-date: /home/kyo/ros2_ws/src/install/auv_control/include/auv_control/auv_control/srv
-- Up-to-date: /home/kyo/ros2_ws/src/install/auv_control/include/auv_control/auv_control/srv/detail
-- Up-to-date: /home/kyo/ros2_ws/src/install/auv_control/include/auv_control/auv_control/srv/detail/control__type_support.c
-- Up-to-date: /home/kyo/ros2_ws/src/install/auv_control/include/auv_control/auv_control/srv/detail/control__rosidl_typesupport_introspection_c.h
-- Up-to-date: /home/kyo/ros2_ws/src/install/auv_control/lib/libauv_control__rosidl_typesupport_introspection_c.so
-- Up-to-date: /home/kyo/ros2_ws/src/install/auv_control/lib/libauv_control__rosidl_typesupport_c.so
-- Up-to-date: /home/kyo/ros2_ws/src/install/auv_control/include/auv_control/auv_control
-- Up-to-date: /home/kyo/ros2_ws/src/install/auv_control/include/auv_control/auv_control/srv
-- Up-to-date: /home/kyo/ros2_ws/src/install/auv_control/include/auv_control/auv_control/srv/detail
-- Up-to-date: /home/kyo/ros2_ws/src/install/auv_control/include/auv_control/auv_control/srv/detail/control__rosidl_typesupport_introspection_cpp.hpp
-- Up-to-date: /home/kyo/ros2_ws/src/install/auv_control/include/auv_control/auv_control/srv/detail/control__type_support.cpp
-- Up-to-date: /home/kyo/ros2_ws/src/install/auv_control/lib/libauv_control__rosidl_typesupport_introspection_cpp.so
-- Up-to-date: /home/kyo/ros2_ws/src/install/auv_control/lib/libauv_control__rosidl_typesupport_cpp.so
-- Up-to-date: /home/kyo/ros2_ws/src/install/auv_control/share/auv_control/environment/pythonpath.sh
-- Up-to-date: /home/kyo/ros2_ws/src/install/auv_control/share/auv_control/environment/pythonpath.dsv
-- Up-to-date: /home/kyo/ros2_ws/src/install/auv_control/local/lib/python3.10/dist-packages/auv_control-0.0.1-py3.10.egg-info
-- Installing: /home/kyo/ros2_ws/src/install/auv_control/local/lib/python3.10/dist-packages/auv_control-0.0.1-py3.10.egg-info/dependency_links.txt
-- Installing: /home/kyo/ros2_ws/src/install/auv_control/local/lib/python3.10/dist-packages/auv_control-0.0.1-py3.10.egg-info/top_level.txt
-- Installing: /home/kyo/ros2_ws/src/install/auv_control/local/lib/python3.10/dist-packages/auv_control-0.0.1-py3.10.egg-info/SOURCES.txt
-- Installing: /home/kyo/ros2_ws/src/install/auv_control/local/lib/python3.10/dist-packages/auv_control-0.0.1-py3.10.egg-info/PKG-INFO
-- Up-to-date: /home/kyo/ros2_ws/src/install/auv_control/local/lib/python3.10/dist-packages/auv_control
-- Up-to-date: /home/kyo/ros2_ws/src/install/auv_control/local/lib/python3.10/dist-packages/auv_control/_auv_control_s.ep.rosidl_typesupport_c.c
-- Up-to-date: /home/kyo/ros2_ws/src/install/auv_control/local/lib/python3.10/dist-packages/auv_control/libauv_control__rosidl_generator_py.so
-- Up-to-date: /home/kyo/ros2_ws/src/install/auv_control/local/lib/python3.10/dist-packages/auv_control/auv_control_s__rosidl_typesupport_fastrtps_c.cpython-310-x86_64-linux-gnu.so
-- Up-to-date: /home/kyo/ros2_ws/src/install/auv_control/local/lib/python3.10/dist-packages/auv_control/auv_control_s__rosidl_typesupport_c.cpython-310-x86_64-linux-gnu.so
-- Up-to-date: /home/kyo/ros2_ws/src/install/auv_control/local/lib/python3.10/dist-packages/auv_control/_auv_control_s.ep.rosidl_typesupport_fastrtps_c.c
-- Up-to-date: /home/kyo/ros2_ws/src/install/auv_control/local/lib/python3.10/dist-packages/auv_control/_auv_control_s.ep.rosidl_typesupport_introspection_c.c
-- Up-to-date: /home/kyo/ros2_ws/src/install/auv_control/local/lib/python3.10/dist-packages/auv_control/srv
-- Up-to-date: /home/kyo/ros2_ws/src/install/auv_control/local/lib/python3.10/dist-packages/auv_control/srv/_control_s.c
-- Up-to-date: /home/kyo/ros2_ws/src/install/auv_control/local/lib/python3.10/dist-packages/auv_control/srv/_control.py
-- Up-to-date: /home/kyo/ros2_ws/src/install/auv_control/local/lib/python3.10/dist-packages/auv_control/srv/__init__.py
-- Up-to-date: /home/kyo/ros2_ws/src/install/auv_control/local/lib/python3.10/dist-packages/auv_control/auv_control_s__rosidl_typesupport_introspection_c.cpython-310-x86_64-linux-gnu.so
-- Up-to-date: /home/kyo/ros2_ws/src/install/auv_control/local/lib/python3.10/dist-packages/auv_control/__init__.py
Listing '/home/kyo/ros2_ws/src/install/auv_control/local/lib/python3.10/dist-packages/auv_control'...
Listing '/home/kyo/ros2_ws/src/install/auv_control/local/lib/python3.10/dist-packages/auv_control/srv'...
-- Up-to-date: /home/kyo/ros2_ws/src/install/auv_control/local/lib/python3.10/dist-packages/auv_control/auv_control_s__rosidl_typesupport_fastrtps_c.cpython-310-x86_64-linux-gnu.so
-- Up-to-date: /home/kyo/ros2_ws/src/install/auv_control/local/lib/python3.10/dist-packages/auv_control/auv_control_s__rosidl_typesupport_introspection_c.cpython-310-x86_64-linux-gnu.so
-- Up-to-date: /home/kyo/ros2_ws/src/install/auv_control/local/lib/python3.10/dist-packages/auv_control/auv_control_s__rosidl_typesupport_c.cpython-310-x86_64-linux-gnu.so
-- Up-to-date: /home/kyo/ros2_ws/src/install/auv_control/lib/libauv_control__rosidl_generator_py.so
-- Up-to-date: /home/kyo/ros2_ws/src/install/auv_control/share/auv_control/srv/Control.idl
-- Up-to-date: /home/kyo/ros2_ws/src/install/auv_control/share/auv_control/srv/Control.srv
-- Up-to-date: /home/kyo/ros2_ws/src/install/auv_control/share/auv_control/srv/Control_Request.msg
-- Up-to-date: /home/kyo/ros2_ws/src/install/auv_control/share/auv_control/srv/Control_Response.msg
-- Up-to-date: /home/kyo/ros2_ws/src/install/auv_control/share/auv_control/environment/library_path.sh
-- Up-to-date: /home/kyo/ros2_ws/src/install/auv_control/share/auv_control/environment/library_path.dsv
-- Up-to-date: /home/kyo/ros2_ws/src/install/auv_control/lib/libcontrol_common.so
-- Up-to-date: /home/kyo/ros2_ws/src/install/auv_control/lib/auv_control/cascaded_pid
-- Up-to-date: /home/kyo/ros2_ws/src/install/auv_control/lib/auv_control/sliding_mode
-- Up-to-date: /home/kyo/ros2_ws/src/install/auv_control/share/auv_control/launch
-- Up-to-date: /home/kyo/ros2_ws/src/install/auv_control/share/auv_control/launch/vel_setpoint.yaml
-- Up-to-date: /home/kyo/ros2_ws/src/install/auv_control/share/auv_control/launch/pose_setpoint.yaml
-- Up-to-date: /home/kyo/ros2_ws/src/install/auv_control/share/auv_control/launch/wrench_launch.py
-- Up-to-date: /home/kyo/ros2_ws/src/install/auv_control/share/auv_control/launch/wrench.yaml
-- Up-to-date: /home/kyo/ros2_ws/src/install/auv_control/share/auv_control/launch/pose_launch.py
-- Up-to-date: /home/kyo/ros2_ws/src/install/auv_control/share/ament_index/resource_index/package_run_dependencies/auv_control
-- Up-to-date: /home/kyo/ros2_ws/src/install/auv_control/share/ament_index/resource_index/parent_prefix_path/auv_control
-- Up-to-date: /home/kyo/ros2_ws/src/install/auv_control/share/auv_control/environment/ament_prefix_path.sh
-- Up-to-date: /home/kyo/ros2_ws/src/install/auv_control/share/auv_control/environment/ament_prefix_path.dsv
-- Up-to-date: /home/kyo/ros2_ws/src/install/auv_control/share/auv_control/environment/path.sh
-- Up-to-date: /home/kyo/ros2_ws/src/install/auv_control/share/auv_control/environment/path.dsv
-- Up-to-date: /home/kyo/ros2_ws/src/install/auv_control/share/auv_control/local_setup.bash
-- Up-to-date: /home/kyo/ros2_ws/src/install/auv_control/share/auv_control/local_setup.sh
-- Up-to-date: /home/kyo/ros2_ws/src/install/auv_control/share/auv_control/local_setup.zsh
-- Up-to-date: /home/kyo/ros2_ws/src/install/auv_control/share/auv_control/local_setup.dsv
-- Installing: /home/kyo/ros2_ws/src/install/auv_control/share/auv_control/package.dsv
-- Up-to-date: /home/kyo/ros2_ws/src/install/auv_control/share/ament_index/resource_index/packages/auv_control
-- Up-to-date: /home/kyo/ros2_ws/src/install/auv_control/share/auv_control/cmake/export_auv_control__rosidl_generator_cExport.cmake
-- Up-to-date: /home/kyo/ros2_ws/src/install/auv_control/share/auv_control/cmake/export_auv_control__rosidl_generator_cExport-noconfig.cmake
-- Up-to-date: /home/kyo/ros2_ws/src/install/auv_control/share/auv_control/cmake/export_auv_control__rosidl_typesupport_fastrtps_cExport.cmake
-- Up-to-date: /home/kyo/ros2_ws/src/install/auv_control/share/auv_control/cmake/export_auv_control__rosidl_typesupport_fastrtps_cExport-noconfig.cmake
-- Up-to-date: /home/kyo/ros2_ws/src/install/auv_control/share/auv_control/cmake/export_auv_control__rosidl_generator_cppExport.cmake
-- Up-to-date: /home/kyo/ros2_ws/src/install/auv_control/share/auv_control/cmake/export_auv_control__rosidl_typesupport_fastrtps_cppExport.cmake
-- Up-to-date: /home/kyo/ros2_ws/src/install/auv_control/share/auv_control/cmake/export_auv_control__rosidl_typesupport_fastrtps_cppExport-noconfig.cmake
-- Up-to-date: /home/kyo/ros2_ws/src/install/auv_control/share/auv_control/cmake/auv_control__rosidl_typesupport_introspection_cExport.cmake
-- Up-to-date: /home/kyo/ros2_ws/src/install/auv_control/share/auv_control/cmake/auv_control__rosidl_typesupport_introspection_cExport-noconfig.cmake
-- Up-to-date: /home/kyo/ros2_ws/src/install/auv_control/share/auv_control/cmake/auv_control__rosidl_typesupport_cExport.cmake
-- Up-to-date: /home/kyo/ros2_ws/src/install/auv_control/share/auv_control/cmake/auv_control__rosidl_typesupport_cExport-noconfig.cmake
-- Up-to-date: /home/kyo/ros2_ws/src/install/auv_control/share/auv_control/cmake/auv_control__rosidl_typesupport_introspection_cppExport.cmake
-- Up-to-date: /home/kyo/ros2_ws/src/install/auv_control/share/auv_control/cmake/auv_control__rosidl_typesupport_introspection_cppExport-noconfig.cmake
-- Up-to-date: /home/kyo/ros2_ws/src/install/auv_control/share/auv_control/cmake/auv_control__rosidl_typesupport_cppExport.cmake
-- Up-to-date: /home/kyo/ros2_ws/src/install/auv_control/share/auv_control/cmake/auv_control__rosidl_typesupport_cppExport-noconfig.cmake
-- Up-to-date: /home/kyo/ros2_ws/src/install/auv_control/share/auv_control/cmake/export_auv_control__rosidl_generator_pyExport.cmake
-- Up-to-date: /home/kyo/ros2_ws/src/install/auv_control/share/auv_control/cmake/export_auv_control__rosidl_generator_pyExport-noconfig.cmake
-- Up-to-date: /home/kyo/ros2_ws/src/install/auv_control/share/auv_control/cmake/rosidl_cmake-extras.cmake
-- Up-to-date: /home/kyo/ros2_ws/src/install/auv_control/share/auv_control/cmake/ament_cmake_export_include_directories-extras.cmake
-- Up-to-date: /home/kyo/ros2_ws/src/install/auv_control/share/auv_control/cmake/ament_cmake_export_libraries-extras.cmake
-- Up-to-date: /home/kyo/ros2_ws/src/install/auv_control/share/auv_control/cmake/ament_cmake_export_targets-extras.cmake
-- Up-to-date: /home/kyo/ros2_ws/src/install/auv_control/share/auv_control/cmake/rosidl_cmake_export_typesupport_targets-extras.cmake
-- Up-to-date: /home/kyo/ros2_ws/src/install/auv_control/share/auv_control/cmake/ament_cmake_export_dependencies-extras.cmake
-- Up-to-date: /home/kyo/ros2_ws/src/install/auv_control/share/auv_control/cmake/rosidl_cmake_export_typesupport_libraries-extras.cmake
-- Up-to-date: /home/kyo/ros2_ws/src/install/auv_control/share/auv_control/cmake/auv_controlConfig.cmake
-- Up-to-date: /home/kyo/ros2_ws/src/install/auv_control/share/auv_control/cmake/auv_controlConfig-version.cmake
-- Up-to-date: /home/kyo/ros2_ws/src/install/auv_control/share/auv_control/package.xml
