[0.007s] Invoking command in '/home/kyo/ros2_ws/build/auv_control': AMENT_PREFIX_PATH=/home/kyo/ros2_ws/install/thruster_manager:${AMENT_PREFIX_PATH} CMAKE_PREFIX_PATH=/home/kyo/ros2_ws/install/thruster_manager:/opt/ros/humble LD_LIBRARY_PATH=/home/kyo/ros2_ws/install/thruster_manager/lib:${LD_LIBRARY_PATH} /usr/bin/cmake --build /home/kyo/ros2_ws/build/auv_control -- -j20 -l20
[0.038s] [35m[1mConsolidate compiler generated dependencies of target auv_control__rosidl_generator_c[0m
[0.043s] [  2%] Built target auv_control__cpp
[0.046s] [ 10%] Built target auv_control__rosidl_generator_c
[0.051s] [35m[1mConsolidate compiler generated dependencies of target auv_control__rosidl_typesupport_cpp[0m
[0.051s] [35m[1mConsolidate compiler generated dependencies of target auv_control__rosidl_typesupport_fastrtps_cpp[0m
[0.051s] [35m[1mConsolidate compiler generated dependencies of target auv_control__rosidl_typesupport_introspection_cpp[0m
[0.053s] [ 10%] Built target ament_cmake_python_copy_auv_control
[0.054s] [35m[1mConsolidate compiler generated dependencies of target auv_control__rosidl_typesupport_fastrtps_c[0m
[0.056s] [35m[1mConsolidate compiler generated dependencies of target auv_control__rosidl_typesupport_introspection_c[0m
[0.056s] [35m[1mConsolidate compiler generated dependencies of target auv_control__rosidl_typesupport_c[0m
[0.061s] [ 17%] Built target auv_control__rosidl_typesupport_introspection_cpp
[0.061s] [ 25%] Built target auv_control__rosidl_typesupport_cpp
[0.063s] [ 33%] Built target auv_control__rosidl_typesupport_fastrtps_cpp
[0.064s] [ 41%] Built target auv_control__rosidl_typesupport_c
[0.065s] [ 48%] Built target auv_control__rosidl_typesupport_fastrtps_c
[0.067s] [ 56%] Built target auv_control__rosidl_typesupport_introspection_c
[0.072s] [35m[1mConsolidate compiler generated dependencies of target control_common[0m
[0.083s] [ 56%] Built target auv_control
[0.093s] [ 64%] Built target control_common
[0.099s] [ 66%] Built target auv_control__py
[0.103s] [35m[1mConsolidate compiler generated dependencies of target sliding_mode[0m
[0.103s] [35m[1mConsolidate compiler generated dependencies of target cascaded_pid[0m
[0.106s] [35m[1mConsolidate compiler generated dependencies of target auv_control__rosidl_generator_py[0m
[0.119s] [ 71%] Built target auv_control__rosidl_generator_py
[0.120s] [ 76%] Built target sliding_mode
[0.122s] [ 84%] Built target cascaded_pid
[0.127s] [35m[1mConsolidate compiler generated dependencies of target auv_control__rosidl_typesupport_introspection_c__pyext[0m
[0.128s] [35m[1mConsolidate compiler generated dependencies of target auv_control__rosidl_typesupport_fastrtps_c__pyext[0m
[0.128s] [35m[1mConsolidate compiler generated dependencies of target auv_control__rosidl_typesupport_c__pyext[0m
[0.137s] [ 89%] Built target auv_control__rosidl_typesupport_fastrtps_c__pyext
[0.137s] [ 94%] Built target auv_control__rosidl_typesupport_introspection_c__pyext
[0.138s] [100%] Built target auv_control__rosidl_typesupport_c__pyext
[0.241s] running egg_info
[0.241s] writing auv_control.egg-info/PKG-INFO
[0.242s] writing dependency_links to auv_control.egg-info/dependency_links.txt
[0.242s] writing top-level names to auv_control.egg-info/top_level.txt
[0.243s] reading manifest file 'auv_control.egg-info/SOURCES.txt'
[0.244s] writing manifest file 'auv_control.egg-info/SOURCES.txt'
[0.262s] [100%] Built target ament_cmake_python_build_auv_control_egg
[0.270s] Invoked command in '/home/kyo/ros2_ws/build/auv_control' returned '0': AMENT_PREFIX_PATH=/home/kyo/ros2_ws/install/thruster_manager:${AMENT_PREFIX_PATH} CMAKE_PREFIX_PATH=/home/kyo/ros2_ws/install/thruster_manager:/opt/ros/humble LD_LIBRARY_PATH=/home/kyo/ros2_ws/install/thruster_manager/lib:${LD_LIBRARY_PATH} /usr/bin/cmake --build /home/kyo/ros2_ws/build/auv_control -- -j20 -l20
[0.305s] Invoking command in '/home/kyo/ros2_ws/build/auv_control': AMENT_PREFIX_PATH=/home/kyo/ros2_ws/install/thruster_manager:${AMENT_PREFIX_PATH} CMAKE_PREFIX_PATH=/home/kyo/ros2_ws/install/thruster_manager:/opt/ros/humble LD_LIBRARY_PATH=/home/kyo/ros2_ws/install/thruster_manager/lib:${LD_LIBRARY_PATH} /usr/bin/cmake --install /home/kyo/ros2_ws/build/auv_control
[0.310s] -- Install configuration: ""
[0.310s] -- Up-to-date: /home/kyo/ros2_ws/install/auv_control/share/ament_index/resource_index/rosidl_interfaces/auv_control
[0.310s] -- Up-to-date: /home/kyo/ros2_ws/install/auv_control/include/auv_control/auv_control
[0.311s] -- Up-to-date: /home/kyo/ros2_ws/install/auv_control/include/auv_control/auv_control/msg
[0.311s] -- Up-to-date: /home/kyo/ros2_ws/install/auv_control/include/auv_control/auv_control/msg/rosidl_generator_c__visibility_control.h
[0.311s] -- Up-to-date: /home/kyo/ros2_ws/install/auv_control/include/auv_control/auv_control/srv
[0.311s] -- Up-to-date: /home/kyo/ros2_ws/install/auv_control/include/auv_control/auv_control/srv/control.h
[0.311s] -- Up-to-date: /home/kyo/ros2_ws/install/auv_control/include/auv_control/auv_control/srv/detail
[0.311s] -- Up-to-date: /home/kyo/ros2_ws/install/auv_control/include/auv_control/auv_control/srv/detail/control__functions.h
[0.311s] -- Up-to-date: /home/kyo/ros2_ws/install/auv_control/include/auv_control/auv_control/srv/detail/control__functions.c
[0.311s] -- Up-to-date: /home/kyo/ros2_ws/install/auv_control/include/auv_control/auv_control/srv/detail/control__struct.h
[0.312s] -- Up-to-date: /home/kyo/ros2_ws/install/auv_control/include/auv_control/auv_control/srv/detail/control__type_support.h
[0.312s] -- Up-to-date: /home/kyo/ros2_ws/install/auv_control/share/auv_control/environment/library_path.sh
[0.312s] -- Up-to-date: /home/kyo/ros2_ws/install/auv_control/share/auv_control/environment/library_path.dsv
[0.312s] -- Up-to-date: /home/kyo/ros2_ws/install/auv_control/lib/libauv_control__rosidl_generator_c.so
[0.312s] -- Up-to-date: /home/kyo/ros2_ws/install/auv_control/include/auv_control/auv_control
[0.312s] -- Up-to-date: /home/kyo/ros2_ws/install/auv_control/include/auv_control/auv_control/msg
[0.312s] -- Up-to-date: /home/kyo/ros2_ws/install/auv_control/include/auv_control/auv_control/msg/rosidl_typesupport_fastrtps_c__visibility_control.h
[0.312s] -- Up-to-date: /home/kyo/ros2_ws/install/auv_control/include/auv_control/auv_control/srv
[0.312s] -- Up-to-date: /home/kyo/ros2_ws/install/auv_control/include/auv_control/auv_control/srv/detail
[0.312s] -- Up-to-date: /home/kyo/ros2_ws/install/auv_control/include/auv_control/auv_control/srv/detail/control__rosidl_typesupport_fastrtps_c.h
[0.312s] -- Up-to-date: /home/kyo/ros2_ws/install/auv_control/lib/libauv_control__rosidl_typesupport_fastrtps_c.so
[0.313s] -- Up-to-date: /home/kyo/ros2_ws/install/auv_control/include/auv_control/auv_control
[0.313s] -- Up-to-date: /home/kyo/ros2_ws/install/auv_control/include/auv_control/auv_control/srv
[0.313s] -- Up-to-date: /home/kyo/ros2_ws/install/auv_control/include/auv_control/auv_control/srv/control.hpp
[0.313s] -- Up-to-date: /home/kyo/ros2_ws/install/auv_control/include/auv_control/auv_control/srv/detail
[0.313s] -- Up-to-date: /home/kyo/ros2_ws/install/auv_control/include/auv_control/auv_control/srv/detail/control__traits.hpp
[0.313s] -- Up-to-date: /home/kyo/ros2_ws/install/auv_control/include/auv_control/auv_control/srv/detail/control__struct.hpp
[0.313s] -- Up-to-date: /home/kyo/ros2_ws/install/auv_control/include/auv_control/auv_control/srv/detail/control__builder.hpp
[0.313s] -- Up-to-date: /home/kyo/ros2_ws/install/auv_control/include/auv_control/auv_control
[0.313s] -- Up-to-date: /home/kyo/ros2_ws/install/auv_control/include/auv_control/auv_control/msg
[0.313s] -- Up-to-date: /home/kyo/ros2_ws/install/auv_control/include/auv_control/auv_control/msg/rosidl_typesupport_fastrtps_cpp__visibility_control.h
[0.313s] -- Up-to-date: /home/kyo/ros2_ws/install/auv_control/include/auv_control/auv_control/srv
[0.313s] -- Up-to-date: /home/kyo/ros2_ws/install/auv_control/include/auv_control/auv_control/srv/detail
[0.314s] -- Up-to-date: /home/kyo/ros2_ws/install/auv_control/include/auv_control/auv_control/srv/detail/dds_fastrtps
[0.314s] -- Up-to-date: /home/kyo/ros2_ws/install/auv_control/include/auv_control/auv_control/srv/detail/control__rosidl_typesupport_fastrtps_cpp.hpp
[0.314s] -- Up-to-date: /home/kyo/ros2_ws/install/auv_control/lib/libauv_control__rosidl_typesupport_fastrtps_cpp.so
[0.314s] -- Up-to-date: /home/kyo/ros2_ws/install/auv_control/include/auv_control/auv_control
[0.314s] -- Up-to-date: /home/kyo/ros2_ws/install/auv_control/include/auv_control/auv_control/msg
[0.314s] -- Up-to-date: /home/kyo/ros2_ws/install/auv_control/include/auv_control/auv_control/msg/rosidl_typesupport_introspection_c__visibility_control.h
[0.314s] -- Up-to-date: /home/kyo/ros2_ws/install/auv_control/include/auv_control/auv_control/srv
[0.314s] -- Up-to-date: /home/kyo/ros2_ws/install/auv_control/include/auv_control/auv_control/srv/detail
[0.314s] -- Up-to-date: /home/kyo/ros2_ws/install/auv_control/include/auv_control/auv_control/srv/detail/control__type_support.c
[0.314s] -- Up-to-date: /home/kyo/ros2_ws/install/auv_control/include/auv_control/auv_control/srv/detail/control__rosidl_typesupport_introspection_c.h
[0.315s] -- Up-to-date: /home/kyo/ros2_ws/install/auv_control/lib/libauv_control__rosidl_typesupport_introspection_c.so
[0.315s] -- Up-to-date: /home/kyo/ros2_ws/install/auv_control/lib/libauv_control__rosidl_typesupport_c.so
[0.315s] -- Up-to-date: /home/kyo/ros2_ws/install/auv_control/include/auv_control/auv_control
[0.315s] -- Up-to-date: /home/kyo/ros2_ws/install/auv_control/include/auv_control/auv_control/srv
[0.315s] -- Up-to-date: /home/kyo/ros2_ws/install/auv_control/include/auv_control/auv_control/srv/detail
[0.315s] -- Up-to-date: /home/kyo/ros2_ws/install/auv_control/include/auv_control/auv_control/srv/detail/control__rosidl_typesupport_introspection_cpp.hpp
[0.315s] -- Up-to-date: /home/kyo/ros2_ws/install/auv_control/include/auv_control/auv_control/srv/detail/control__type_support.cpp
[0.315s] -- Up-to-date: /home/kyo/ros2_ws/install/auv_control/lib/libauv_control__rosidl_typesupport_introspection_cpp.so
[0.315s] -- Up-to-date: /home/kyo/ros2_ws/install/auv_control/lib/libauv_control__rosidl_typesupport_cpp.so
[0.315s] -- Up-to-date: /home/kyo/ros2_ws/install/auv_control/share/auv_control/environment/pythonpath.sh
[0.315s] -- Up-to-date: /home/kyo/ros2_ws/install/auv_control/share/auv_control/environment/pythonpath.dsv
[0.315s] -- Up-to-date: /home/kyo/ros2_ws/install/auv_control/local/lib/python3.10/dist-packages/auv_control-0.0.1-py3.10.egg-info
[0.315s] -- Installing: /home/kyo/ros2_ws/install/auv_control/local/lib/python3.10/dist-packages/auv_control-0.0.1-py3.10.egg-info/dependency_links.txt
[0.316s] -- Installing: /home/kyo/ros2_ws/install/auv_control/local/lib/python3.10/dist-packages/auv_control-0.0.1-py3.10.egg-info/top_level.txt
[0.316s] -- Installing: /home/kyo/ros2_ws/install/auv_control/local/lib/python3.10/dist-packages/auv_control-0.0.1-py3.10.egg-info/SOURCES.txt
[0.316s] -- Installing: /home/kyo/ros2_ws/install/auv_control/local/lib/python3.10/dist-packages/auv_control-0.0.1-py3.10.egg-info/PKG-INFO
[0.316s] -- Up-to-date: /home/kyo/ros2_ws/install/auv_control/local/lib/python3.10/dist-packages/auv_control
[0.316s] -- Up-to-date: /home/kyo/ros2_ws/install/auv_control/local/lib/python3.10/dist-packages/auv_control/_auv_control_s.ep.rosidl_typesupport_c.c
[0.316s] -- Up-to-date: /home/kyo/ros2_ws/install/auv_control/local/lib/python3.10/dist-packages/auv_control/libauv_control__rosidl_generator_py.so
[0.316s] -- Up-to-date: /home/kyo/ros2_ws/install/auv_control/local/lib/python3.10/dist-packages/auv_control/auv_control_s__rosidl_typesupport_fastrtps_c.cpython-310-x86_64-linux-gnu.so
[0.316s] -- Up-to-date: /home/kyo/ros2_ws/install/auv_control/local/lib/python3.10/dist-packages/auv_control/auv_control_s__rosidl_typesupport_c.cpython-310-x86_64-linux-gnu.so
[0.316s] -- Up-to-date: /home/kyo/ros2_ws/install/auv_control/local/lib/python3.10/dist-packages/auv_control/_auv_control_s.ep.rosidl_typesupport_fastrtps_c.c
[0.316s] -- Up-to-date: /home/kyo/ros2_ws/install/auv_control/local/lib/python3.10/dist-packages/auv_control/_auv_control_s.ep.rosidl_typesupport_introspection_c.c
[0.316s] -- Up-to-date: /home/kyo/ros2_ws/install/auv_control/local/lib/python3.10/dist-packages/auv_control/srv
[0.316s] -- Up-to-date: /home/kyo/ros2_ws/install/auv_control/local/lib/python3.10/dist-packages/auv_control/srv/_control_s.c
[0.316s] -- Up-to-date: /home/kyo/ros2_ws/install/auv_control/local/lib/python3.10/dist-packages/auv_control/srv/_control.py
[0.317s] -- Up-to-date: /home/kyo/ros2_ws/install/auv_control/local/lib/python3.10/dist-packages/auv_control/srv/__init__.py
[0.317s] -- Up-to-date: /home/kyo/ros2_ws/install/auv_control/local/lib/python3.10/dist-packages/auv_control/auv_control_s__rosidl_typesupport_introspection_c.cpython-310-x86_64-linux-gnu.so
[0.317s] -- Up-to-date: /home/kyo/ros2_ws/install/auv_control/local/lib/python3.10/dist-packages/auv_control/__init__.py
[0.337s] Listing '/home/kyo/ros2_ws/install/auv_control/local/lib/python3.10/dist-packages/auv_control'...
[0.337s] Listing '/home/kyo/ros2_ws/install/auv_control/local/lib/python3.10/dist-packages/auv_control/srv'...
[0.340s] -- Up-to-date: /home/kyo/ros2_ws/install/auv_control/local/lib/python3.10/dist-packages/auv_control/auv_control_s__rosidl_typesupport_fastrtps_c.cpython-310-x86_64-linux-gnu.so
[0.341s] -- Up-to-date: /home/kyo/ros2_ws/install/auv_control/local/lib/python3.10/dist-packages/auv_control/auv_control_s__rosidl_typesupport_introspection_c.cpython-310-x86_64-linux-gnu.so
[0.341s] -- Up-to-date: /home/kyo/ros2_ws/install/auv_control/local/lib/python3.10/dist-packages/auv_control/auv_control_s__rosidl_typesupport_c.cpython-310-x86_64-linux-gnu.so
[0.342s] -- Up-to-date: /home/kyo/ros2_ws/install/auv_control/lib/libauv_control__rosidl_generator_py.so
[0.342s] -- Up-to-date: /home/kyo/ros2_ws/install/auv_control/share/auv_control/srv/Control.idl
[0.342s] -- Up-to-date: /home/kyo/ros2_ws/install/auv_control/share/auv_control/srv/Control.srv
[0.342s] -- Up-to-date: /home/kyo/ros2_ws/install/auv_control/share/auv_control/srv/Control_Request.msg
[0.342s] -- Up-to-date: /home/kyo/ros2_ws/install/auv_control/share/auv_control/srv/Control_Response.msg
[0.342s] -- Up-to-date: /home/kyo/ros2_ws/install/auv_control/share/auv_control/environment/library_path.sh
[0.342s] -- Up-to-date: /home/kyo/ros2_ws/install/auv_control/share/auv_control/environment/library_path.dsv
[0.342s] -- Up-to-date: /home/kyo/ros2_ws/install/auv_control/lib/libcontrol_common.so
[0.342s] -- Up-to-date: /home/kyo/ros2_ws/install/auv_control/lib/auv_control/cascaded_pid
[0.343s] -- Up-to-date: /home/kyo/ros2_ws/install/auv_control/lib/auv_control/sliding_mode
[0.343s] -- Up-to-date: /home/kyo/ros2_ws/install/auv_control/share/auv_control/launch
[0.343s] -- Up-to-date: /home/kyo/ros2_ws/install/auv_control/share/auv_control/launch/vel_setpoint.yaml
[0.343s] -- Up-to-date: /home/kyo/ros2_ws/install/auv_control/share/auv_control/launch/pose_setpoint.yaml
[0.343s] -- Up-to-date: /home/kyo/ros2_ws/install/auv_control/share/auv_control/launch/wrench_launch.py
[0.343s] -- Up-to-date: /home/kyo/ros2_ws/install/auv_control/share/auv_control/launch/wrench.yaml
[0.343s] -- Up-to-date: /home/kyo/ros2_ws/install/auv_control/share/auv_control/launch/pose_launch.py
[0.343s] -- Up-to-date: /home/kyo/ros2_ws/install/auv_control/share/ament_index/resource_index/package_run_dependencies/auv_control
[0.343s] -- Up-to-date: /home/kyo/ros2_ws/install/auv_control/share/ament_index/resource_index/parent_prefix_path/auv_control
[0.343s] -- Up-to-date: /home/kyo/ros2_ws/install/auv_control/share/auv_control/environment/ament_prefix_path.sh
[0.343s] -- Up-to-date: /home/kyo/ros2_ws/install/auv_control/share/auv_control/environment/ament_prefix_path.dsv
[0.343s] -- Up-to-date: /home/kyo/ros2_ws/install/auv_control/share/auv_control/environment/path.sh
[0.343s] -- Up-to-date: /home/kyo/ros2_ws/install/auv_control/share/auv_control/environment/path.dsv
[0.343s] -- Up-to-date: /home/kyo/ros2_ws/install/auv_control/share/auv_control/local_setup.bash
[0.343s] -- Up-to-date: /home/kyo/ros2_ws/install/auv_control/share/auv_control/local_setup.sh
[0.343s] -- Up-to-date: /home/kyo/ros2_ws/install/auv_control/share/auv_control/local_setup.zsh
[0.343s] -- Up-to-date: /home/kyo/ros2_ws/install/auv_control/share/auv_control/local_setup.dsv
[0.344s] -- Installing: /home/kyo/ros2_ws/install/auv_control/share/auv_control/package.dsv
[0.344s] -- Up-to-date: /home/kyo/ros2_ws/install/auv_control/share/ament_index/resource_index/packages/auv_control
[0.344s] -- Up-to-date: /home/kyo/ros2_ws/install/auv_control/share/auv_control/cmake/export_auv_control__rosidl_generator_cExport.cmake
[0.344s] -- Up-to-date: /home/kyo/ros2_ws/install/auv_control/share/auv_control/cmake/export_auv_control__rosidl_generator_cExport-noconfig.cmake
[0.344s] -- Up-to-date: /home/kyo/ros2_ws/install/auv_control/share/auv_control/cmake/export_auv_control__rosidl_typesupport_fastrtps_cExport.cmake
[0.344s] -- Up-to-date: /home/kyo/ros2_ws/install/auv_control/share/auv_control/cmake/export_auv_control__rosidl_typesupport_fastrtps_cExport-noconfig.cmake
[0.344s] -- Up-to-date: /home/kyo/ros2_ws/install/auv_control/share/auv_control/cmake/export_auv_control__rosidl_generator_cppExport.cmake
[0.344s] -- Up-to-date: /home/kyo/ros2_ws/install/auv_control/share/auv_control/cmake/export_auv_control__rosidl_typesupport_fastrtps_cppExport.cmake
[0.344s] -- Up-to-date: /home/kyo/ros2_ws/install/auv_control/share/auv_control/cmake/export_auv_control__rosidl_typesupport_fastrtps_cppExport-noconfig.cmake
[0.344s] -- Up-to-date: /home/kyo/ros2_ws/install/auv_control/share/auv_control/cmake/auv_control__rosidl_typesupport_introspection_cExport.cmake
[0.344s] -- Up-to-date: /home/kyo/ros2_ws/install/auv_control/share/auv_control/cmake/auv_control__rosidl_typesupport_introspection_cExport-noconfig.cmake
[0.344s] -- Up-to-date: /home/kyo/ros2_ws/install/auv_control/share/auv_control/cmake/auv_control__rosidl_typesupport_cExport.cmake
[0.345s] -- Up-to-date: /home/kyo/ros2_ws/install/auv_control/share/auv_control/cmake/auv_control__rosidl_typesupport_cExport-noconfig.cmake
[0.345s] -- Up-to-date: /home/kyo/ros2_ws/install/auv_control/share/auv_control/cmake/auv_control__rosidl_typesupport_introspection_cppExport.cmake
[0.345s] -- Up-to-date: /home/kyo/ros2_ws/install/auv_control/share/auv_control/cmake/auv_control__rosidl_typesupport_introspection_cppExport-noconfig.cmake
[0.345s] -- Up-to-date: /home/kyo/ros2_ws/install/auv_control/share/auv_control/cmake/auv_control__rosidl_typesupport_cppExport.cmake
[0.345s] -- Up-to-date: /home/kyo/ros2_ws/install/auv_control/share/auv_control/cmake/auv_control__rosidl_typesupport_cppExport-noconfig.cmake
[0.345s] -- Up-to-date: /home/kyo/ros2_ws/install/auv_control/share/auv_control/cmake/export_auv_control__rosidl_generator_pyExport.cmake
[0.345s] -- Up-to-date: /home/kyo/ros2_ws/install/auv_control/share/auv_control/cmake/export_auv_control__rosidl_generator_pyExport-noconfig.cmake
[0.345s] -- Up-to-date: /home/kyo/ros2_ws/install/auv_control/share/auv_control/cmake/rosidl_cmake-extras.cmake
[0.345s] -- Up-to-date: /home/kyo/ros2_ws/install/auv_control/share/auv_control/cmake/ament_cmake_export_include_directories-extras.cmake
[0.345s] -- Up-to-date: /home/kyo/ros2_ws/install/auv_control/share/auv_control/cmake/ament_cmake_export_libraries-extras.cmake
[0.345s] -- Up-to-date: /home/kyo/ros2_ws/install/auv_control/share/auv_control/cmake/ament_cmake_export_targets-extras.cmake
[0.346s] -- Up-to-date: /home/kyo/ros2_ws/install/auv_control/share/auv_control/cmake/rosidl_cmake_export_typesupport_targets-extras.cmake
[0.346s] -- Up-to-date: /home/kyo/ros2_ws/install/auv_control/share/auv_control/cmake/ament_cmake_export_dependencies-extras.cmake
[0.346s] -- Up-to-date: /home/kyo/ros2_ws/install/auv_control/share/auv_control/cmake/rosidl_cmake_export_typesupport_libraries-extras.cmake
[0.346s] -- Up-to-date: /home/kyo/ros2_ws/install/auv_control/share/auv_control/cmake/auv_controlConfig.cmake
[0.346s] -- Up-to-date: /home/kyo/ros2_ws/install/auv_control/share/auv_control/cmake/auv_controlConfig-version.cmake
[0.346s] -- Up-to-date: /home/kyo/ros2_ws/install/auv_control/share/auv_control/package.xml
[0.348s] Invoked command in '/home/kyo/ros2_ws/build/auv_control' returned '0': AMENT_PREFIX_PATH=/home/kyo/ros2_ws/install/thruster_manager:${AMENT_PREFIX_PATH} CMAKE_PREFIX_PATH=/home/kyo/ros2_ws/install/thruster_manager:/opt/ros/humble LD_LIBRARY_PATH=/home/kyo/ros2_ws/install/thruster_manager/lib:${LD_LIBRARY_PATH} /usr/bin/cmake --install /home/kyo/ros2_ws/build/auv_control
