[0.006s] Invoking command in '/home/kyo/ros2_ws/src/build/pose_to_tf': CMAKE_PREFIX_PATH=/opt/ros/humble /usr/bin/cmake /home/kyo/ros2_ws/src/pose_to_tf -DCMAKE_INSTALL_PREFIX=/home/kyo/ros2_ws/src/install/pose_to_tf
[0.061s] -- The C compiler identification is GNU 11.4.0
[0.107s] -- The CXX compiler identification is GNU 11.4.0
[0.114s] -- Detecting C compiler ABI info
[0.154s] -- Detecting C compiler ABI info - done
[0.158s] -- Check for working C compiler: /usr/bin/cc - skipped
[0.158s] -- Detecting C compile features
[0.159s] -- Detecting C compile features - done
[0.161s] -- Detecting CXX compiler ABI info
[0.205s] -- Detecting CXX compiler ABI info - done
[0.209s] -- Check for working CXX compiler: /usr/bin/c++ - skipped
[0.209s] -- Detecting CXX compile features
[0.210s] -- Detecting CXX compile features - done
[0.211s] -- Found ament_cmake_auto: 1.3.8 (/opt/ros/humble/share/ament_cmake_auto/cmake)
[0.302s] -- Found Python3: /usr/bin/python3 (found version "3.10.12") found components: Interpreter 
[0.417s] -- Found rosidl_generator_c: 3.1.5 (/opt/ros/humble/share/rosidl_generator_c/cmake)
[0.420s] -- Found rosidl_adapter: 3.1.5 (/opt/ros/humble/share/rosidl_adapter/cmake)
[0.424s] -- Found rosidl_generator_cpp: 3.1.5 (/opt/ros/humble/share/rosidl_generator_cpp/cmake)
[0.432s] -- Using all available rosidl_typesupport_c: rosidl_typesupport_fastrtps_c;rosidl_typesupport_introspection_c
[0.444s] -- Using all available rosidl_typesupport_cpp: rosidl_typesupport_fastrtps_cpp;rosidl_typesupport_introspection_cpp
[0.484s] -- Found rmw_implementation_cmake: 6.1.1 (/opt/ros/humble/share/rmw_implementation_cmake/cmake)
[0.486s] -- Found rmw_fastrtps_cpp: 6.2.6 (/opt/ros/humble/share/rmw_fastrtps_cpp/cmake)
[0.536s] -- Found OpenSSL: /usr/lib/x86_64-linux-gnu/libcrypto.so (found version "3.0.2")  
[0.553s] -- Found FastRTPS: /opt/ros/humble/include  
[0.581s] -- Using RMW implementation 'rmw_fastrtps_cpp' as default
[0.586s] -- Looking for pthread.h
[0.624s] -- Looking for pthread.h - found
[0.624s] -- Performing Test CMAKE_HAVE_LIBC_PTHREAD
[0.665s] -- Performing Test CMAKE_HAVE_LIBC_PTHREAD - Success
[0.666s] -- Found Threads: TRUE  
[1.114s] -- Configuring done
[1.120s] -- Generating done
[1.122s] -- Build files have been written to: /home/kyo/ros2_ws/src/build/pose_to_tf
