[0.010s] Invoking command in '/home/kyo/ros2_ws/src/build/pose_to_tf': CMAKE_PREFIX_PATH=/opt/ros/humble /usr/bin/cmake --build /home/kyo/ros2_ws/src/build/pose_to_tf -- -j20 -l20
[0.034s] [35m[1mConsolidate compiler generated dependencies of target pose_to_tf[0m
[0.045s] [100%] Built target pose_to_tf
[0.052s] Invoked command in '/home/kyo/ros2_ws/src/build/pose_to_tf' returned '0': CMAKE_PREFIX_PATH=/opt/ros/humble /usr/bin/cmake --build /home/kyo/ros2_ws/src/build/pose_to_tf -- -j20 -l20
[0.072s] Invoking command in '/home/kyo/ros2_ws/src/build/pose_to_tf': CMAKE_PREFIX_PATH=/opt/ros/humble /usr/bin/cmake --install /home/kyo/ros2_ws/src/build/pose_to_tf
[0.076s] -- Install configuration: ""
[0.076s] -- Up-to-date: /home/kyo/ros2_ws/src/install/pose_to_tf/lib/pose_to_tf/pose_to_tf
[0.076s] -- Up-to-date: /home/kyo/ros2_ws/src/install/pose_to_tf/share/ament_index/resource_index/package_run_dependencies/pose_to_tf
[0.076s] -- Up-to-date: /home/kyo/ros2_ws/src/install/pose_to_tf/share/ament_index/resource_index/parent_prefix_path/pose_to_tf
[0.077s] -- Up-to-date: /home/kyo/ros2_ws/src/install/pose_to_tf/share/pose_to_tf/environment/ament_prefix_path.sh
[0.077s] -- Up-to-date: /home/kyo/ros2_ws/src/install/pose_to_tf/share/pose_to_tf/environment/ament_prefix_path.dsv
[0.077s] -- Up-to-date: /home/kyo/ros2_ws/src/install/pose_to_tf/share/pose_to_tf/environment/path.sh
[0.077s] -- Up-to-date: /home/kyo/ros2_ws/src/install/pose_to_tf/share/pose_to_tf/environment/path.dsv
[0.077s] -- Up-to-date: /home/kyo/ros2_ws/src/install/pose_to_tf/share/pose_to_tf/local_setup.bash
[0.077s] -- Up-to-date: /home/kyo/ros2_ws/src/install/pose_to_tf/share/pose_to_tf/local_setup.sh
[0.077s] -- Up-to-date: /home/kyo/ros2_ws/src/install/pose_to_tf/share/pose_to_tf/local_setup.zsh
[0.077s] -- Up-to-date: /home/kyo/ros2_ws/src/install/pose_to_tf/share/pose_to_tf/local_setup.dsv
[0.077s] -- Installing: /home/kyo/ros2_ws/src/install/pose_to_tf/share/pose_to_tf/package.dsv
[0.077s] -- Up-to-date: /home/kyo/ros2_ws/src/install/pose_to_tf/share/ament_index/resource_index/packages/pose_to_tf
[0.077s] -- Up-to-date: /home/kyo/ros2_ws/src/install/pose_to_tf/share/pose_to_tf/cmake/ament_cmake_export_dependencies-extras.cmake
[0.078s] -- Up-to-date: /home/kyo/ros2_ws/src/install/pose_to_tf/share/pose_to_tf/cmake/pose_to_tfConfig.cmake
[0.078s] -- Up-to-date: /home/kyo/ros2_ws/src/install/pose_to_tf/share/pose_to_tf/cmake/pose_to_tfConfig-version.cmake
[0.078s] -- Up-to-date: /home/kyo/ros2_ws/src/install/pose_to_tf/share/pose_to_tf/package.xml
[0.078s] Invoked command in '/home/kyo/ros2_ws/src/build/pose_to_tf' returned '0': CMAKE_PREFIX_PATH=/opt/ros/humble /usr/bin/cmake --install /home/kyo/ros2_ws/src/build/pose_to_tf
