[0.051s] DEBUG:colcon:Command line arguments: ['/usr/bin/colcon', 'build']
[0.051s] DEBUG:colcon:Parsed command line arguments: Namespace(log_base=None, log_level=None, verb_name='build', build_base='build', install_base='install', merge_install=False, symlink_install=False, test_result_base=None, continue_on_error=False, executor='parallel', parallel_workers=20, event_handlers=None, ignore_user_meta=False, metas=['./colcon.meta'], base_paths=['.'], packages_ignore=None, packages_ignore_regex=None, paths=None, packages_up_to=None, packages_up_to_regex=None, packages_above=None, packages_above_and_dependencies=None, packages_above_depth=None, packages_select_by_dep=None, packages_skip_by_dep=None, packages_skip_up_to=None, packages_select_build_failed=False, packages_skip_build_finished=False, packages_select_test_failures=False, packages_skip_test_passed=False, packages_select=None, packages_skip=None, packages_select_regex=None, packages_skip_regex=None, packages_start=None, packages_end=None, allow_overriding=[], cmake_args=None, cmake_target=None, cmake_target_skip_unavailable=False, cmake_clean_cache=False, cmake_clean_first=False, cmake_force_configure=False, ament_cmake_args=None, catkin_cmake_args=None, catkin_skip_building_tests=False, verb_parser=<colcon_defaults.argument_parser.defaults.DefaultArgumentsDecorator object at 0x7f07af3d09a0>, verb_extension=<colcon_core.verb.build.BuildVerb object at 0x7f07af3d03a0>, main=<bound method BuildVerb.main of <colcon_core.verb.build.BuildVerb object at 0x7f07af3d03a0>>)
[0.124s] Level 1:colcon.colcon_core.package_discovery:discover_packages(colcon_meta) check parameters
[0.124s] Level 1:colcon.colcon_core.package_discovery:discover_packages(recursive) check parameters
[0.124s] Level 1:colcon.colcon_core.package_discovery:discover_packages(ignore) check parameters
[0.124s] Level 1:colcon.colcon_core.package_discovery:discover_packages(path) check parameters
[0.124s] Level 1:colcon.colcon_core.package_discovery:discover_packages(colcon_meta) discover
[0.124s] Level 1:colcon.colcon_core.package_discovery:discover_packages(recursive) discover
[0.124s] INFO:colcon.colcon_core.package_discovery:Crawling recursively for packages in '/home/kyo/ros2_ws/src'
[0.124s] Level 1:colcon.colcon_core.package_identification:_identify(.) by extensions ['ignore', 'ignore_ament_install']
[0.124s] Level 1:colcon.colcon_core.package_identification:_identify(.) by extension 'ignore'
[0.124s] Level 1:colcon.colcon_core.package_identification:_identify(.) by extension 'ignore_ament_install'
[0.124s] Level 1:colcon.colcon_core.package_identification:_identify(.) by extensions ['colcon_pkg']
[0.124s] Level 1:colcon.colcon_core.package_identification:_identify(.) by extension 'colcon_pkg'
[0.124s] Level 1:colcon.colcon_core.package_identification:_identify(.) by extensions ['colcon_meta']
[0.124s] Level 1:colcon.colcon_core.package_identification:_identify(.) by extension 'colcon_meta'
[0.124s] Level 1:colcon.colcon_core.package_identification:_identify(.) by extensions ['ros']
[0.124s] Level 1:colcon.colcon_core.package_identification:_identify(.) by extension 'ros'
[0.133s] Level 1:colcon.colcon_core.package_identification:_identify(.) by extensions ['cmake', 'python']
[0.133s] Level 1:colcon.colcon_core.package_identification:_identify(.) by extension 'cmake'
[0.133s] Level 1:colcon.colcon_core.package_identification:_identify(.) by extension 'python'
[0.133s] Level 1:colcon.colcon_core.package_identification:_identify(.) by extensions ['python_setup_py']
[0.133s] Level 1:colcon.colcon_core.package_identification:_identify(.) by extension 'python_setup_py'
[0.133s] Level 1:colcon.colcon_core.package_identification:_identify(auv_control) by extensions ['ignore', 'ignore_ament_install']
[0.133s] Level 1:colcon.colcon_core.package_identification:_identify(auv_control) by extension 'ignore'
[0.133s] Level 1:colcon.colcon_core.package_identification:_identify(auv_control) by extension 'ignore_ament_install'
[0.133s] Level 1:colcon.colcon_core.package_identification:_identify(auv_control) by extensions ['colcon_pkg']
[0.133s] Level 1:colcon.colcon_core.package_identification:_identify(auv_control) by extension 'colcon_pkg'
[0.133s] Level 1:colcon.colcon_core.package_identification:_identify(auv_control) by extensions ['colcon_meta']
[0.133s] Level 1:colcon.colcon_core.package_identification:_identify(auv_control) by extension 'colcon_meta'
[0.133s] Level 1:colcon.colcon_core.package_identification:_identify(auv_control) by extensions ['ros']
[0.133s] Level 1:colcon.colcon_core.package_identification:_identify(auv_control) by extension 'ros'
[0.135s] DEBUG:colcon.colcon_core.package_identification:Package 'auv_control' with type 'ros.ament_cmake' and name 'auv_control'
[0.135s] Level 1:colcon.colcon_core.package_identification:_identify(bluerov2) by extensions ['ignore', 'ignore_ament_install']
[0.135s] Level 1:colcon.colcon_core.package_identification:_identify(bluerov2) by extension 'ignore'
[0.135s] Level 1:colcon.colcon_core.package_identification:_identify(bluerov2) by extension 'ignore_ament_install'
[0.135s] Level 1:colcon.colcon_core.package_identification:_identify(bluerov2) by extensions ['colcon_pkg']
[0.135s] Level 1:colcon.colcon_core.package_identification:_identify(bluerov2) by extension 'colcon_pkg'
[0.135s] Level 1:colcon.colcon_core.package_identification:_identify(bluerov2) by extensions ['colcon_meta']
[0.135s] Level 1:colcon.colcon_core.package_identification:_identify(bluerov2) by extension 'colcon_meta'
[0.135s] Level 1:colcon.colcon_core.package_identification:_identify(bluerov2) by extensions ['ros']
[0.135s] Level 1:colcon.colcon_core.package_identification:_identify(bluerov2) by extension 'ros'
[0.135s] Level 1:colcon.colcon_core.package_identification:_identify(bluerov2) by extensions ['cmake', 'python']
[0.135s] Level 1:colcon.colcon_core.package_identification:_identify(bluerov2) by extension 'cmake'
[0.135s] Level 1:colcon.colcon_core.package_identification:_identify(bluerov2) by extension 'python'
[0.135s] Level 1:colcon.colcon_core.package_identification:_identify(bluerov2) by extensions ['python_setup_py']
[0.135s] Level 1:colcon.colcon_core.package_identification:_identify(bluerov2) by extension 'python_setup_py'
[0.135s] Level 1:colcon.colcon_core.package_identification:_identify(bluerov2/bluerov2_control) by extensions ['ignore', 'ignore_ament_install']
[0.135s] Level 1:colcon.colcon_core.package_identification:_identify(bluerov2/bluerov2_control) by extension 'ignore'
[0.135s] Level 1:colcon.colcon_core.package_identification:_identify(bluerov2/bluerov2_control) by extension 'ignore_ament_install'
[0.135s] Level 1:colcon.colcon_core.package_identification:_identify(bluerov2/bluerov2_control) by extensions ['colcon_pkg']
[0.135s] Level 1:colcon.colcon_core.package_identification:_identify(bluerov2/bluerov2_control) by extension 'colcon_pkg'
[0.135s] Level 1:colcon.colcon_core.package_identification:_identify(bluerov2/bluerov2_control) by extensions ['colcon_meta']
[0.135s] Level 1:colcon.colcon_core.package_identification:_identify(bluerov2/bluerov2_control) by extension 'colcon_meta'
[0.135s] Level 1:colcon.colcon_core.package_identification:_identify(bluerov2/bluerov2_control) by extensions ['ros']
[0.135s] Level 1:colcon.colcon_core.package_identification:_identify(bluerov2/bluerov2_control) by extension 'ros'
[0.136s] DEBUG:colcon.colcon_core.package_identification:Package 'bluerov2/bluerov2_control' with type 'ros.ament_cmake' and name 'bluerov2_control'
[0.136s] Level 1:colcon.colcon_core.package_identification:_identify(bluerov2/bluerov2_description) by extensions ['ignore', 'ignore_ament_install']
[0.136s] Level 1:colcon.colcon_core.package_identification:_identify(bluerov2/bluerov2_description) by extension 'ignore'
[0.136s] Level 1:colcon.colcon_core.package_identification:_identify(bluerov2/bluerov2_description) by extension 'ignore_ament_install'
[0.136s] Level 1:colcon.colcon_core.package_identification:_identify(bluerov2/bluerov2_description) by extensions ['colcon_pkg']
[0.136s] Level 1:colcon.colcon_core.package_identification:_identify(bluerov2/bluerov2_description) by extension 'colcon_pkg'
[0.136s] Level 1:colcon.colcon_core.package_identification:_identify(bluerov2/bluerov2_description) by extensions ['colcon_meta']
[0.136s] Level 1:colcon.colcon_core.package_identification:_identify(bluerov2/bluerov2_description) by extension 'colcon_meta'
[0.136s] Level 1:colcon.colcon_core.package_identification:_identify(bluerov2/bluerov2_description) by extensions ['ros']
[0.136s] Level 1:colcon.colcon_core.package_identification:_identify(bluerov2/bluerov2_description) by extension 'ros'
[0.136s] DEBUG:colcon.colcon_core.package_identification:Package 'bluerov2/bluerov2_description' with type 'ros.ament_cmake' and name 'bluerov2_description'
[0.136s] Level 1:colcon.colcon_core.package_identification:_identify(build) by extensions ['ignore', 'ignore_ament_install']
[0.136s] Level 1:colcon.colcon_core.package_identification:_identify(build) by extension 'ignore'
[0.136s] Level 1:colcon.colcon_core.package_identification:_identify(build) ignored
[0.136s] Level 1:colcon.colcon_core.package_identification:_identify(install) by extensions ['ignore', 'ignore_ament_install']
[0.136s] Level 1:colcon.colcon_core.package_identification:_identify(install) by extension 'ignore'
[0.136s] Level 1:colcon.colcon_core.package_identification:_identify(install) ignored
[0.136s] Level 1:colcon.colcon_core.package_identification:_identify(log) by extensions ['ignore', 'ignore_ament_install']
[0.136s] Level 1:colcon.colcon_core.package_identification:_identify(log) by extension 'ignore'
[0.136s] Level 1:colcon.colcon_core.package_identification:_identify(log) ignored
[0.136s] Level 1:colcon.colcon_core.package_identification:_identify(pose_to_tf) by extensions ['ignore', 'ignore_ament_install']
[0.136s] Level 1:colcon.colcon_core.package_identification:_identify(pose_to_tf) by extension 'ignore'
[0.136s] Level 1:colcon.colcon_core.package_identification:_identify(pose_to_tf) by extension 'ignore_ament_install'
[0.136s] Level 1:colcon.colcon_core.package_identification:_identify(pose_to_tf) by extensions ['colcon_pkg']
[0.136s] Level 1:colcon.colcon_core.package_identification:_identify(pose_to_tf) by extension 'colcon_pkg'
[0.136s] Level 1:colcon.colcon_core.package_identification:_identify(pose_to_tf) by extensions ['colcon_meta']
[0.136s] Level 1:colcon.colcon_core.package_identification:_identify(pose_to_tf) by extension 'colcon_meta'
[0.136s] Level 1:colcon.colcon_core.package_identification:_identify(pose_to_tf) by extensions ['ros']
[0.136s] Level 1:colcon.colcon_core.package_identification:_identify(pose_to_tf) by extension 'ros'
[0.137s] DEBUG:colcon.colcon_core.package_identification:Package 'pose_to_tf' with type 'ros.ament_cmake' and name 'pose_to_tf'
[0.137s] Level 1:colcon.colcon_core.package_identification:_identify(thruster_manager) by extensions ['ignore', 'ignore_ament_install']
[0.137s] Level 1:colcon.colcon_core.package_identification:_identify(thruster_manager) by extension 'ignore'
[0.137s] Level 1:colcon.colcon_core.package_identification:_identify(thruster_manager) by extension 'ignore_ament_install'
[0.137s] Level 1:colcon.colcon_core.package_identification:_identify(thruster_manager) by extensions ['colcon_pkg']
[0.137s] Level 1:colcon.colcon_core.package_identification:_identify(thruster_manager) by extension 'colcon_pkg'
[0.137s] Level 1:colcon.colcon_core.package_identification:_identify(thruster_manager) by extensions ['colcon_meta']
[0.137s] Level 1:colcon.colcon_core.package_identification:_identify(thruster_manager) by extension 'colcon_meta'
[0.137s] Level 1:colcon.colcon_core.package_identification:_identify(thruster_manager) by extensions ['ros']
[0.137s] Level 1:colcon.colcon_core.package_identification:_identify(thruster_manager) by extension 'ros'
[0.137s] DEBUG:colcon.colcon_core.package_identification:Package 'thruster_manager' with type 'ros.ament_cmake' and name 'thruster_manager'
[0.137s] Level 1:colcon.colcon_core.package_discovery:discover_packages(recursive) using defaults
[0.137s] Level 1:colcon.colcon_core.package_discovery:discover_packages(ignore) discover
[0.137s] Level 1:colcon.colcon_core.package_discovery:discover_packages(ignore) using defaults
[0.137s] Level 1:colcon.colcon_core.package_discovery:discover_packages(path) discover
[0.137s] Level 1:colcon.colcon_core.package_discovery:discover_packages(path) using defaults
[0.152s] Level 1:colcon.colcon_core.package_discovery:discover_packages(prefix_path) check parameters
[0.152s] Level 1:colcon.colcon_core.package_discovery:discover_packages(prefix_path) discover
[0.153s] DEBUG:colcon.colcon_installed_package_information.package_discovery:Found 286 installed packages in /opt/ros/humble
[0.154s] Level 1:colcon.colcon_core.package_discovery:discover_packages(prefix_path) using defaults
[0.171s] Level 5:colcon.colcon_core.verb:set package 'bluerov2_description' build argument 'cmake_args' from command line to 'None'
[0.171s] Level 5:colcon.colcon_core.verb:set package 'bluerov2_description' build argument 'cmake_target' from command line to 'None'
[0.171s] Level 5:colcon.colcon_core.verb:set package 'bluerov2_description' build argument 'cmake_target_skip_unavailable' from command line to 'False'
[0.171s] Level 5:colcon.colcon_core.verb:set package 'bluerov2_description' build argument 'cmake_clean_cache' from command line to 'False'
[0.171s] Level 5:colcon.colcon_core.verb:set package 'bluerov2_description' build argument 'cmake_clean_first' from command line to 'False'
[0.171s] Level 5:colcon.colcon_core.verb:set package 'bluerov2_description' build argument 'cmake_force_configure' from command line to 'False'
[0.171s] Level 5:colcon.colcon_core.verb:set package 'bluerov2_description' build argument 'ament_cmake_args' from command line to 'None'
[0.171s] Level 5:colcon.colcon_core.verb:set package 'bluerov2_description' build argument 'catkin_cmake_args' from command line to 'None'
[0.171s] Level 5:colcon.colcon_core.verb:set package 'bluerov2_description' build argument 'catkin_skip_building_tests' from command line to 'False'
[0.171s] DEBUG:colcon.colcon_core.verb:Building package 'bluerov2_description' with the following arguments: {'ament_cmake_args': None, 'build_base': '/home/kyo/ros2_ws/src/build/bluerov2_description', 'catkin_cmake_args': None, 'catkin_skip_building_tests': False, 'cmake_args': None, 'cmake_clean_cache': False, 'cmake_clean_first': False, 'cmake_force_configure': False, 'cmake_target': None, 'cmake_target_skip_unavailable': False, 'install_base': '/home/kyo/ros2_ws/src/install/bluerov2_description', 'merge_install': False, 'path': '/home/kyo/ros2_ws/src/bluerov2/bluerov2_description', 'symlink_install': False, 'test_result_base': None}
[0.171s] Level 5:colcon.colcon_core.verb:set package 'pose_to_tf' build argument 'cmake_args' from command line to 'None'
[0.171s] Level 5:colcon.colcon_core.verb:set package 'pose_to_tf' build argument 'cmake_target' from command line to 'None'
[0.171s] Level 5:colcon.colcon_core.verb:set package 'pose_to_tf' build argument 'cmake_target_skip_unavailable' from command line to 'False'
[0.171s] Level 5:colcon.colcon_core.verb:set package 'pose_to_tf' build argument 'cmake_clean_cache' from command line to 'False'
[0.171s] Level 5:colcon.colcon_core.verb:set package 'pose_to_tf' build argument 'cmake_clean_first' from command line to 'False'
[0.171s] Level 5:colcon.colcon_core.verb:set package 'pose_to_tf' build argument 'cmake_force_configure' from command line to 'False'
[0.171s] Level 5:colcon.colcon_core.verb:set package 'pose_to_tf' build argument 'ament_cmake_args' from command line to 'None'
[0.171s] Level 5:colcon.colcon_core.verb:set package 'pose_to_tf' build argument 'catkin_cmake_args' from command line to 'None'
[0.171s] Level 5:colcon.colcon_core.verb:set package 'pose_to_tf' build argument 'catkin_skip_building_tests' from command line to 'False'
[0.171s] DEBUG:colcon.colcon_core.verb:Building package 'pose_to_tf' with the following arguments: {'ament_cmake_args': None, 'build_base': '/home/kyo/ros2_ws/src/build/pose_to_tf', 'catkin_cmake_args': None, 'catkin_skip_building_tests': False, 'cmake_args': None, 'cmake_clean_cache': False, 'cmake_clean_first': False, 'cmake_force_configure': False, 'cmake_target': None, 'cmake_target_skip_unavailable': False, 'install_base': '/home/kyo/ros2_ws/src/install/pose_to_tf', 'merge_install': False, 'path': '/home/kyo/ros2_ws/src/pose_to_tf', 'symlink_install': False, 'test_result_base': None}
[0.172s] Level 5:colcon.colcon_core.verb:set package 'thruster_manager' build argument 'cmake_args' from command line to 'None'
[0.172s] Level 5:colcon.colcon_core.verb:set package 'thruster_manager' build argument 'cmake_target' from command line to 'None'
[0.172s] Level 5:colcon.colcon_core.verb:set package 'thruster_manager' build argument 'cmake_target_skip_unavailable' from command line to 'False'
[0.172s] Level 5:colcon.colcon_core.verb:set package 'thruster_manager' build argument 'cmake_clean_cache' from command line to 'False'
[0.172s] Level 5:colcon.colcon_core.verb:set package 'thruster_manager' build argument 'cmake_clean_first' from command line to 'False'
[0.172s] Level 5:colcon.colcon_core.verb:set package 'thruster_manager' build argument 'cmake_force_configure' from command line to 'False'
[0.172s] Level 5:colcon.colcon_core.verb:set package 'thruster_manager' build argument 'ament_cmake_args' from command line to 'None'
[0.172s] Level 5:colcon.colcon_core.verb:set package 'thruster_manager' build argument 'catkin_cmake_args' from command line to 'None'
[0.172s] Level 5:colcon.colcon_core.verb:set package 'thruster_manager' build argument 'catkin_skip_building_tests' from command line to 'False'
[0.172s] DEBUG:colcon.colcon_core.verb:Building package 'thruster_manager' with the following arguments: {'ament_cmake_args': None, 'build_base': '/home/kyo/ros2_ws/src/build/thruster_manager', 'catkin_cmake_args': None, 'catkin_skip_building_tests': False, 'cmake_args': None, 'cmake_clean_cache': False, 'cmake_clean_first': False, 'cmake_force_configure': False, 'cmake_target': None, 'cmake_target_skip_unavailable': False, 'install_base': '/home/kyo/ros2_ws/src/install/thruster_manager', 'merge_install': False, 'path': '/home/kyo/ros2_ws/src/thruster_manager', 'symlink_install': False, 'test_result_base': None}
[0.172s] Level 5:colcon.colcon_core.verb:set package 'auv_control' build argument 'cmake_args' from command line to 'None'
[0.172s] Level 5:colcon.colcon_core.verb:set package 'auv_control' build argument 'cmake_target' from command line to 'None'
[0.172s] Level 5:colcon.colcon_core.verb:set package 'auv_control' build argument 'cmake_target_skip_unavailable' from command line to 'False'
[0.172s] Level 5:colcon.colcon_core.verb:set package 'auv_control' build argument 'cmake_clean_cache' from command line to 'False'
[0.172s] Level 5:colcon.colcon_core.verb:set package 'auv_control' build argument 'cmake_clean_first' from command line to 'False'
[0.172s] Level 5:colcon.colcon_core.verb:set package 'auv_control' build argument 'cmake_force_configure' from command line to 'False'
[0.172s] Level 5:colcon.colcon_core.verb:set package 'auv_control' build argument 'ament_cmake_args' from command line to 'None'
[0.172s] Level 5:colcon.colcon_core.verb:set package 'auv_control' build argument 'catkin_cmake_args' from command line to 'None'
[0.172s] Level 5:colcon.colcon_core.verb:set package 'auv_control' build argument 'catkin_skip_building_tests' from command line to 'False'
[0.172s] DEBUG:colcon.colcon_core.verb:Building package 'auv_control' with the following arguments: {'ament_cmake_args': None, 'build_base': '/home/kyo/ros2_ws/src/build/auv_control', 'catkin_cmake_args': None, 'catkin_skip_building_tests': False, 'cmake_args': None, 'cmake_clean_cache': False, 'cmake_clean_first': False, 'cmake_force_configure': False, 'cmake_target': None, 'cmake_target_skip_unavailable': False, 'install_base': '/home/kyo/ros2_ws/src/install/auv_control', 'merge_install': False, 'path': '/home/kyo/ros2_ws/src/auv_control', 'symlink_install': False, 'test_result_base': None}
[0.172s] Level 5:colcon.colcon_core.verb:set package 'bluerov2_control' build argument 'cmake_args' from command line to 'None'
[0.172s] Level 5:colcon.colcon_core.verb:set package 'bluerov2_control' build argument 'cmake_target' from command line to 'None'
[0.172s] Level 5:colcon.colcon_core.verb:set package 'bluerov2_control' build argument 'cmake_target_skip_unavailable' from command line to 'False'
[0.172s] Level 5:colcon.colcon_core.verb:set package 'bluerov2_control' build argument 'cmake_clean_cache' from command line to 'False'
[0.172s] Level 5:colcon.colcon_core.verb:set package 'bluerov2_control' build argument 'cmake_clean_first' from command line to 'False'
[0.172s] Level 5:colcon.colcon_core.verb:set package 'bluerov2_control' build argument 'cmake_force_configure' from command line to 'False'
[0.172s] Level 5:colcon.colcon_core.verb:set package 'bluerov2_control' build argument 'ament_cmake_args' from command line to 'None'
[0.172s] Level 5:colcon.colcon_core.verb:set package 'bluerov2_control' build argument 'catkin_cmake_args' from command line to 'None'
[0.172s] Level 5:colcon.colcon_core.verb:set package 'bluerov2_control' build argument 'catkin_skip_building_tests' from command line to 'False'
[0.172s] DEBUG:colcon.colcon_core.verb:Building package 'bluerov2_control' with the following arguments: {'ament_cmake_args': None, 'build_base': '/home/kyo/ros2_ws/src/build/bluerov2_control', 'catkin_cmake_args': None, 'catkin_skip_building_tests': False, 'cmake_args': None, 'cmake_clean_cache': False, 'cmake_clean_first': False, 'cmake_force_configure': False, 'cmake_target': None, 'cmake_target_skip_unavailable': False, 'install_base': '/home/kyo/ros2_ws/src/install/bluerov2_control', 'merge_install': False, 'path': '/home/kyo/ros2_ws/src/bluerov2/bluerov2_control', 'symlink_install': False, 'test_result_base': None}
[0.172s] INFO:colcon.colcon_core.executor:Executing jobs using 'parallel' executor
[0.173s] DEBUG:colcon.colcon_parallel_executor.executor.parallel:run_until_complete
[0.173s] INFO:colcon.colcon_ros.task.ament_cmake.build:Building ROS package in '/home/kyo/ros2_ws/src/thruster_manager' with build type 'ament_cmake'
[0.173s] INFO:colcon.colcon_cmake.task.cmake.build:Building CMake package in '/home/kyo/ros2_ws/src/thruster_manager'
[0.174s] INFO:colcon.colcon_core.plugin_system:Skipping extension 'colcon_core.shell.bat': Not used on non-Windows systems
[0.174s] INFO:colcon.colcon_core.shell:Skip shell extension 'powershell' for command environment: Not usable outside of PowerShell
[0.174s] DEBUG:colcon.colcon_core.shell:Skip shell extension 'dsv' for command environment
[0.176s] INFO:colcon.colcon_ros.task.ament_cmake.build:Building ROS package in '/home/kyo/ros2_ws/src/bluerov2/bluerov2_description' with build type 'ament_cmake'
[0.176s] INFO:colcon.colcon_cmake.task.cmake.build:Building CMake package in '/home/kyo/ros2_ws/src/bluerov2/bluerov2_description'
[0.176s] INFO:colcon.colcon_core.shell:Skip shell extension 'powershell' for command environment: Not usable outside of PowerShell
[0.176s] DEBUG:colcon.colcon_core.shell:Skip shell extension 'dsv' for command environment
[0.178s] INFO:colcon.colcon_ros.task.ament_cmake.build:Building ROS package in '/home/kyo/ros2_ws/src/pose_to_tf' with build type 'ament_cmake'
[0.178s] INFO:colcon.colcon_cmake.task.cmake.build:Building CMake package in '/home/kyo/ros2_ws/src/pose_to_tf'
[0.178s] INFO:colcon.colcon_core.shell:Skip shell extension 'powershell' for command environment: Not usable outside of PowerShell
[0.178s] DEBUG:colcon.colcon_core.shell:Skip shell extension 'dsv' for command environment
[0.182s] DEBUG:colcon.colcon_core.event_handler.log_command:Invoking command in '/home/kyo/ros2_ws/src/build/thruster_manager': CMAKE_PREFIX_PATH=/opt/ros/humble /usr/bin/cmake --build /home/kyo/ros2_ws/src/build/thruster_manager -- -j20 -l20
[0.184s] DEBUG:colcon.colcon_core.event_handler.log_command:Invoking command in '/home/kyo/ros2_ws/src/build/bluerov2_description': CMAKE_PREFIX_PATH=/opt/ros/humble /usr/bin/cmake --build /home/kyo/ros2_ws/src/build/bluerov2_description -- -j20 -l20
[0.188s] DEBUG:colcon.colcon_core.event_handler.log_command:Invoking command in '/home/kyo/ros2_ws/src/build/pose_to_tf': CMAKE_PREFIX_PATH=/opt/ros/humble /usr/bin/cmake --build /home/kyo/ros2_ws/src/build/pose_to_tf -- -j20 -l20
[0.203s] DEBUG:colcon.colcon_core.event_handler.log_command:Invoked command in '/home/kyo/ros2_ws/src/build/bluerov2_description' returned '0': CMAKE_PREFIX_PATH=/opt/ros/humble /usr/bin/cmake --build /home/kyo/ros2_ws/src/build/bluerov2_description -- -j20 -l20
[0.223s] DEBUG:colcon.colcon_core.event_handler.log_command:Invoking command in '/home/kyo/ros2_ws/src/build/bluerov2_description': CMAKE_PREFIX_PATH=/opt/ros/humble /usr/bin/cmake --install /home/kyo/ros2_ws/src/build/bluerov2_description
[0.230s] DEBUG:colcon.colcon_core.event_handler.log_command:Invoked command in '/home/kyo/ros2_ws/src/build/pose_to_tf' returned '0': CMAKE_PREFIX_PATH=/opt/ros/humble /usr/bin/cmake --build /home/kyo/ros2_ws/src/build/pose_to_tf -- -j20 -l20
[0.241s] DEBUG:colcon.colcon_core.event_handler.log_command:Invoked command in '/home/kyo/ros2_ws/src/build/thruster_manager' returned '0': CMAKE_PREFIX_PATH=/opt/ros/humble /usr/bin/cmake --build /home/kyo/ros2_ws/src/build/thruster_manager -- -j20 -l20
[0.242s] DEBUG:colcon.colcon_core.event_handler.log_command:Invoking command in '/home/kyo/ros2_ws/src/build/pose_to_tf': CMAKE_PREFIX_PATH=/opt/ros/humble /usr/bin/cmake --install /home/kyo/ros2_ws/src/build/pose_to_tf
[0.247s] Level 1:colcon.colcon_core.environment:create_environment_scripts_only(pose_to_tf)
[0.248s] DEBUG:colcon.colcon_core.event_handler.log_command:Invoked command in '/home/kyo/ros2_ws/src/build/pose_to_tf' returned '0': CMAKE_PREFIX_PATH=/opt/ros/humble /usr/bin/cmake --install /home/kyo/ros2_ws/src/build/pose_to_tf
[0.249s] Level 1:colcon.colcon_core.environment:checking '/home/kyo/ros2_ws/src/install/pose_to_tf' for CMake module files
[0.249s] Level 1:colcon.colcon_core.environment:checking '/home/kyo/ros2_ws/src/install/pose_to_tf' for CMake config files
[0.249s] Level 1:colcon.colcon_core.shell:create_environment_hook('pose_to_tf', 'cmake_prefix_path')
[0.249s] INFO:colcon.colcon_core.shell:Creating environment hook '/home/kyo/ros2_ws/src/install/pose_to_tf/share/pose_to_tf/hook/cmake_prefix_path.ps1'
[0.250s] INFO:colcon.colcon_core.shell:Creating environment descriptor '/home/kyo/ros2_ws/src/install/pose_to_tf/share/pose_to_tf/hook/cmake_prefix_path.dsv'
[0.250s] INFO:colcon.colcon_core.shell:Creating environment hook '/home/kyo/ros2_ws/src/install/pose_to_tf/share/pose_to_tf/hook/cmake_prefix_path.sh'
[0.250s] Level 1:colcon.colcon_core.environment:checking '/home/kyo/ros2_ws/src/install/pose_to_tf/lib'
[0.251s] Level 1:colcon.colcon_core.environment:checking '/home/kyo/ros2_ws/src/install/pose_to_tf/bin'
[0.251s] Level 1:colcon.colcon_core.environment:checking '/home/kyo/ros2_ws/src/install/pose_to_tf/lib/pkgconfig/pose_to_tf.pc'
[0.251s] Level 1:colcon.colcon_core.environment:checking '/home/kyo/ros2_ws/src/install/pose_to_tf/lib/python3.10/site-packages'
[0.251s] Level 1:colcon.colcon_core.environment:checking '/home/kyo/ros2_ws/src/install/pose_to_tf/bin'
[0.251s] INFO:colcon.colcon_core.shell:Creating package script '/home/kyo/ros2_ws/src/install/pose_to_tf/share/pose_to_tf/package.ps1'
[0.251s] INFO:colcon.colcon_core.shell:Creating package descriptor '/home/kyo/ros2_ws/src/install/pose_to_tf/share/pose_to_tf/package.dsv'
[0.252s] INFO:colcon.colcon_core.shell:Creating package script '/home/kyo/ros2_ws/src/install/pose_to_tf/share/pose_to_tf/package.sh'
[0.252s] INFO:colcon.colcon_core.shell:Creating package script '/home/kyo/ros2_ws/src/install/pose_to_tf/share/pose_to_tf/package.bash'
[0.252s] INFO:colcon.colcon_core.shell:Creating package script '/home/kyo/ros2_ws/src/install/pose_to_tf/share/pose_to_tf/package.zsh'
[0.253s] Level 1:colcon.colcon_core.environment:create_file_with_runtime_dependencies(/home/kyo/ros2_ws/src/install/pose_to_tf/share/colcon-core/packages/pose_to_tf)
[0.257s] Level 1:colcon.colcon_core.environment:create_environment_scripts_only(bluerov2_description)
[0.258s] Level 1:colcon.colcon_core.environment:checking '/home/kyo/ros2_ws/src/install/bluerov2_description' for CMake module files
[0.258s] DEBUG:colcon.colcon_core.event_handler.log_command:Invoking command in '/home/kyo/ros2_ws/src/build/thruster_manager': CMAKE_PREFIX_PATH=/opt/ros/humble /usr/bin/cmake --install /home/kyo/ros2_ws/src/build/thruster_manager
[0.258s] DEBUG:colcon.colcon_core.event_handler.log_command:Invoked command in '/home/kyo/ros2_ws/src/build/bluerov2_description' returned '0': CMAKE_PREFIX_PATH=/opt/ros/humble /usr/bin/cmake --install /home/kyo/ros2_ws/src/build/bluerov2_description
[0.258s] Level 1:colcon.colcon_core.environment:checking '/home/kyo/ros2_ws/src/install/bluerov2_description' for CMake config files
[0.258s] Level 1:colcon.colcon_core.shell:create_environment_hook('bluerov2_description', 'cmake_prefix_path')
[0.259s] INFO:colcon.colcon_core.shell:Creating environment hook '/home/kyo/ros2_ws/src/install/bluerov2_description/share/bluerov2_description/hook/cmake_prefix_path.ps1'
[0.259s] INFO:colcon.colcon_core.shell:Creating environment descriptor '/home/kyo/ros2_ws/src/install/bluerov2_description/share/bluerov2_description/hook/cmake_prefix_path.dsv'
[0.259s] INFO:colcon.colcon_core.shell:Creating environment hook '/home/kyo/ros2_ws/src/install/bluerov2_description/share/bluerov2_description/hook/cmake_prefix_path.sh'
[0.259s] Level 1:colcon.colcon_core.environment:checking '/home/kyo/ros2_ws/src/install/bluerov2_description/bin'
[0.259s] Level 1:colcon.colcon_core.environment:checking '/home/kyo/ros2_ws/src/install/bluerov2_description/lib/pkgconfig/bluerov2_description.pc'
[0.259s] Level 1:colcon.colcon_core.environment:checking '/home/kyo/ros2_ws/src/install/bluerov2_description/lib/python3.10/site-packages'
[0.260s] Level 1:colcon.colcon_core.environment:checking '/home/kyo/ros2_ws/src/install/bluerov2_description/bin'
[0.260s] INFO:colcon.colcon_core.shell:Creating package script '/home/kyo/ros2_ws/src/install/bluerov2_description/share/bluerov2_description/package.ps1'
[0.260s] INFO:colcon.colcon_core.shell:Creating package descriptor '/home/kyo/ros2_ws/src/install/bluerov2_description/share/bluerov2_description/package.dsv'
[0.261s] INFO:colcon.colcon_core.shell:Creating package script '/home/kyo/ros2_ws/src/install/bluerov2_description/share/bluerov2_description/package.sh'
[0.262s] INFO:colcon.colcon_core.shell:Creating package script '/home/kyo/ros2_ws/src/install/bluerov2_description/share/bluerov2_description/package.bash'
[0.262s] INFO:colcon.colcon_core.shell:Creating package script '/home/kyo/ros2_ws/src/install/bluerov2_description/share/bluerov2_description/package.zsh'
[0.262s] Level 1:colcon.colcon_core.environment:create_file_with_runtime_dependencies(/home/kyo/ros2_ws/src/install/bluerov2_description/share/colcon-core/packages/bluerov2_description)
[0.264s] Level 1:colcon.colcon_core.environment:create_environment_scripts_only(thruster_manager)
[0.264s] Level 1:colcon.colcon_core.environment:checking '/home/kyo/ros2_ws/src/install/thruster_manager' for CMake module files
[0.265s] Level 1:colcon.colcon_core.environment:checking '/home/kyo/ros2_ws/src/install/thruster_manager' for CMake config files
[0.266s] DEBUG:colcon.colcon_core.event_handler.log_command:Invoked command in '/home/kyo/ros2_ws/src/build/thruster_manager' returned '0': CMAKE_PREFIX_PATH=/opt/ros/humble /usr/bin/cmake --install /home/kyo/ros2_ws/src/build/thruster_manager
[0.266s] Level 1:colcon.colcon_core.shell:create_environment_hook('thruster_manager', 'cmake_prefix_path')
[0.266s] INFO:colcon.colcon_core.shell:Creating environment hook '/home/kyo/ros2_ws/src/install/thruster_manager/share/thruster_manager/hook/cmake_prefix_path.ps1'
[0.266s] INFO:colcon.colcon_core.shell:Creating environment descriptor '/home/kyo/ros2_ws/src/install/thruster_manager/share/thruster_manager/hook/cmake_prefix_path.dsv'
[0.266s] INFO:colcon.colcon_core.shell:Creating environment hook '/home/kyo/ros2_ws/src/install/thruster_manager/share/thruster_manager/hook/cmake_prefix_path.sh'
[0.267s] Level 1:colcon.colcon_core.environment:checking '/home/kyo/ros2_ws/src/install/thruster_manager/lib'
[0.267s] Level 1:colcon.colcon_core.shell:create_environment_hook('thruster_manager', 'ld_library_path_lib')
[0.267s] INFO:colcon.colcon_core.shell:Creating environment hook '/home/kyo/ros2_ws/src/install/thruster_manager/share/thruster_manager/hook/ld_library_path_lib.ps1'
[0.267s] INFO:colcon.colcon_core.shell:Creating environment descriptor '/home/kyo/ros2_ws/src/install/thruster_manager/share/thruster_manager/hook/ld_library_path_lib.dsv'
[0.267s] INFO:colcon.colcon_core.shell:Creating environment hook '/home/kyo/ros2_ws/src/install/thruster_manager/share/thruster_manager/hook/ld_library_path_lib.sh'
[0.267s] Level 1:colcon.colcon_core.environment:checking '/home/kyo/ros2_ws/src/install/thruster_manager/bin'
[0.267s] Level 1:colcon.colcon_core.environment:checking '/home/kyo/ros2_ws/src/install/thruster_manager/lib/pkgconfig/thruster_manager.pc'
[0.268s] Level 1:colcon.colcon_core.environment:checking '/home/kyo/ros2_ws/src/install/thruster_manager/lib/python3.10/site-packages'
[0.268s] Level 1:colcon.colcon_core.environment:checking '/home/kyo/ros2_ws/src/install/thruster_manager/bin'
[0.268s] INFO:colcon.colcon_core.shell:Creating package script '/home/kyo/ros2_ws/src/install/thruster_manager/share/thruster_manager/package.ps1'
[0.268s] INFO:colcon.colcon_core.shell:Creating package descriptor '/home/kyo/ros2_ws/src/install/thruster_manager/share/thruster_manager/package.dsv'
[0.268s] INFO:colcon.colcon_core.shell:Creating package script '/home/kyo/ros2_ws/src/install/thruster_manager/share/thruster_manager/package.sh'
[0.269s] INFO:colcon.colcon_core.shell:Creating package script '/home/kyo/ros2_ws/src/install/thruster_manager/share/thruster_manager/package.bash'
[0.269s] INFO:colcon.colcon_core.shell:Creating package script '/home/kyo/ros2_ws/src/install/thruster_manager/share/thruster_manager/package.zsh'
[0.269s] Level 1:colcon.colcon_core.environment:create_file_with_runtime_dependencies(/home/kyo/ros2_ws/src/install/thruster_manager/share/colcon-core/packages/thruster_manager)
[0.270s] Level 1:colcon.colcon_core.environment:create_environment_scripts_only(pose_to_tf)
[0.270s] Level 1:colcon.colcon_core.environment:checking '/home/kyo/ros2_ws/src/install/pose_to_tf' for CMake module files
[0.270s] Level 1:colcon.colcon_core.environment:checking '/home/kyo/ros2_ws/src/install/pose_to_tf' for CMake config files
[0.270s] Level 1:colcon.colcon_core.shell:create_environment_hook('pose_to_tf', 'cmake_prefix_path')
[0.270s] INFO:colcon.colcon_core.shell:Creating environment hook '/home/kyo/ros2_ws/src/install/pose_to_tf/share/pose_to_tf/hook/cmake_prefix_path.ps1'
[0.270s] INFO:colcon.colcon_core.shell:Creating environment descriptor '/home/kyo/ros2_ws/src/install/pose_to_tf/share/pose_to_tf/hook/cmake_prefix_path.dsv'
[0.271s] INFO:colcon.colcon_core.shell:Creating environment hook '/home/kyo/ros2_ws/src/install/pose_to_tf/share/pose_to_tf/hook/cmake_prefix_path.sh'
[0.271s] Level 1:colcon.colcon_core.environment:checking '/home/kyo/ros2_ws/src/install/pose_to_tf/lib'
[0.271s] Level 1:colcon.colcon_core.environment:checking '/home/kyo/ros2_ws/src/install/pose_to_tf/bin'
[0.271s] Level 1:colcon.colcon_core.environment:checking '/home/kyo/ros2_ws/src/install/pose_to_tf/lib/pkgconfig/pose_to_tf.pc'
[0.271s] Level 1:colcon.colcon_core.environment:checking '/home/kyo/ros2_ws/src/install/pose_to_tf/lib/python3.10/site-packages'
[0.271s] Level 1:colcon.colcon_core.environment:checking '/home/kyo/ros2_ws/src/install/pose_to_tf/bin'
[0.271s] INFO:colcon.colcon_core.shell:Creating package script '/home/kyo/ros2_ws/src/install/pose_to_tf/share/pose_to_tf/package.ps1'
[0.272s] INFO:colcon.colcon_core.shell:Creating package descriptor '/home/kyo/ros2_ws/src/install/pose_to_tf/share/pose_to_tf/package.dsv'
[0.272s] INFO:colcon.colcon_core.shell:Creating package script '/home/kyo/ros2_ws/src/install/pose_to_tf/share/pose_to_tf/package.sh'
[0.272s] INFO:colcon.colcon_core.shell:Creating package script '/home/kyo/ros2_ws/src/install/pose_to_tf/share/pose_to_tf/package.bash'
[0.272s] INFO:colcon.colcon_core.shell:Creating package script '/home/kyo/ros2_ws/src/install/pose_to_tf/share/pose_to_tf/package.zsh'
[0.272s] Level 1:colcon.colcon_core.environment:create_file_with_runtime_dependencies(/home/kyo/ros2_ws/src/install/pose_to_tf/share/colcon-core/packages/pose_to_tf)
[0.273s] Level 1:colcon.colcon_core.environment:create_environment_scripts_only(bluerov2_description)
[0.273s] Level 1:colcon.colcon_core.environment:checking '/home/kyo/ros2_ws/src/install/bluerov2_description' for CMake module files
[0.273s] Level 1:colcon.colcon_core.environment:checking '/home/kyo/ros2_ws/src/install/bluerov2_description' for CMake config files
[0.274s] Level 1:colcon.colcon_core.shell:create_environment_hook('bluerov2_description', 'cmake_prefix_path')
[0.274s] INFO:colcon.colcon_core.shell:Creating environment hook '/home/kyo/ros2_ws/src/install/bluerov2_description/share/bluerov2_description/hook/cmake_prefix_path.ps1'
[0.274s] INFO:colcon.colcon_core.shell:Creating environment descriptor '/home/kyo/ros2_ws/src/install/bluerov2_description/share/bluerov2_description/hook/cmake_prefix_path.dsv'
[0.274s] INFO:colcon.colcon_core.shell:Creating environment hook '/home/kyo/ros2_ws/src/install/bluerov2_description/share/bluerov2_description/hook/cmake_prefix_path.sh'
[0.274s] Level 1:colcon.colcon_core.environment:checking '/home/kyo/ros2_ws/src/install/bluerov2_description/bin'
[0.274s] Level 1:colcon.colcon_core.environment:checking '/home/kyo/ros2_ws/src/install/bluerov2_description/lib/pkgconfig/bluerov2_description.pc'
[0.275s] Level 1:colcon.colcon_core.environment:checking '/home/kyo/ros2_ws/src/install/bluerov2_description/lib/python3.10/site-packages'
[0.275s] Level 1:colcon.colcon_core.environment:checking '/home/kyo/ros2_ws/src/install/bluerov2_description/bin'
[0.275s] INFO:colcon.colcon_core.shell:Creating package script '/home/kyo/ros2_ws/src/install/bluerov2_description/share/bluerov2_description/package.ps1'
[0.275s] INFO:colcon.colcon_core.shell:Creating package descriptor '/home/kyo/ros2_ws/src/install/bluerov2_description/share/bluerov2_description/package.dsv'
[0.275s] INFO:colcon.colcon_core.shell:Creating package script '/home/kyo/ros2_ws/src/install/bluerov2_description/share/bluerov2_description/package.sh'
[0.275s] INFO:colcon.colcon_core.shell:Creating package script '/home/kyo/ros2_ws/src/install/bluerov2_description/share/bluerov2_description/package.bash'
[0.276s] INFO:colcon.colcon_core.shell:Creating package script '/home/kyo/ros2_ws/src/install/bluerov2_description/share/bluerov2_description/package.zsh'
[0.276s] Level 1:colcon.colcon_core.environment:create_file_with_runtime_dependencies(/home/kyo/ros2_ws/src/install/bluerov2_description/share/colcon-core/packages/bluerov2_description)
[0.283s] Level 1:colcon.colcon_core.environment:create_environment_scripts_only(thruster_manager)
[0.283s] Level 1:colcon.colcon_core.environment:checking '/home/kyo/ros2_ws/src/install/thruster_manager' for CMake module files
[0.283s] Level 1:colcon.colcon_core.environment:checking '/home/kyo/ros2_ws/src/install/thruster_manager' for CMake config files
[0.283s] Level 1:colcon.colcon_core.shell:create_environment_hook('thruster_manager', 'cmake_prefix_path')
[0.283s] INFO:colcon.colcon_core.shell:Creating environment hook '/home/kyo/ros2_ws/src/install/thruster_manager/share/thruster_manager/hook/cmake_prefix_path.ps1'
[0.284s] INFO:colcon.colcon_core.shell:Creating environment descriptor '/home/kyo/ros2_ws/src/install/thruster_manager/share/thruster_manager/hook/cmake_prefix_path.dsv'
[0.284s] INFO:colcon.colcon_core.shell:Creating environment hook '/home/kyo/ros2_ws/src/install/thruster_manager/share/thruster_manager/hook/cmake_prefix_path.sh'
[0.284s] Level 1:colcon.colcon_core.environment:checking '/home/kyo/ros2_ws/src/install/thruster_manager/lib'
[0.284s] Level 1:colcon.colcon_core.shell:create_environment_hook('thruster_manager', 'ld_library_path_lib')
[0.284s] INFO:colcon.colcon_core.shell:Creating environment hook '/home/kyo/ros2_ws/src/install/thruster_manager/share/thruster_manager/hook/ld_library_path_lib.ps1'
[0.284s] INFO:colcon.colcon_core.shell:Creating environment descriptor '/home/kyo/ros2_ws/src/install/thruster_manager/share/thruster_manager/hook/ld_library_path_lib.dsv'
[0.285s] INFO:colcon.colcon_core.shell:Creating environment hook '/home/kyo/ros2_ws/src/install/thruster_manager/share/thruster_manager/hook/ld_library_path_lib.sh'
[0.285s] Level 1:colcon.colcon_core.environment:checking '/home/kyo/ros2_ws/src/install/thruster_manager/bin'
[0.285s] Level 1:colcon.colcon_core.environment:checking '/home/kyo/ros2_ws/src/install/thruster_manager/lib/pkgconfig/thruster_manager.pc'
[0.285s] Level 1:colcon.colcon_core.environment:checking '/home/kyo/ros2_ws/src/install/thruster_manager/lib/python3.10/site-packages'
[0.285s] Level 1:colcon.colcon_core.environment:checking '/home/kyo/ros2_ws/src/install/thruster_manager/bin'
[0.285s] INFO:colcon.colcon_core.shell:Creating package script '/home/kyo/ros2_ws/src/install/thruster_manager/share/thruster_manager/package.ps1'
[0.285s] INFO:colcon.colcon_core.shell:Creating package descriptor '/home/kyo/ros2_ws/src/install/thruster_manager/share/thruster_manager/package.dsv'
[0.286s] INFO:colcon.colcon_core.shell:Creating package script '/home/kyo/ros2_ws/src/install/thruster_manager/share/thruster_manager/package.sh'
[0.286s] INFO:colcon.colcon_core.shell:Creating package script '/home/kyo/ros2_ws/src/install/thruster_manager/share/thruster_manager/package.bash'
[0.286s] INFO:colcon.colcon_core.shell:Creating package script '/home/kyo/ros2_ws/src/install/thruster_manager/share/thruster_manager/package.zsh'
[0.286s] Level 1:colcon.colcon_core.environment:create_file_with_runtime_dependencies(/home/kyo/ros2_ws/src/install/thruster_manager/share/colcon-core/packages/thruster_manager)
[0.286s] INFO:colcon.colcon_ros.task.ament_cmake.build:Building ROS package in '/home/kyo/ros2_ws/src/auv_control' with build type 'ament_cmake'
[0.286s] INFO:colcon.colcon_cmake.task.cmake.build:Building CMake package in '/home/kyo/ros2_ws/src/auv_control'
[0.287s] INFO:colcon.colcon_core.shell:Skip shell extension 'powershell' for command environment: Not usable outside of PowerShell
[0.287s] DEBUG:colcon.colcon_core.shell:Skip shell extension 'dsv' for command environment
[0.292s] DEBUG:colcon.colcon_core.event_handler.log_command:Invoking command in '/home/kyo/ros2_ws/src/build/auv_control': AMENT_PREFIX_PATH=/home/kyo/ros2_ws/src/install/thruster_manager:${AMENT_PREFIX_PATH} CMAKE_PREFIX_PATH=/home/kyo/ros2_ws/src/install/thruster_manager:/opt/ros/humble LD_LIBRARY_PATH=/home/kyo/ros2_ws/src/install/thruster_manager/lib:${LD_LIBRARY_PATH} /usr/bin/cmake --build /home/kyo/ros2_ws/src/build/auv_control -- -j20 -l20
[0.490s] DEBUG:colcon.colcon_core.event_handler.log_command:Invoked command in '/home/kyo/ros2_ws/src/build/auv_control' returned '0': AMENT_PREFIX_PATH=/home/kyo/ros2_ws/src/install/thruster_manager:${AMENT_PREFIX_PATH} CMAKE_PREFIX_PATH=/home/kyo/ros2_ws/src/install/thruster_manager:/opt/ros/humble LD_LIBRARY_PATH=/home/kyo/ros2_ws/src/install/thruster_manager/lib:${LD_LIBRARY_PATH} /usr/bin/cmake --build /home/kyo/ros2_ws/src/build/auv_control -- -j20 -l20
[0.519s] DEBUG:colcon.colcon_core.event_handler.log_command:Invoking command in '/home/kyo/ros2_ws/src/build/auv_control': AMENT_PREFIX_PATH=/home/kyo/ros2_ws/src/install/thruster_manager:${AMENT_PREFIX_PATH} CMAKE_PREFIX_PATH=/home/kyo/ros2_ws/src/install/thruster_manager:/opt/ros/humble LD_LIBRARY_PATH=/home/kyo/ros2_ws/src/install/thruster_manager/lib:${LD_LIBRARY_PATH} /usr/bin/cmake --install /home/kyo/ros2_ws/src/build/auv_control
[0.549s] Level 1:colcon.colcon_core.environment:create_environment_scripts_only(auv_control)
[0.549s] DEBUG:colcon.colcon_core.event_handler.log_command:Invoked command in '/home/kyo/ros2_ws/src/build/auv_control' returned '0': AMENT_PREFIX_PATH=/home/kyo/ros2_ws/src/install/thruster_manager:${AMENT_PREFIX_PATH} CMAKE_PREFIX_PATH=/home/kyo/ros2_ws/src/install/thruster_manager:/opt/ros/humble LD_LIBRARY_PATH=/home/kyo/ros2_ws/src/install/thruster_manager/lib:${LD_LIBRARY_PATH} /usr/bin/cmake --install /home/kyo/ros2_ws/src/build/auv_control
[0.549s] Level 1:colcon.colcon_core.environment:checking '/home/kyo/ros2_ws/src/install/auv_control' for CMake module files
[0.550s] Level 1:colcon.colcon_core.environment:checking '/home/kyo/ros2_ws/src/install/auv_control' for CMake config files
[0.550s] Level 1:colcon.colcon_core.shell:create_environment_hook('auv_control', 'cmake_prefix_path')
[0.550s] INFO:colcon.colcon_core.shell:Creating environment hook '/home/kyo/ros2_ws/src/install/auv_control/share/auv_control/hook/cmake_prefix_path.ps1'
[0.550s] INFO:colcon.colcon_core.shell:Creating environment descriptor '/home/kyo/ros2_ws/src/install/auv_control/share/auv_control/hook/cmake_prefix_path.dsv'
[0.550s] INFO:colcon.colcon_core.shell:Creating environment hook '/home/kyo/ros2_ws/src/install/auv_control/share/auv_control/hook/cmake_prefix_path.sh'
[0.550s] Level 1:colcon.colcon_core.environment:checking '/home/kyo/ros2_ws/src/install/auv_control/lib'
[0.550s] Level 1:colcon.colcon_core.shell:create_environment_hook('auv_control', 'ld_library_path_lib')
[0.551s] INFO:colcon.colcon_core.shell:Creating environment hook '/home/kyo/ros2_ws/src/install/auv_control/share/auv_control/hook/ld_library_path_lib.ps1'
[0.551s] INFO:colcon.colcon_core.shell:Creating environment descriptor '/home/kyo/ros2_ws/src/install/auv_control/share/auv_control/hook/ld_library_path_lib.dsv'
[0.551s] INFO:colcon.colcon_core.shell:Creating environment hook '/home/kyo/ros2_ws/src/install/auv_control/share/auv_control/hook/ld_library_path_lib.sh'
[0.551s] Level 1:colcon.colcon_core.environment:checking '/home/kyo/ros2_ws/src/install/auv_control/bin'
[0.551s] Level 1:colcon.colcon_core.environment:checking '/home/kyo/ros2_ws/src/install/auv_control/lib/pkgconfig/auv_control.pc'
[0.551s] Level 1:colcon.colcon_core.environment:checking '/home/kyo/ros2_ws/src/install/auv_control/lib/python3.10/site-packages'
[0.551s] Level 1:colcon.colcon_core.environment:checking '/home/kyo/ros2_ws/src/install/auv_control/bin'
[0.551s] INFO:colcon.colcon_core.shell:Creating package script '/home/kyo/ros2_ws/src/install/auv_control/share/auv_control/package.ps1'
[0.552s] INFO:colcon.colcon_core.shell:Creating package descriptor '/home/kyo/ros2_ws/src/install/auv_control/share/auv_control/package.dsv'
[0.552s] INFO:colcon.colcon_core.shell:Creating package script '/home/kyo/ros2_ws/src/install/auv_control/share/auv_control/package.sh'
[0.552s] INFO:colcon.colcon_core.shell:Creating package script '/home/kyo/ros2_ws/src/install/auv_control/share/auv_control/package.bash'
[0.552s] INFO:colcon.colcon_core.shell:Creating package script '/home/kyo/ros2_ws/src/install/auv_control/share/auv_control/package.zsh'
[0.552s] Level 1:colcon.colcon_core.environment:create_file_with_runtime_dependencies(/home/kyo/ros2_ws/src/install/auv_control/share/colcon-core/packages/auv_control)
[0.584s] Level 1:colcon.colcon_core.environment:create_environment_scripts_only(auv_control)
[0.584s] Level 1:colcon.colcon_core.environment:checking '/home/kyo/ros2_ws/src/install/auv_control' for CMake module files
[0.584s] Level 1:colcon.colcon_core.environment:checking '/home/kyo/ros2_ws/src/install/auv_control' for CMake config files
[0.584s] Level 1:colcon.colcon_core.shell:create_environment_hook('auv_control', 'cmake_prefix_path')
[0.585s] INFO:colcon.colcon_core.shell:Creating environment hook '/home/kyo/ros2_ws/src/install/auv_control/share/auv_control/hook/cmake_prefix_path.ps1'
[0.585s] INFO:colcon.colcon_core.shell:Creating environment descriptor '/home/kyo/ros2_ws/src/install/auv_control/share/auv_control/hook/cmake_prefix_path.dsv'
[0.585s] INFO:colcon.colcon_core.shell:Creating environment hook '/home/kyo/ros2_ws/src/install/auv_control/share/auv_control/hook/cmake_prefix_path.sh'
[0.585s] Level 1:colcon.colcon_core.environment:checking '/home/kyo/ros2_ws/src/install/auv_control/lib'
[0.585s] Level 1:colcon.colcon_core.shell:create_environment_hook('auv_control', 'ld_library_path_lib')
[0.585s] INFO:colcon.colcon_core.shell:Creating environment hook '/home/kyo/ros2_ws/src/install/auv_control/share/auv_control/hook/ld_library_path_lib.ps1'
[0.586s] INFO:colcon.colcon_core.shell:Creating environment descriptor '/home/kyo/ros2_ws/src/install/auv_control/share/auv_control/hook/ld_library_path_lib.dsv'
[0.586s] INFO:colcon.colcon_core.shell:Creating environment hook '/home/kyo/ros2_ws/src/install/auv_control/share/auv_control/hook/ld_library_path_lib.sh'
[0.586s] Level 1:colcon.colcon_core.environment:checking '/home/kyo/ros2_ws/src/install/auv_control/bin'
[0.586s] Level 1:colcon.colcon_core.environment:checking '/home/kyo/ros2_ws/src/install/auv_control/lib/pkgconfig/auv_control.pc'
[0.586s] Level 1:colcon.colcon_core.environment:checking '/home/kyo/ros2_ws/src/install/auv_control/lib/python3.10/site-packages'
[0.586s] Level 1:colcon.colcon_core.environment:checking '/home/kyo/ros2_ws/src/install/auv_control/bin'
[0.587s] INFO:colcon.colcon_core.shell:Creating package script '/home/kyo/ros2_ws/src/install/auv_control/share/auv_control/package.ps1'
[0.587s] INFO:colcon.colcon_core.shell:Creating package descriptor '/home/kyo/ros2_ws/src/install/auv_control/share/auv_control/package.dsv'
[0.587s] INFO:colcon.colcon_core.shell:Creating package script '/home/kyo/ros2_ws/src/install/auv_control/share/auv_control/package.sh'
[0.587s] INFO:colcon.colcon_core.shell:Creating package script '/home/kyo/ros2_ws/src/install/auv_control/share/auv_control/package.bash'
[0.587s] INFO:colcon.colcon_core.shell:Creating package script '/home/kyo/ros2_ws/src/install/auv_control/share/auv_control/package.zsh'
[0.588s] Level 1:colcon.colcon_core.environment:create_file_with_runtime_dependencies(/home/kyo/ros2_ws/src/install/auv_control/share/colcon-core/packages/auv_control)
[0.588s] INFO:colcon.colcon_ros.task.ament_cmake.build:Building ROS package in '/home/kyo/ros2_ws/src/bluerov2/bluerov2_control' with build type 'ament_cmake'
[0.588s] INFO:colcon.colcon_cmake.task.cmake.build:Building CMake package in '/home/kyo/ros2_ws/src/bluerov2/bluerov2_control'
[0.588s] INFO:colcon.colcon_core.shell:Skip shell extension 'powershell' for command environment: Not usable outside of PowerShell
[0.588s] DEBUG:colcon.colcon_core.shell:Skip shell extension 'dsv' for command environment
[0.595s] DEBUG:colcon.colcon_core.event_handler.log_command:Invoking command in '/home/kyo/ros2_ws/src/build/bluerov2_control': AMENT_PREFIX_PATH=/home/kyo/ros2_ws/src/install/auv_control:/home/kyo/ros2_ws/src/install/thruster_manager:${AMENT_PREFIX_PATH} CMAKE_PREFIX_PATH=/home/kyo/ros2_ws/src/install/auv_control:/home/kyo/ros2_ws/src/install/thruster_manager:/opt/ros/humble LD_LIBRARY_PATH=/home/kyo/ros2_ws/src/install/auv_control/lib:/home/kyo/ros2_ws/src/install/thruster_manager/lib:${LD_LIBRARY_PATH} PYTHONPATH=/home/kyo/ros2_ws/src/install/auv_control/local/lib/python3.10/dist-packages:${PYTHONPATH} /usr/bin/cmake /home/kyo/ros2_ws/src/bluerov2/bluerov2_control -DCMAKE_INSTALL_PREFIX=/home/kyo/ros2_ws/src/install/bluerov2_control
[0.712s] DEBUG:colcon.colcon_core.event_handler.log_command:Invoked command in '/home/kyo/ros2_ws/src/build/bluerov2_control' returned '0': AMENT_PREFIX_PATH=/home/kyo/ros2_ws/src/install/auv_control:/home/kyo/ros2_ws/src/install/thruster_manager:${AMENT_PREFIX_PATH} CMAKE_PREFIX_PATH=/home/kyo/ros2_ws/src/install/auv_control:/home/kyo/ros2_ws/src/install/thruster_manager:/opt/ros/humble LD_LIBRARY_PATH=/home/kyo/ros2_ws/src/install/auv_control/lib:/home/kyo/ros2_ws/src/install/thruster_manager/lib:${LD_LIBRARY_PATH} PYTHONPATH=/home/kyo/ros2_ws/src/install/auv_control/local/lib/python3.10/dist-packages:${PYTHONPATH} /usr/bin/cmake /home/kyo/ros2_ws/src/bluerov2/bluerov2_control -DCMAKE_INSTALL_PREFIX=/home/kyo/ros2_ws/src/install/bluerov2_control
[0.712s] DEBUG:colcon.colcon_core.event_handler.log_command:Invoking command in '/home/kyo/ros2_ws/src/build/bluerov2_control': AMENT_PREFIX_PATH=/home/kyo/ros2_ws/src/install/auv_control:/home/kyo/ros2_ws/src/install/thruster_manager:${AMENT_PREFIX_PATH} CMAKE_PREFIX_PATH=/home/kyo/ros2_ws/src/install/auv_control:/home/kyo/ros2_ws/src/install/thruster_manager:/opt/ros/humble LD_LIBRARY_PATH=/home/kyo/ros2_ws/src/install/auv_control/lib:/home/kyo/ros2_ws/src/install/thruster_manager/lib:${LD_LIBRARY_PATH} PYTHONPATH=/home/kyo/ros2_ws/src/install/auv_control/local/lib/python3.10/dist-packages:${PYTHONPATH} /usr/bin/cmake --build /home/kyo/ros2_ws/src/build/bluerov2_control -- -j20 -l20
[0.733s] DEBUG:colcon.colcon_core.event_handler.log_command:Invoked command in '/home/kyo/ros2_ws/src/build/bluerov2_control' returned '0': AMENT_PREFIX_PATH=/home/kyo/ros2_ws/src/install/auv_control:/home/kyo/ros2_ws/src/install/thruster_manager:${AMENT_PREFIX_PATH} CMAKE_PREFIX_PATH=/home/kyo/ros2_ws/src/install/auv_control:/home/kyo/ros2_ws/src/install/thruster_manager:/opt/ros/humble LD_LIBRARY_PATH=/home/kyo/ros2_ws/src/install/auv_control/lib:/home/kyo/ros2_ws/src/install/thruster_manager/lib:${LD_LIBRARY_PATH} PYTHONPATH=/home/kyo/ros2_ws/src/install/auv_control/local/lib/python3.10/dist-packages:${PYTHONPATH} /usr/bin/cmake --build /home/kyo/ros2_ws/src/build/bluerov2_control -- -j20 -l20
[0.742s] DEBUG:colcon.colcon_core.event_handler.log_command:Invoking command in '/home/kyo/ros2_ws/src/build/bluerov2_control': AMENT_PREFIX_PATH=/home/kyo/ros2_ws/src/install/auv_control:/home/kyo/ros2_ws/src/install/thruster_manager:${AMENT_PREFIX_PATH} CMAKE_PREFIX_PATH=/home/kyo/ros2_ws/src/install/auv_control:/home/kyo/ros2_ws/src/install/thruster_manager:/opt/ros/humble LD_LIBRARY_PATH=/home/kyo/ros2_ws/src/install/auv_control/lib:/home/kyo/ros2_ws/src/install/thruster_manager/lib:${LD_LIBRARY_PATH} PYTHONPATH=/home/kyo/ros2_ws/src/install/auv_control/local/lib/python3.10/dist-packages:${PYTHONPATH} /usr/bin/cmake --install /home/kyo/ros2_ws/src/build/bluerov2_control
[0.747s] Level 1:colcon.colcon_core.environment:create_environment_scripts_only(bluerov2_control)
[0.747s] Level 1:colcon.colcon_core.environment:checking '/home/kyo/ros2_ws/src/install/bluerov2_control' for CMake module files
[0.748s] DEBUG:colcon.colcon_core.event_handler.log_command:Invoked command in '/home/kyo/ros2_ws/src/build/bluerov2_control' returned '0': AMENT_PREFIX_PATH=/home/kyo/ros2_ws/src/install/auv_control:/home/kyo/ros2_ws/src/install/thruster_manager:${AMENT_PREFIX_PATH} CMAKE_PREFIX_PATH=/home/kyo/ros2_ws/src/install/auv_control:/home/kyo/ros2_ws/src/install/thruster_manager:/opt/ros/humble LD_LIBRARY_PATH=/home/kyo/ros2_ws/src/install/auv_control/lib:/home/kyo/ros2_ws/src/install/thruster_manager/lib:${LD_LIBRARY_PATH} PYTHONPATH=/home/kyo/ros2_ws/src/install/auv_control/local/lib/python3.10/dist-packages:${PYTHONPATH} /usr/bin/cmake --install /home/kyo/ros2_ws/src/build/bluerov2_control
[0.748s] Level 1:colcon.colcon_core.environment:checking '/home/kyo/ros2_ws/src/install/bluerov2_control' for CMake config files
[0.748s] Level 1:colcon.colcon_core.shell:create_environment_hook('bluerov2_control', 'cmake_prefix_path')
[0.748s] INFO:colcon.colcon_core.shell:Creating environment hook '/home/kyo/ros2_ws/src/install/bluerov2_control/share/bluerov2_control/hook/cmake_prefix_path.ps1'
[0.748s] INFO:colcon.colcon_core.shell:Creating environment descriptor '/home/kyo/ros2_ws/src/install/bluerov2_control/share/bluerov2_control/hook/cmake_prefix_path.dsv'
[0.748s] INFO:colcon.colcon_core.shell:Creating environment hook '/home/kyo/ros2_ws/src/install/bluerov2_control/share/bluerov2_control/hook/cmake_prefix_path.sh'
[0.749s] Level 1:colcon.colcon_core.environment:checking '/home/kyo/ros2_ws/src/install/bluerov2_control/bin'
[0.749s] Level 1:colcon.colcon_core.environment:checking '/home/kyo/ros2_ws/src/install/bluerov2_control/lib/pkgconfig/bluerov2_control.pc'
[0.749s] Level 1:colcon.colcon_core.environment:checking '/home/kyo/ros2_ws/src/install/bluerov2_control/lib/python3.10/site-packages'
[0.749s] Level 1:colcon.colcon_core.environment:checking '/home/kyo/ros2_ws/src/install/bluerov2_control/bin'
[0.749s] INFO:colcon.colcon_core.shell:Creating package script '/home/kyo/ros2_ws/src/install/bluerov2_control/share/bluerov2_control/package.ps1'
[0.749s] INFO:colcon.colcon_core.shell:Creating package descriptor '/home/kyo/ros2_ws/src/install/bluerov2_control/share/bluerov2_control/package.dsv'
[0.749s] INFO:colcon.colcon_core.shell:Creating package script '/home/kyo/ros2_ws/src/install/bluerov2_control/share/bluerov2_control/package.sh'
[0.750s] INFO:colcon.colcon_core.shell:Creating package script '/home/kyo/ros2_ws/src/install/bluerov2_control/share/bluerov2_control/package.bash'
[0.750s] INFO:colcon.colcon_core.shell:Creating package script '/home/kyo/ros2_ws/src/install/bluerov2_control/share/bluerov2_control/package.zsh'
[0.750s] Level 1:colcon.colcon_core.environment:create_file_with_runtime_dependencies(/home/kyo/ros2_ws/src/install/bluerov2_control/share/colcon-core/packages/bluerov2_control)
[0.760s] Level 1:colcon.colcon_core.environment:create_environment_scripts_only(bluerov2_control)
[0.760s] Level 1:colcon.colcon_core.environment:checking '/home/kyo/ros2_ws/src/install/bluerov2_control' for CMake module files
[0.761s] Level 1:colcon.colcon_core.environment:checking '/home/kyo/ros2_ws/src/install/bluerov2_control' for CMake config files
[0.761s] Level 1:colcon.colcon_core.shell:create_environment_hook('bluerov2_control', 'cmake_prefix_path')
[0.761s] INFO:colcon.colcon_core.shell:Creating environment hook '/home/kyo/ros2_ws/src/install/bluerov2_control/share/bluerov2_control/hook/cmake_prefix_path.ps1'
[0.761s] INFO:colcon.colcon_core.shell:Creating environment descriptor '/home/kyo/ros2_ws/src/install/bluerov2_control/share/bluerov2_control/hook/cmake_prefix_path.dsv'
[0.761s] INFO:colcon.colcon_core.shell:Creating environment hook '/home/kyo/ros2_ws/src/install/bluerov2_control/share/bluerov2_control/hook/cmake_prefix_path.sh'
[0.762s] Level 1:colcon.colcon_core.environment:checking '/home/kyo/ros2_ws/src/install/bluerov2_control/bin'
[0.762s] Level 1:colcon.colcon_core.environment:checking '/home/kyo/ros2_ws/src/install/bluerov2_control/lib/pkgconfig/bluerov2_control.pc'
[0.762s] Level 1:colcon.colcon_core.environment:checking '/home/kyo/ros2_ws/src/install/bluerov2_control/lib/python3.10/site-packages'
[0.762s] Level 1:colcon.colcon_core.environment:checking '/home/kyo/ros2_ws/src/install/bluerov2_control/bin'
[0.762s] INFO:colcon.colcon_core.shell:Creating package script '/home/kyo/ros2_ws/src/install/bluerov2_control/share/bluerov2_control/package.ps1'
[0.763s] INFO:colcon.colcon_core.shell:Creating package descriptor '/home/kyo/ros2_ws/src/install/bluerov2_control/share/bluerov2_control/package.dsv'
[0.763s] INFO:colcon.colcon_core.shell:Creating package script '/home/kyo/ros2_ws/src/install/bluerov2_control/share/bluerov2_control/package.sh'
[0.763s] INFO:colcon.colcon_core.shell:Creating package script '/home/kyo/ros2_ws/src/install/bluerov2_control/share/bluerov2_control/package.bash'
[0.763s] INFO:colcon.colcon_core.shell:Creating package script '/home/kyo/ros2_ws/src/install/bluerov2_control/share/bluerov2_control/package.zsh'
[0.764s] Level 1:colcon.colcon_core.environment:create_file_with_runtime_dependencies(/home/kyo/ros2_ws/src/install/bluerov2_control/share/colcon-core/packages/bluerov2_control)
[0.764s] DEBUG:colcon.colcon_parallel_executor.executor.parallel:closing loop
[0.764s] DEBUG:colcon.colcon_parallel_executor.executor.parallel:loop closed
[0.764s] DEBUG:colcon.colcon_parallel_executor.executor.parallel:run_until_complete finished with '0'
[0.764s] DEBUG:colcon.colcon_core.event_reactor:joining thread
[0.771s] INFO:colcon.colcon_core.plugin_system:Skipping extension 'colcon_notification.desktop_notification.terminal_notifier': Not used on non-Darwin systems
[0.771s] INFO:colcon.colcon_core.plugin_system:Skipping extension 'colcon_notification.desktop_notification.win32': Not used on non-Windows systems
[0.771s] INFO:colcon.colcon_notification.desktop_notification:Sending desktop notification using 'notify2'
[0.783s] DEBUG:colcon.colcon_core.event_reactor:joined thread
[0.783s] INFO:colcon.colcon_core.shell:Creating prefix script '/home/kyo/ros2_ws/src/install/local_setup.ps1'
[0.784s] INFO:colcon.colcon_core.shell:Creating prefix util module '/home/kyo/ros2_ws/src/install/_local_setup_util_ps1.py'
[0.784s] INFO:colcon.colcon_core.shell:Creating prefix chain script '/home/kyo/ros2_ws/src/install/setup.ps1'
[0.785s] INFO:colcon.colcon_core.shell:Creating prefix script '/home/kyo/ros2_ws/src/install/local_setup.sh'
[0.785s] INFO:colcon.colcon_core.shell:Creating prefix util module '/home/kyo/ros2_ws/src/install/_local_setup_util_sh.py'
[0.785s] INFO:colcon.colcon_core.shell:Creating prefix chain script '/home/kyo/ros2_ws/src/install/setup.sh'
[0.786s] INFO:colcon.colcon_core.shell:Creating prefix script '/home/kyo/ros2_ws/src/install/local_setup.bash'
[0.786s] INFO:colcon.colcon_core.shell:Creating prefix chain script '/home/kyo/ros2_ws/src/install/setup.bash'
[0.787s] INFO:colcon.colcon_core.shell:Creating prefix script '/home/kyo/ros2_ws/src/install/local_setup.zsh'
[0.787s] INFO:colcon.colcon_core.shell:Creating prefix chain script '/home/kyo/ros2_ws/src/install/setup.zsh'
