[0.006s] Invoking command in '/home/kyo/ros2_ws/src/build/auv_control': CMAKE_PREFIX_PATH=/opt/ros/humble /usr/bin/cmake /home/kyo/ros2_ws/src/auv_control -DCMAKE_INSTALL_PREFIX=/home/kyo/ros2_ws/src/install/auv_control
[0.063s] -- The C compiler identification is GNU 11.4.0
[0.110s] -- The CXX compiler identification is GNU 11.4.0
[0.116s] -- Detecting C compiler ABI info
[0.157s] -- Detecting C compiler ABI info - done
[0.163s] -- Check for working C compiler: /usr/bin/cc - skipped
[0.163s] -- Detecting C compile features
[0.163s] -- Detecting C compile features - done
[0.165s] -- Detecting CXX compiler ABI info
[0.207s] -- Detecting CXX compiler ABI info - done
[0.212s] -- Check for working CXX compiler: /usr/bin/c++ - skipped
[0.212s] -- Detecting CXX compile features
[0.213s] -- Detecting CXX compile features - done
[0.213s] -- Found ament_cmake: 1.3.8 (/opt/ros/humble/share/ament_cmake/cmake)
[0.305s] -- Found Python3: /usr/bin/python3 (found version "3.10.12") found components: Interpreter 
[0.355s] -- Found rclcpp: 16.0.8 (/opt/ros/humble/share/rclcpp/cmake)
[0.379s] -- Found rosidl_generator_c: 3.1.5 (/opt/ros/humble/share/rosidl_generator_c/cmake)
[0.382s] -- Found rosidl_adapter: 3.1.5 (/opt/ros/humble/share/rosidl_adapter/cmake)
[0.387s] -- Found rosidl_generator_cpp: 3.1.5 (/opt/ros/humble/share/rosidl_generator_cpp/cmake)
[0.395s] -- Using all available rosidl_typesupport_c: rosidl_typesupport_fastrtps_c;rosidl_typesupport_introspection_c
[0.406s] -- Using all available rosidl_typesupport_cpp: rosidl_typesupport_fastrtps_cpp;rosidl_typesupport_introspection_cpp
[0.447s] -- Found rmw_implementation_cmake: 6.1.1 (/opt/ros/humble/share/rmw_implementation_cmake/cmake)
[0.448s] -- Found rmw_fastrtps_cpp: 6.2.6 (/opt/ros/humble/share/rmw_fastrtps_cpp/cmake)
[0.508s] -- Found OpenSSL: /usr/lib/x86_64-linux-gnu/libcrypto.so (found version "3.0.2")  
[0.525s] -- Found FastRTPS: /opt/ros/humble/include  
[0.554s] -- Using RMW implementation 'rmw_fastrtps_cpp' as default
[0.560s] -- Looking for pthread.h
[0.603s] -- Looking for pthread.h - found
[0.603s] -- Performing Test CMAKE_HAVE_LIBC_PTHREAD
[0.643s] -- Performing Test CMAKE_HAVE_LIBC_PTHREAD - Success
[0.644s] -- Found Threads: TRUE  
[0.741s] -- Found geometry_msgs: 4.2.3 (/opt/ros/humble/share/geometry_msgs/cmake)
[0.768s] -- Found sensor_msgs: 4.2.3 (/opt/ros/humble/share/sensor_msgs/cmake)
[0.821s] -- Found nav_msgs: 4.2.3 (/opt/ros/humble/share/nav_msgs/cmake)
[0.874s] -- Found tf2_ros: 0.25.6 (/opt/ros/humble/share/tf2_ros/cmake)
[1.089s] -- Found urdf: 2.6.0 (/opt/ros/humble/share/urdf/cmake)
[1.109s] [31mCMake Error at CMakeLists.txt:16 (find_package):
[1.109s]   By not providing "Findthruster_manager.cmake" in CMAKE_MODULE_PATH this
[1.109s]   project has asked CMake to find a package configuration file provided by
[1.109s]   "thruster_manager", but CMake did not find one.
[1.109s] 
[1.109s]   Could not find a package configuration file provided by "thruster_manager"
[1.110s]   with any of the following names:
[1.110s] 
[1.110s]     thruster_managerConfig.cmake
[1.110s]     thruster_manager-config.cmake
[1.110s] 
[1.110s]   Add the installation prefix of "thruster_manager" to CMAKE_PREFIX_PATH or
[1.110s]   set "thruster_manager_DIR" to a directory containing one of the above
[1.110s]   files.  If "thruster_manager" provides a separate development package or
[1.110s]   SDK, be sure it has been installed.
[1.110s] 
[1.110s] [0m
[1.110s] -- Configuring incomplete, errors occurred!
[1.110s] See also "/home/kyo/ros2_ws/src/build/auv_control/CMakeFiles/CMakeOutput.log".
[1.115s] Invoked command in '/home/kyo/ros2_ws/src/build/auv_control' returned '1': CMAKE_PREFIX_PATH=/opt/ros/humble /usr/bin/cmake /home/kyo/ros2_ws/src/auv_control -DCMAKE_INSTALL_PREFIX=/home/kyo/ros2_ws/src/install/auv_control
