[0.009s] Invoking command in '/home/kyo/ros2_ws/src/build/bluerov2_control': /usr/bin/cmake /home/kyo/ros2_ws/src/bluerov2/bluerov2_control -DCMAKE_INSTALL_PREFIX=/home/kyo/ros2_ws/src/install/bluerov2_control
[0.047s] -- The C compiler identification is GNU 11.4.0
[0.085s] -- The CXX compiler identification is GNU 11.4.0
[0.090s] -- Detecting C compiler ABI info
[0.134s] -- Detecting C compiler ABI info - done
[0.140s] -- Check for working C compiler: /usr/bin/cc - skipped
[0.140s] -- Detecting C compile features
[0.141s] -- Detecting C compile features - done
[0.144s] -- Detecting CXX compiler ABI info
[0.200s] -- Detecting CXX compiler ABI info - done
[0.208s] -- Check for working CXX compiler: /usr/bin/c++ - skipped
[0.208s] -- Detecting CXX compile features
[0.209s] -- Detecting CXX compile features - done
[0.210s] -- Found ament_cmake: 1.3.8 (/opt/ros/humble/share/ament_cmake/cmake)
[0.343s] -- Found Python3: /usr/bin/python3 (found version "3.10.12") found components: Interpreter 
[0.447s] Error parsing '/home/kyo/ros2_ws/src/bluerov2/bluerov2_control/package.xml':
[0.477s] Traceback (most recent call last):
[0.477s]   File "/opt/ros/humble/share/ament_cmake_core/cmake/core/package_xml_2_cmake.py", line 150, in <module>
[0.477s]     main()
[0.477s]   File "/opt/ros/humble/share/ament_cmake_core/cmake/core/package_xml_2_cmake.py", line 53, in main
[0.477s]     raise e
[0.477s]   File "/opt/ros/humble/share/ament_cmake_core/cmake/core/package_xml_2_cmake.py", line 49, in main
[0.477s]     package = parse_package_string(
[0.477s]   File "/usr/lib/python3/dist-packages/catkin_pkg/package.py", line 786, in parse_package_string
[0.477s]     raise InvalidPackage('Error(s):%s' % (''.join(['\n- %s' % e for e in errors])), filename)
[0.477s] catkin_pkg.package.InvalidPackage: Error(s) in package '/home/kyo/ros2_ws/src/bluerov2/bluerov2_control/package.xml':
[0.477s] Error(s):
[0.477s] - The manifest of package "bluerov2_control" (with format version 3) must not contain the following tags: run_depend
[0.478s] - Please replace <run_depend> tags with <exec_depend> tags.
[0.488s] [31mCMake Error at /opt/ros/humble/share/ament_cmake_core/cmake/core/ament_package_xml.cmake:95 (message):
[0.488s]   execute_process(/usr/bin/python3
[0.488s]   /opt/ros/humble/share/ament_cmake_core/cmake/core/package_xml_2_cmake.py
[0.489s]   /home/kyo/ros2_ws/src/bluerov2/bluerov2_control/package.xml
[0.489s]   /home/kyo/ros2_ws/src/build/bluerov2_control/ament_cmake_core/package.cmake)
[0.489s]   returned error code 1
[0.489s] Call Stack (most recent call first):
[0.489s]   /opt/ros/humble/share/ament_cmake_core/cmake/core/ament_package_xml.cmake:49 (_ament_package_xml)
[0.489s]   /opt/ros/humble/share/ament_cmake_core/cmake/core/ament_package.cmake:63 (ament_package_xml)
[0.489s]   CMakeLists.txt:9 (ament_package)
[0.489s] 
[0.489s] [0m
[0.489s] -- Configuring incomplete, errors occurred!
[0.490s] See also "/home/kyo/ros2_ws/src/build/bluerov2_control/CMakeFiles/CMakeOutput.log".
[0.491s] Invoked command in '/home/kyo/ros2_ws/src/build/bluerov2_control' returned '1': /usr/bin/cmake /home/kyo/ros2_ws/src/bluerov2/bluerov2_control -DCMAKE_INSTALL_PREFIX=/home/kyo/ros2_ws/src/install/bluerov2_control
